{"/Users/mc2/Projects/rezend-form/packages/core/src/index.ts": {"path":"/Users/mc2/Projects/rezend-form/packages/core/src/index.ts","all":false,"statementMap":{"0":{"start":{"line":1,"column":0},"end":{"line":1,"column":3}},"1":{"start":{"line":2,"column":0},"end":{"line":2,"column":24}},"2":{"start":{"line":3,"column":0},"end":{"line":3,"column":62}},"3":{"start":{"line":4,"column":0},"end":{"line":4,"column":89}},"4":{"start":{"line":5,"column":0},"end":{"line":5,"column":3}},"5":{"start":{"line":6,"column":0},"end":{"line":6,"column":0}},"6":{"start":{"line":7,"column":0},"end":{"line":7,"column":52}},"7":{"start":{"line":8,"column":0},"end":{"line":8,"column":29}},"8":{"start":{"line":9,"column":0},"end":{"line":9,"column":0}},"9":{"start":{"line":10,"column":0},"end":{"line":10,"column":55}},"10":{"start":{"line":11,"column":0},"end":{"line":11,"column":0}},"11":{"start":{"line":12,"column":0},"end":{"line":12,"column":3}},"12":{"start":{"line":13,"column":0},"end":{"line":13,"column":69}},"13":{"start":{"line":14,"column":0},"end":{"line":14,"column":3}},"14":{"start":{"line":15,"column":0},"end":{"line":15,"column":31}},"15":{"start":{"line":16,"column":0},"end":{"line":16,"column":0}},"16":{"start":{"line":17,"column":0},"end":{"line":17,"column":3}},"17":{"start":{"line":18,"column":0},"end":{"line":18,"column":45}},"18":{"start":{"line":19,"column":0},"end":{"line":19,"column":3}},"19":{"start":{"line":20,"column":0},"end":{"line":20,"column":35}},"20":{"start":{"line":21,"column":0},"end":{"line":21,"column":55}},"21":{"start":{"line":22,"column":0},"end":{"line":22,"column":14}},"22":{"start":{"line":23,"column":0},"end":{"line":23,"column":64}},"23":{"start":{"line":24,"column":0},"end":{"line":24,"column":19}},"24":{"start":{"line":25,"column":0},"end":{"line":25,"column":1}},"25":{"start":{"line":26,"column":0},"end":{"line":26,"column":0}},"26":{"start":{"line":27,"column":0},"end":{"line":27,"column":3}},"27":{"start":{"line":28,"column":0},"end":{"line":28,"column":58}},"28":{"start":{"line":29,"column":0},"end":{"line":29,"column":3}},"29":{"start":{"line":30,"column":0},"end":{"line":30,"column":25}},"30":{"start":{"line":31,"column":0},"end":{"line":31,"column":17}},"31":{"start":{"line":32,"column":0},"end":{"line":32,"column":18}},"32":{"start":{"line":33,"column":0},"end":{"line":33,"column":20}},"33":{"start":{"line":34,"column":0},"end":{"line":34,"column":50}},"34":{"start":{"line":35,"column":0},"end":{"line":35,"column":0}},"35":{"start":{"line":36,"column":0},"end":{"line":36,"column":3}},"36":{"start":{"line":37,"column":0},"end":{"line":37,"column":60}},"37":{"start":{"line":38,"column":0},"end":{"line":38,"column":3}},"38":{"start":{"line":39,"column":0},"end":{"line":39,"column":27}},"39":{"start":{"line":40,"column":0},"end":{"line":40,"column":69}},"40":{"start":{"line":41,"column":0},"end":{"line":41,"column":39}},"41":{"start":{"line":42,"column":0},"end":{"line":42,"column":81}},"42":{"start":{"line":43,"column":0},"end":{"line":43,"column":37}},"43":{"start":{"line":44,"column":0},"end":{"line":44,"column":75}},"44":{"start":{"line":45,"column":0},"end":{"line":45,"column":43}},"45":{"start":{"line":46,"column":0},"end":{"line":46,"column":1}},"46":{"start":{"line":47,"column":0},"end":{"line":47,"column":0}},"47":{"start":{"line":48,"column":0},"end":{"line":48,"column":54}},"48":{"start":{"line":49,"column":0},"end":{"line":49,"column":34}},"49":{"start":{"line":50,"column":0},"end":{"line":50,"column":54}},"50":{"start":{"line":51,"column":0},"end":{"line":51,"column":39}},"51":{"start":{"line":52,"column":0},"end":{"line":52,"column":34}},"52":{"start":{"line":53,"column":0},"end":{"line":53,"column":23}},"53":{"start":{"line":54,"column":0},"end":{"line":54,"column":54}},"54":{"start":{"line":55,"column":0},"end":{"line":55,"column":25}},"55":{"start":{"line":56,"column":0},"end":{"line":56,"column":37}},"56":{"start":{"line":57,"column":0},"end":{"line":57,"column":17}},"57":{"start":{"line":58,"column":0},"end":{"line":58,"column":1}},"58":{"start":{"line":59,"column":0},"end":{"line":59,"column":0}},"59":{"start":{"line":60,"column":0},"end":{"line":60,"column":3}},"60":{"start":{"line":61,"column":0},"end":{"line":61,"column":46}},"61":{"start":{"line":62,"column":0},"end":{"line":62,"column":3}},"62":{"start":{"line":63,"column":0},"end":{"line":63,"column":25}},"63":{"start":{"line":64,"column":0},"end":{"line":64,"column":56}},"64":{"start":{"line":65,"column":0},"end":{"line":65,"column":15}},"65":{"start":{"line":66,"column":0},"end":{"line":66,"column":48}},"66":{"start":{"line":67,"column":0},"end":{"line":67,"column":19}},"67":{"start":{"line":68,"column":0},"end":{"line":68,"column":42}},"68":{"start":{"line":69,"column":0},"end":{"line":69,"column":20}},"69":{"start":{"line":70,"column":0},"end":{"line":70,"column":72}},"70":{"start":{"line":71,"column":0},"end":{"line":71,"column":16}},"71":{"start":{"line":72,"column":0},"end":{"line":72,"column":61}},"72":{"start":{"line":73,"column":0},"end":{"line":73,"column":14}},"73":{"start":{"line":74,"column":0},"end":{"line":74,"column":1}},"74":{"start":{"line":75,"column":0},"end":{"line":75,"column":0}},"75":{"start":{"line":76,"column":0},"end":{"line":76,"column":52}},"76":{"start":{"line":77,"column":0},"end":{"line":77,"column":41}},"77":{"start":{"line":78,"column":0},"end":{"line":78,"column":0}},"78":{"start":{"line":79,"column":0},"end":{"line":79,"column":36}},"79":{"start":{"line":80,"column":0},"end":{"line":80,"column":46}},"80":{"start":{"line":81,"column":0},"end":{"line":81,"column":0}},"81":{"start":{"line":82,"column":0},"end":{"line":82,"column":3}},"82":{"start":{"line":83,"column":0},"end":{"line":83,"column":57}},"83":{"start":{"line":84,"column":0},"end":{"line":84,"column":3}},"84":{"start":{"line":85,"column":0},"end":{"line":85,"column":32}},"85":{"start":{"line":86,"column":0},"end":{"line":86,"column":45}},"86":{"start":{"line":87,"column":0},"end":{"line":87,"column":107}},"87":{"start":{"line":88,"column":0},"end":{"line":88,"column":46}},"88":{"start":{"line":89,"column":0},"end":{"line":89,"column":38}},"89":{"start":{"line":90,"column":0},"end":{"line":90,"column":47}},"90":{"start":{"line":91,"column":0},"end":{"line":91,"column":58}},"91":{"start":{"line":92,"column":0},"end":{"line":92,"column":40}},"92":{"start":{"line":93,"column":0},"end":{"line":93,"column":48}},"93":{"start":{"line":94,"column":0},"end":{"line":94,"column":53}},"94":{"start":{"line":95,"column":0},"end":{"line":95,"column":36}},"95":{"start":{"line":96,"column":0},"end":{"line":96,"column":1}},"96":{"start":{"line":97,"column":0},"end":{"line":97,"column":0}},"97":{"start":{"line":98,"column":0},"end":{"line":98,"column":46}},"98":{"start":{"line":99,"column":0},"end":{"line":99,"column":25}},"99":{"start":{"line":100,"column":0},"end":{"line":100,"column":42}},"100":{"start":{"line":101,"column":0},"end":{"line":101,"column":15}},"101":{"start":{"line":102,"column":0},"end":{"line":102,"column":59}},"102":{"start":{"line":103,"column":0},"end":{"line":103,"column":49}},"103":{"start":{"line":104,"column":0},"end":{"line":104,"column":1}},"104":{"start":{"line":105,"column":0},"end":{"line":105,"column":0}},"105":{"start":{"line":106,"column":0},"end":{"line":106,"column":51}},"106":{"start":{"line":107,"column":0},"end":{"line":107,"column":37}},"107":{"start":{"line":108,"column":0},"end":{"line":108,"column":71}},"108":{"start":{"line":109,"column":0},"end":{"line":109,"column":28}},"109":{"start":{"line":110,"column":0},"end":{"line":110,"column":63}},"110":{"start":{"line":111,"column":0},"end":{"line":111,"column":21}},"111":{"start":{"line":112,"column":0},"end":{"line":112,"column":60}},"112":{"start":{"line":113,"column":0},"end":{"line":113,"column":45}},"113":{"start":{"line":114,"column":0},"end":{"line":114,"column":1}},"114":{"start":{"line":115,"column":0},"end":{"line":115,"column":0}},"115":{"start":{"line":116,"column":0},"end":{"line":116,"column":3}},"116":{"start":{"line":117,"column":0},"end":{"line":117,"column":38}},"117":{"start":{"line":118,"column":0},"end":{"line":118,"column":3}},"118":{"start":{"line":119,"column":0},"end":{"line":119,"column":28}},"119":{"start":{"line":120,"column":0},"end":{"line":120,"column":5}},"120":{"start":{"line":121,"column":0},"end":{"line":121,"column":49}},"121":{"start":{"line":122,"column":0},"end":{"line":122,"column":51}},"122":{"start":{"line":123,"column":0},"end":{"line":123,"column":5}},"123":{"start":{"line":124,"column":0},"end":{"line":124,"column":64}},"124":{"start":{"line":125,"column":0},"end":{"line":125,"column":0}},"125":{"start":{"line":126,"column":0},"end":{"line":126,"column":78}},"126":{"start":{"line":127,"column":0},"end":{"line":127,"column":37}},"127":{"start":{"line":128,"column":0},"end":{"line":128,"column":0}},"128":{"start":{"line":129,"column":0},"end":{"line":129,"column":61}},"129":{"start":{"line":130,"column":0},"end":{"line":130,"column":35}},"130":{"start":{"line":131,"column":0},"end":{"line":131,"column":0}},"131":{"start":{"line":132,"column":0},"end":{"line":132,"column":5}},"132":{"start":{"line":133,"column":0},"end":{"line":133,"column":50}},"133":{"start":{"line":134,"column":0},"end":{"line":134,"column":66}},"134":{"start":{"line":135,"column":0},"end":{"line":135,"column":5}},"135":{"start":{"line":136,"column":0},"end":{"line":136,"column":60}},"136":{"start":{"line":137,"column":0},"end":{"line":137,"column":0}},"137":{"start":{"line":138,"column":0},"end":{"line":138,"column":5}},"138":{"start":{"line":139,"column":0},"end":{"line":139,"column":47}},"139":{"start":{"line":140,"column":0},"end":{"line":140,"column":56}},"140":{"start":{"line":141,"column":0},"end":{"line":141,"column":5}},"141":{"start":{"line":142,"column":0},"end":{"line":142,"column":75}},"142":{"start":{"line":143,"column":0},"end":{"line":143,"column":0}},"143":{"start":{"line":144,"column":0},"end":{"line":144,"column":62}},"144":{"start":{"line":145,"column":0},"end":{"line":145,"column":39}},"145":{"start":{"line":146,"column":0},"end":{"line":146,"column":37}},"146":{"start":{"line":147,"column":0},"end":{"line":147,"column":43}},"147":{"start":{"line":148,"column":0},"end":{"line":148,"column":0}},"148":{"start":{"line":149,"column":0},"end":{"line":149,"column":5}},"149":{"start":{"line":150,"column":0},"end":{"line":150,"column":77}},"150":{"start":{"line":151,"column":0},"end":{"line":151,"column":60}},"151":{"start":{"line":152,"column":0},"end":{"line":152,"column":67}},"152":{"start":{"line":153,"column":0},"end":{"line":153,"column":5}},"153":{"start":{"line":154,"column":0},"end":{"line":154,"column":60}},"154":{"start":{"line":155,"column":0},"end":{"line":155,"column":0}},"155":{"start":{"line":156,"column":0},"end":{"line":156,"column":5}},"156":{"start":{"line":157,"column":0},"end":{"line":157,"column":50}},"157":{"start":{"line":158,"column":0},"end":{"line":158,"column":62}},"158":{"start":{"line":159,"column":0},"end":{"line":159,"column":61}},"159":{"start":{"line":160,"column":0},"end":{"line":160,"column":5}},"160":{"start":{"line":161,"column":0},"end":{"line":161,"column":81}},"161":{"start":{"line":162,"column":0},"end":{"line":162,"column":1}},"162":{"start":{"line":163,"column":0},"end":{"line":163,"column":0}},"163":{"start":{"line":164,"column":0},"end":{"line":164,"column":34}},"164":{"start":{"line":165,"column":0},"end":{"line":165,"column":23}},"165":{"start":{"line":166,"column":0},"end":{"line":166,"column":38}},"166":{"start":{"line":167,"column":0},"end":{"line":167,"column":24}},"167":{"start":{"line":168,"column":0},"end":{"line":168,"column":24}},"168":{"start":{"line":169,"column":0},"end":{"line":169,"column":27}},"169":{"start":{"line":170,"column":0},"end":{"line":170,"column":19}},"170":{"start":{"line":171,"column":0},"end":{"line":171,"column":17}},"171":{"start":{"line":172,"column":0},"end":{"line":172,"column":23}},"172":{"start":{"line":173,"column":0},"end":{"line":173,"column":17}},"173":{"start":{"line":174,"column":0},"end":{"line":174,"column":16}},"174":{"start":{"line":175,"column":0},"end":{"line":175,"column":1}},"175":{"start":{"line":176,"column":0},"end":{"line":176,"column":0}},"176":{"start":{"line":177,"column":0},"end":{"line":177,"column":38}},"177":{"start":{"line":178,"column":0},"end":{"line":178,"column":27}},"178":{"start":{"line":179,"column":0},"end":{"line":179,"column":38}},"179":{"start":{"line":180,"column":0},"end":{"line":180,"column":31}},"180":{"start":{"line":181,"column":0},"end":{"line":181,"column":15}},"181":{"start":{"line":182,"column":0},"end":{"line":182,"column":1}},"182":{"start":{"line":183,"column":0},"end":{"line":183,"column":0}},"183":{"start":{"line":184,"column":0},"end":{"line":184,"column":67}},"184":{"start":{"line":185,"column":0},"end":{"line":185,"column":29}},"185":{"start":{"line":186,"column":0},"end":{"line":186,"column":18}},"186":{"start":{"line":187,"column":0},"end":{"line":187,"column":1}},"187":{"start":{"line":188,"column":0},"end":{"line":188,"column":0}},"188":{"start":{"line":189,"column":0},"end":{"line":189,"column":3}},"189":{"start":{"line":190,"column":0},"end":{"line":190,"column":63}},"190":{"start":{"line":191,"column":0},"end":{"line":191,"column":3}},"191":{"start":{"line":192,"column":0},"end":{"line":192,"column":63}},"192":{"start":{"line":193,"column":0},"end":{"line":193,"column":37}},"193":{"start":{"line":194,"column":0},"end":{"line":194,"column":15}},"194":{"start":{"line":195,"column":0},"end":{"line":195,"column":18}},"195":{"start":{"line":196,"column":0},"end":{"line":196,"column":3}},"196":{"start":{"line":197,"column":0},"end":{"line":197,"column":0}},"197":{"start":{"line":198,"column":0},"end":{"line":198,"column":30}},"198":{"start":{"line":199,"column":0},"end":{"line":199,"column":18}},"199":{"start":{"line":200,"column":0},"end":{"line":200,"column":28}},"200":{"start":{"line":201,"column":0},"end":{"line":201,"column":0}},"201":{"start":{"line":202,"column":0},"end":{"line":202,"column":44}},"202":{"start":{"line":203,"column":0},"end":{"line":203,"column":25}},"203":{"start":{"line":204,"column":0},"end":{"line":204,"column":41}},"204":{"start":{"line":205,"column":0},"end":{"line":205,"column":19}},"205":{"start":{"line":206,"column":0},"end":{"line":206,"column":28}},"206":{"start":{"line":207,"column":0},"end":{"line":207,"column":20}},"207":{"start":{"line":208,"column":0},"end":{"line":208,"column":7}},"208":{"start":{"line":209,"column":0},"end":{"line":209,"column":15}},"209":{"start":{"line":210,"column":0},"end":{"line":210,"column":5}},"210":{"start":{"line":211,"column":0},"end":{"line":211,"column":0}},"211":{"start":{"line":212,"column":0},"end":{"line":212,"column":23}},"212":{"start":{"line":213,"column":0},"end":{"line":213,"column":19}},"213":{"start":{"line":214,"column":0},"end":{"line":214,"column":28}},"214":{"start":{"line":215,"column":0},"end":{"line":215,"column":20}},"215":{"start":{"line":216,"column":0},"end":{"line":216,"column":7}},"216":{"start":{"line":217,"column":0},"end":{"line":217,"column":27}},"217":{"start":{"line":218,"column":0},"end":{"line":218,"column":15}},"218":{"start":{"line":219,"column":0},"end":{"line":219,"column":5}},"219":{"start":{"line":220,"column":0},"end":{"line":220,"column":0}},"220":{"start":{"line":221,"column":0},"end":{"line":221,"column":23}},"221":{"start":{"line":222,"column":0},"end":{"line":222,"column":19}},"222":{"start":{"line":223,"column":0},"end":{"line":223,"column":28}},"223":{"start":{"line":224,"column":0},"end":{"line":224,"column":20}},"224":{"start":{"line":225,"column":0},"end":{"line":225,"column":7}},"225":{"start":{"line":226,"column":0},"end":{"line":226,"column":28}},"226":{"start":{"line":227,"column":0},"end":{"line":227,"column":15}},"227":{"start":{"line":228,"column":0},"end":{"line":228,"column":5}},"228":{"start":{"line":229,"column":0},"end":{"line":229,"column":0}},"229":{"start":{"line":230,"column":0},"end":{"line":230,"column":19}},"230":{"start":{"line":231,"column":0},"end":{"line":231,"column":3}},"231":{"start":{"line":232,"column":0},"end":{"line":232,"column":0}},"232":{"start":{"line":233,"column":0},"end":{"line":233,"column":15}},"233":{"start":{"line":234,"column":0},"end":{"line":234,"column":24}},"234":{"start":{"line":235,"column":0},"end":{"line":235,"column":3}},"235":{"start":{"line":236,"column":0},"end":{"line":236,"column":0}},"236":{"start":{"line":237,"column":0},"end":{"line":237,"column":47}},"237":{"start":{"line":238,"column":0},"end":{"line":238,"column":30}},"238":{"start":{"line":239,"column":0},"end":{"line":239,"column":42}},"239":{"start":{"line":240,"column":0},"end":{"line":240,"column":42}},"240":{"start":{"line":241,"column":0},"end":{"line":241,"column":22}},"241":{"start":{"line":242,"column":0},"end":{"line":242,"column":36}},"242":{"start":{"line":243,"column":0},"end":{"line":243,"column":5}},"243":{"start":{"line":244,"column":0},"end":{"line":244,"column":3}},"244":{"start":{"line":245,"column":0},"end":{"line":245,"column":16}},"245":{"start":{"line":246,"column":0},"end":{"line":246,"column":1}},"246":{"start":{"line":247,"column":0},"end":{"line":247,"column":0}},"247":{"start":{"line":248,"column":0},"end":{"line":248,"column":3}},"248":{"start":{"line":249,"column":0},"end":{"line":249,"column":46}},"249":{"start":{"line":250,"column":0},"end":{"line":250,"column":3}},"250":{"start":{"line":251,"column":0},"end":{"line":251,"column":77}},"251":{"start":{"line":252,"column":0},"end":{"line":252,"column":29}},"252":{"start":{"line":253,"column":0},"end":{"line":253,"column":31}},"253":{"start":{"line":254,"column":0},"end":{"line":254,"column":26}},"254":{"start":{"line":255,"column":0},"end":{"line":255,"column":23}},"255":{"start":{"line":256,"column":0},"end":{"line":256,"column":5}},"256":{"start":{"line":257,"column":0},"end":{"line":257,"column":63}},"257":{"start":{"line":258,"column":0},"end":{"line":258,"column":33}},"258":{"start":{"line":259,"column":0},"end":{"line":259,"column":39}},"259":{"start":{"line":260,"column":0},"end":{"line":260,"column":45}},"260":{"start":{"line":261,"column":0},"end":{"line":261,"column":68}},"261":{"start":{"line":262,"column":0},"end":{"line":262,"column":12}},"262":{"start":{"line":263,"column":0},"end":{"line":263,"column":23}},"263":{"start":{"line":264,"column":0},"end":{"line":264,"column":5}},"264":{"start":{"line":265,"column":0},"end":{"line":265,"column":3}},"265":{"start":{"line":266,"column":0},"end":{"line":266,"column":17}},"266":{"start":{"line":267,"column":0},"end":{"line":267,"column":1}},"267":{"start":{"line":268,"column":0},"end":{"line":268,"column":0}},"268":{"start":{"line":269,"column":0},"end":{"line":269,"column":3}},"269":{"start":{"line":270,"column":0},"end":{"line":270,"column":70}},"270":{"start":{"line":271,"column":0},"end":{"line":271,"column":3}},"271":{"start":{"line":272,"column":0},"end":{"line":272,"column":44}},"272":{"start":{"line":273,"column":0},"end":{"line":273,"column":9}},"273":{"start":{"line":274,"column":0},"end":{"line":274,"column":28}},"274":{"start":{"line":275,"column":0},"end":{"line":275,"column":56}},"275":{"start":{"line":276,"column":0},"end":{"line":276,"column":6}},"276":{"start":{"line":277,"column":0},"end":{"line":277,"column":28}},"277":{"start":{"line":278,"column":0},"end":{"line":278,"column":15}},"278":{"start":{"line":279,"column":0},"end":{"line":279,"column":3}},"279":{"start":{"line":280,"column":0},"end":{"line":280,"column":0}},"280":{"start":{"line":281,"column":0},"end":{"line":281,"column":33}},"281":{"start":{"line":282,"column":0},"end":{"line":282,"column":37}},"282":{"start":{"line":283,"column":0},"end":{"line":283,"column":108}},"283":{"start":{"line":284,"column":0},"end":{"line":284,"column":83}},"284":{"start":{"line":285,"column":0},"end":{"line":285,"column":77}},"285":{"start":{"line":286,"column":0},"end":{"line":286,"column":0}},"286":{"start":{"line":287,"column":0},"end":{"line":287,"column":26}},"287":{"start":{"line":288,"column":0},"end":{"line":288,"column":132}},"288":{"start":{"line":289,"column":0},"end":{"line":289,"column":37}},"289":{"start":{"line":290,"column":0},"end":{"line":290,"column":17}},"290":{"start":{"line":291,"column":0},"end":{"line":291,"column":5}},"291":{"start":{"line":292,"column":0},"end":{"line":292,"column":27}},"292":{"start":{"line":293,"column":0},"end":{"line":293,"column":22}},"293":{"start":{"line":294,"column":0},"end":{"line":294,"column":3}},"294":{"start":{"line":295,"column":0},"end":{"line":295,"column":0}},"295":{"start":{"line":296,"column":0},"end":{"line":296,"column":64}},"296":{"start":{"line":297,"column":0},"end":{"line":297,"column":72}},"297":{"start":{"line":298,"column":0},"end":{"line":298,"column":30}},"298":{"start":{"line":299,"column":0},"end":{"line":299,"column":15}},"299":{"start":{"line":300,"column":0},"end":{"line":300,"column":3}},"300":{"start":{"line":301,"column":0},"end":{"line":301,"column":28}},"301":{"start":{"line":302,"column":0},"end":{"line":302,"column":20}},"302":{"start":{"line":303,"column":0},"end":{"line":303,"column":1}},"303":{"start":{"line":304,"column":0},"end":{"line":304,"column":0}},"304":{"start":{"line":305,"column":0},"end":{"line":305,"column":65}},"305":{"start":{"line":306,"column":0},"end":{"line":306,"column":89}},"306":{"start":{"line":307,"column":0},"end":{"line":307,"column":34}},"307":{"start":{"line":308,"column":0},"end":{"line":308,"column":45}},"308":{"start":{"line":309,"column":0},"end":{"line":309,"column":47}},"309":{"start":{"line":310,"column":0},"end":{"line":310,"column":32}},"310":{"start":{"line":311,"column":0},"end":{"line":311,"column":39}},"311":{"start":{"line":312,"column":0},"end":{"line":312,"column":5}},"312":{"start":{"line":313,"column":0},"end":{"line":313,"column":3}},"313":{"start":{"line":314,"column":0},"end":{"line":314,"column":1}},"314":{"start":{"line":315,"column":0},"end":{"line":315,"column":0}},"315":{"start":{"line":316,"column":0},"end":{"line":316,"column":3}},"316":{"start":{"line":317,"column":0},"end":{"line":317,"column":70}},"317":{"start":{"line":318,"column":0},"end":{"line":318,"column":3}},"318":{"start":{"line":319,"column":0},"end":{"line":319,"column":74}},"319":{"start":{"line":320,"column":0},"end":{"line":320,"column":24}},"320":{"start":{"line":321,"column":0},"end":{"line":321,"column":19}},"321":{"start":{"line":322,"column":0},"end":{"line":322,"column":3}},"322":{"start":{"line":323,"column":0},"end":{"line":323,"column":0}},"323":{"start":{"line":324,"column":0},"end":{"line":324,"column":55}},"324":{"start":{"line":325,"column":0},"end":{"line":325,"column":1}},"325":{"start":{"line":326,"column":0},"end":{"line":326,"column":0}},"326":{"start":{"line":327,"column":0},"end":{"line":327,"column":3}},"327":{"start":{"line":328,"column":0},"end":{"line":328,"column":62}},"328":{"start":{"line":329,"column":0},"end":{"line":329,"column":3}},"329":{"start":{"line":330,"column":0},"end":{"line":330,"column":78}},"330":{"start":{"line":331,"column":0},"end":{"line":331,"column":51}},"331":{"start":{"line":332,"column":0},"end":{"line":332,"column":63}},"332":{"start":{"line":333,"column":0},"end":{"line":333,"column":46}},"333":{"start":{"line":334,"column":0},"end":{"line":334,"column":75}},"334":{"start":{"line":335,"column":0},"end":{"line":335,"column":55}},"335":{"start":{"line":336,"column":0},"end":{"line":336,"column":70}},"336":{"start":{"line":337,"column":0},"end":{"line":337,"column":47}},"337":{"start":{"line":338,"column":0},"end":{"line":338,"column":82}},"338":{"start":{"line":339,"column":0},"end":{"line":339,"column":0}},"339":{"start":{"line":340,"column":0},"end":{"line":340,"column":16}},"340":{"start":{"line":341,"column":0},"end":{"line":341,"column":0}},"341":{"start":{"line":342,"column":0},"end":{"line":342,"column":30}},"342":{"start":{"line":343,"column":0},"end":{"line":343,"column":33}},"343":{"start":{"line":344,"column":0},"end":{"line":344,"column":48}},"344":{"start":{"line":345,"column":0},"end":{"line":345,"column":6}},"345":{"start":{"line":346,"column":0},"end":{"line":346,"column":31}},"346":{"start":{"line":347,"column":0},"end":{"line":347,"column":46}},"347":{"start":{"line":348,"column":0},"end":{"line":348,"column":6}},"348":{"start":{"line":349,"column":0},"end":{"line":349,"column":31}},"349":{"start":{"line":350,"column":0},"end":{"line":350,"column":45}},"350":{"start":{"line":351,"column":0},"end":{"line":351,"column":5}},"351":{"start":{"line":352,"column":0},"end":{"line":352,"column":4}},"352":{"start":{"line":353,"column":0},"end":{"line":353,"column":0}},"353":{"start":{"line":354,"column":0},"end":{"line":354,"column":100}},"354":{"start":{"line":355,"column":0},"end":{"line":355,"column":47}},"355":{"start":{"line":356,"column":0},"end":{"line":356,"column":45}},"356":{"start":{"line":357,"column":0},"end":{"line":357,"column":13}},"357":{"start":{"line":358,"column":0},"end":{"line":358,"column":5}},"358":{"start":{"line":359,"column":0},"end":{"line":359,"column":39}},"359":{"start":{"line":360,"column":0},"end":{"line":360,"column":40}},"360":{"start":{"line":361,"column":0},"end":{"line":361,"column":42}},"361":{"start":{"line":362,"column":0},"end":{"line":362,"column":37}},"362":{"start":{"line":363,"column":0},"end":{"line":363,"column":7}},"363":{"start":{"line":364,"column":0},"end":{"line":364,"column":5}},"364":{"start":{"line":365,"column":0},"end":{"line":365,"column":4}},"365":{"start":{"line":366,"column":0},"end":{"line":366,"column":0}},"366":{"start":{"line":367,"column":0},"end":{"line":367,"column":26}},"367":{"start":{"line":368,"column":0},"end":{"line":368,"column":17}},"368":{"start":{"line":369,"column":0},"end":{"line":369,"column":32}},"369":{"start":{"line":370,"column":0},"end":{"line":370,"column":21}},"370":{"start":{"line":371,"column":0},"end":{"line":371,"column":47}},"371":{"start":{"line":372,"column":0},"end":{"line":372,"column":11}},"372":{"start":{"line":373,"column":0},"end":{"line":373,"column":29}},"373":{"start":{"line":374,"column":0},"end":{"line":374,"column":11}},"374":{"start":{"line":375,"column":0},"end":{"line":375,"column":11}},"375":{"start":{"line":376,"column":0},"end":{"line":376,"column":14}},"376":{"start":{"line":377,"column":0},"end":{"line":377,"column":21}},"377":{"start":{"line":378,"column":0},"end":{"line":378,"column":21}},"378":{"start":{"line":379,"column":0},"end":{"line":379,"column":6}},"379":{"start":{"line":380,"column":0},"end":{"line":380,"column":0}},"380":{"start":{"line":381,"column":0},"end":{"line":381,"column":69}},"381":{"start":{"line":382,"column":0},"end":{"line":382,"column":0}},"382":{"start":{"line":383,"column":0},"end":{"line":383,"column":30}},"383":{"start":{"line":384,"column":0},"end":{"line":384,"column":41}},"384":{"start":{"line":385,"column":0},"end":{"line":385,"column":30}},"385":{"start":{"line":386,"column":0},"end":{"line":386,"column":20}},"386":{"start":{"line":387,"column":0},"end":{"line":387,"column":49}},"387":{"start":{"line":388,"column":0},"end":{"line":388,"column":75}},"388":{"start":{"line":389,"column":0},"end":{"line":389,"column":7}},"389":{"start":{"line":390,"column":0},"end":{"line":390,"column":6}},"390":{"start":{"line":391,"column":0},"end":{"line":391,"column":0}},"391":{"start":{"line":392,"column":0},"end":{"line":392,"column":58}},"392":{"start":{"line":393,"column":0},"end":{"line":393,"column":20}},"393":{"start":{"line":394,"column":0},"end":{"line":394,"column":32}},"394":{"start":{"line":395,"column":0},"end":{"line":395,"column":4}},"395":{"start":{"line":396,"column":0},"end":{"line":396,"column":0}},"396":{"start":{"line":397,"column":0},"end":{"line":397,"column":53}},"397":{"start":{"line":398,"column":0},"end":{"line":398,"column":41}},"398":{"start":{"line":399,"column":0},"end":{"line":399,"column":16}},"399":{"start":{"line":400,"column":0},"end":{"line":400,"column":23}},"400":{"start":{"line":401,"column":0},"end":{"line":401,"column":38}},"401":{"start":{"line":402,"column":0},"end":{"line":402,"column":5}},"402":{"start":{"line":403,"column":0},"end":{"line":403,"column":16}},"403":{"start":{"line":404,"column":0},"end":{"line":404,"column":4}},"404":{"start":{"line":405,"column":0},"end":{"line":405,"column":0}},"405":{"start":{"line":406,"column":0},"end":{"line":406,"column":75}},"406":{"start":{"line":407,"column":0},"end":{"line":407,"column":44}},"407":{"start":{"line":408,"column":0},"end":{"line":408,"column":24}},"408":{"start":{"line":409,"column":0},"end":{"line":409,"column":18}},"409":{"start":{"line":410,"column":0},"end":{"line":410,"column":30}},"410":{"start":{"line":411,"column":0},"end":{"line":411,"column":6}},"411":{"start":{"line":412,"column":0},"end":{"line":412,"column":4}},"412":{"start":{"line":413,"column":0},"end":{"line":413,"column":0}},"413":{"start":{"line":414,"column":0},"end":{"line":414,"column":59}},"414":{"start":{"line":415,"column":0},"end":{"line":415,"column":46}},"415":{"start":{"line":416,"column":0},"end":{"line":416,"column":19}},"416":{"start":{"line":417,"column":0},"end":{"line":417,"column":31}},"417":{"start":{"line":418,"column":0},"end":{"line":418,"column":43}},"418":{"start":{"line":419,"column":0},"end":{"line":419,"column":5}},"419":{"start":{"line":420,"column":0},"end":{"line":420,"column":19}},"420":{"start":{"line":421,"column":0},"end":{"line":421,"column":4}},"421":{"start":{"line":422,"column":0},"end":{"line":422,"column":0}},"422":{"start":{"line":423,"column":0},"end":{"line":423,"column":97}},"423":{"start":{"line":424,"column":0},"end":{"line":424,"column":15}},"424":{"start":{"line":425,"column":0},"end":{"line":425,"column":51}},"425":{"start":{"line":426,"column":0},"end":{"line":426,"column":38}},"426":{"start":{"line":427,"column":0},"end":{"line":427,"column":60}},"427":{"start":{"line":428,"column":0},"end":{"line":428,"column":28}},"428":{"start":{"line":429,"column":0},"end":{"line":429,"column":7}},"429":{"start":{"line":430,"column":0},"end":{"line":430,"column":47}},"430":{"start":{"line":431,"column":0},"end":{"line":431,"column":86}},"431":{"start":{"line":432,"column":0},"end":{"line":432,"column":43}},"432":{"start":{"line":433,"column":0},"end":{"line":433,"column":24}},"433":{"start":{"line":434,"column":0},"end":{"line":434,"column":42}},"434":{"start":{"line":435,"column":0},"end":{"line":435,"column":55}},"435":{"start":{"line":436,"column":0},"end":{"line":436,"column":26}},"436":{"start":{"line":437,"column":0},"end":{"line":437,"column":36}},"437":{"start":{"line":438,"column":0},"end":{"line":438,"column":38}},"438":{"start":{"line":439,"column":0},"end":{"line":439,"column":56}},"439":{"start":{"line":440,"column":0},"end":{"line":440,"column":40}},"440":{"start":{"line":441,"column":0},"end":{"line":441,"column":24}},"441":{"start":{"line":442,"column":0},"end":{"line":442,"column":34}},"442":{"start":{"line":443,"column":0},"end":{"line":443,"column":46}},"443":{"start":{"line":444,"column":0},"end":{"line":444,"column":27}},"444":{"start":{"line":445,"column":0},"end":{"line":445,"column":15}},"445":{"start":{"line":446,"column":0},"end":{"line":446,"column":25}},"446":{"start":{"line":447,"column":0},"end":{"line":447,"column":14}},"447":{"start":{"line":448,"column":0},"end":{"line":448,"column":12}},"448":{"start":{"line":449,"column":0},"end":{"line":449,"column":19}},"449":{"start":{"line":450,"column":0},"end":{"line":450,"column":9}},"450":{"start":{"line":451,"column":0},"end":{"line":451,"column":35}},"451":{"start":{"line":452,"column":0},"end":{"line":452,"column":25}},"452":{"start":{"line":453,"column":0},"end":{"line":453,"column":39}},"453":{"start":{"line":454,"column":0},"end":{"line":454,"column":9}},"454":{"start":{"line":455,"column":0},"end":{"line":455,"column":7}},"455":{"start":{"line":456,"column":0},"end":{"line":456,"column":0}},"456":{"start":{"line":457,"column":0},"end":{"line":457,"column":32}},"457":{"start":{"line":458,"column":0},"end":{"line":458,"column":56}},"458":{"start":{"line":459,"column":0},"end":{"line":459,"column":42}},"459":{"start":{"line":460,"column":0},"end":{"line":460,"column":32}},"460":{"start":{"line":461,"column":0},"end":{"line":461,"column":11}},"461":{"start":{"line":462,"column":0},"end":{"line":462,"column":59}},"462":{"start":{"line":463,"column":0},"end":{"line":463,"column":105}},"463":{"start":{"line":464,"column":0},"end":{"line":464,"column":77}},"464":{"start":{"line":465,"column":0},"end":{"line":465,"column":51}},"465":{"start":{"line":466,"column":0},"end":{"line":466,"column":63}},"466":{"start":{"line":467,"column":0},"end":{"line":467,"column":29}},"467":{"start":{"line":468,"column":0},"end":{"line":468,"column":11}},"468":{"start":{"line":469,"column":0},"end":{"line":469,"column":7}},"469":{"start":{"line":470,"column":0},"end":{"line":470,"column":0}},"470":{"start":{"line":471,"column":0},"end":{"line":471,"column":80}},"471":{"start":{"line":472,"column":0},"end":{"line":472,"column":61}},"472":{"start":{"line":473,"column":0},"end":{"line":473,"column":53}},"473":{"start":{"line":474,"column":0},"end":{"line":474,"column":19}},"474":{"start":{"line":475,"column":0},"end":{"line":475,"column":5}},"475":{"start":{"line":476,"column":0},"end":{"line":476,"column":0}},"476":{"start":{"line":477,"column":0},"end":{"line":477,"column":49}},"477":{"start":{"line":478,"column":0},"end":{"line":478,"column":64}},"478":{"start":{"line":479,"column":0},"end":{"line":479,"column":56}},"479":{"start":{"line":480,"column":0},"end":{"line":480,"column":54}},"480":{"start":{"line":481,"column":0},"end":{"line":481,"column":58}},"481":{"start":{"line":482,"column":0},"end":{"line":482,"column":60}},"482":{"start":{"line":483,"column":0},"end":{"line":483,"column":25}},"483":{"start":{"line":484,"column":0},"end":{"line":484,"column":64}},"484":{"start":{"line":485,"column":0},"end":{"line":485,"column":9}},"485":{"start":{"line":486,"column":0},"end":{"line":486,"column":22}},"486":{"start":{"line":487,"column":0},"end":{"line":487,"column":9}},"487":{"start":{"line":488,"column":0},"end":{"line":488,"column":5}},"488":{"start":{"line":489,"column":0},"end":{"line":489,"column":0}},"489":{"start":{"line":490,"column":0},"end":{"line":490,"column":77}},"490":{"start":{"line":491,"column":0},"end":{"line":491,"column":49}},"491":{"start":{"line":492,"column":0},"end":{"line":492,"column":25}},"492":{"start":{"line":493,"column":0},"end":{"line":493,"column":64}},"493":{"start":{"line":494,"column":0},"end":{"line":494,"column":5}},"494":{"start":{"line":495,"column":0},"end":{"line":495,"column":22}},"495":{"start":{"line":496,"column":0},"end":{"line":496,"column":4}},"496":{"start":{"line":497,"column":0},"end":{"line":497,"column":0}},"497":{"start":{"line":498,"column":0},"end":{"line":498,"column":28}},"498":{"start":{"line":499,"column":0},"end":{"line":499,"column":31}},"499":{"start":{"line":500,"column":0},"end":{"line":500,"column":56}},"500":{"start":{"line":501,"column":0},"end":{"line":501,"column":42}},"501":{"start":{"line":502,"column":0},"end":{"line":502,"column":67}},"502":{"start":{"line":503,"column":0},"end":{"line":503,"column":86}},"503":{"start":{"line":504,"column":0},"end":{"line":504,"column":49}},"504":{"start":{"line":505,"column":0},"end":{"line":505,"column":15}},"505":{"start":{"line":506,"column":0},"end":{"line":506,"column":35}},"506":{"start":{"line":507,"column":0},"end":{"line":507,"column":23}},"507":{"start":{"line":508,"column":0},"end":{"line":508,"column":40}},"508":{"start":{"line":509,"column":0},"end":{"line":509,"column":46}},"509":{"start":{"line":510,"column":0},"end":{"line":510,"column":42}},"510":{"start":{"line":511,"column":0},"end":{"line":511,"column":41}},"511":{"start":{"line":512,"column":0},"end":{"line":512,"column":26}},"512":{"start":{"line":513,"column":0},"end":{"line":513,"column":37}},"513":{"start":{"line":514,"column":0},"end":{"line":514,"column":10}},"514":{"start":{"line":515,"column":0},"end":{"line":515,"column":0}},"515":{"start":{"line":516,"column":0},"end":{"line":516,"column":27}},"516":{"start":{"line":517,"column":0},"end":{"line":517,"column":28}},"517":{"start":{"line":518,"column":0},"end":{"line":518,"column":43}},"518":{"start":{"line":519,"column":0},"end":{"line":519,"column":52}},"519":{"start":{"line":520,"column":0},"end":{"line":520,"column":9}},"520":{"start":{"line":521,"column":0},"end":{"line":521,"column":46}},"521":{"start":{"line":522,"column":0},"end":{"line":522,"column":50}},"522":{"start":{"line":523,"column":0},"end":{"line":523,"column":45}},"523":{"start":{"line":524,"column":0},"end":{"line":524,"column":55}},"524":{"start":{"line":525,"column":0},"end":{"line":525,"column":11}},"525":{"start":{"line":526,"column":0},"end":{"line":526,"column":9}},"526":{"start":{"line":527,"column":0},"end":{"line":527,"column":38}},"527":{"start":{"line":528,"column":0},"end":{"line":528,"column":34}},"528":{"start":{"line":529,"column":0},"end":{"line":529,"column":9}},"529":{"start":{"line":530,"column":0},"end":{"line":530,"column":33}},"530":{"start":{"line":531,"column":0},"end":{"line":531,"column":55}},"531":{"start":{"line":532,"column":0},"end":{"line":532,"column":0}},"532":{"start":{"line":533,"column":0},"end":{"line":533,"column":31}},"533":{"start":{"line":534,"column":0},"end":{"line":534,"column":60}},"534":{"start":{"line":535,"column":0},"end":{"line":535,"column":48}},"535":{"start":{"line":536,"column":0},"end":{"line":536,"column":41}},"536":{"start":{"line":537,"column":0},"end":{"line":537,"column":26}},"537":{"start":{"line":538,"column":0},"end":{"line":538,"column":48}},"538":{"start":{"line":539,"column":0},"end":{"line":539,"column":13}},"539":{"start":{"line":540,"column":0},"end":{"line":540,"column":58}},"540":{"start":{"line":541,"column":0},"end":{"line":541,"column":13}},"541":{"start":{"line":542,"column":0},"end":{"line":542,"column":10}},"542":{"start":{"line":543,"column":0},"end":{"line":543,"column":0}},"543":{"start":{"line":544,"column":0},"end":{"line":544,"column":49}},"544":{"start":{"line":545,"column":0},"end":{"line":545,"column":9}},"545":{"start":{"line":546,"column":0},"end":{"line":546,"column":6}},"546":{"start":{"line":547,"column":0},"end":{"line":547,"column":0}},"547":{"start":{"line":548,"column":0},"end":{"line":548,"column":23}},"548":{"start":{"line":549,"column":0},"end":{"line":549,"column":57}},"549":{"start":{"line":550,"column":0},"end":{"line":550,"column":40}},"550":{"start":{"line":551,"column":0},"end":{"line":551,"column":22}},"551":{"start":{"line":552,"column":0},"end":{"line":552,"column":54}},"552":{"start":{"line":553,"column":0},"end":{"line":553,"column":9}},"553":{"start":{"line":554,"column":0},"end":{"line":554,"column":29}},"554":{"start":{"line":555,"column":0},"end":{"line":555,"column":54}},"555":{"start":{"line":556,"column":0},"end":{"line":556,"column":9}},"556":{"start":{"line":557,"column":0},"end":{"line":557,"column":30}},"557":{"start":{"line":558,"column":0},"end":{"line":558,"column":51}},"558":{"start":{"line":559,"column":0},"end":{"line":559,"column":9}},"559":{"start":{"line":560,"column":0},"end":{"line":560,"column":6}},"560":{"start":{"line":561,"column":0},"end":{"line":561,"column":0}},"561":{"start":{"line":562,"column":0},"end":{"line":562,"column":21}},"562":{"start":{"line":563,"column":0},"end":{"line":563,"column":55}},"563":{"start":{"line":564,"column":0},"end":{"line":564,"column":40}},"564":{"start":{"line":565,"column":0},"end":{"line":565,"column":22}},"565":{"start":{"line":566,"column":0},"end":{"line":566,"column":54}},"566":{"start":{"line":567,"column":0},"end":{"line":567,"column":9}},"567":{"start":{"line":568,"column":0},"end":{"line":568,"column":27}},"568":{"start":{"line":569,"column":0},"end":{"line":569,"column":54}},"569":{"start":{"line":570,"column":0},"end":{"line":570,"column":9}},"570":{"start":{"line":571,"column":0},"end":{"line":571,"column":28}},"571":{"start":{"line":572,"column":0},"end":{"line":572,"column":51}},"572":{"start":{"line":573,"column":0},"end":{"line":573,"column":9}},"573":{"start":{"line":574,"column":0},"end":{"line":574,"column":6}},"574":{"start":{"line":575,"column":0},"end":{"line":575,"column":0}},"575":{"start":{"line":576,"column":0},"end":{"line":576,"column":37}},"576":{"start":{"line":577,"column":0},"end":{"line":577,"column":60}},"577":{"start":{"line":578,"column":0},"end":{"line":578,"column":40}},"578":{"start":{"line":579,"column":0},"end":{"line":579,"column":22}},"579":{"start":{"line":580,"column":0},"end":{"line":580,"column":54}},"580":{"start":{"line":581,"column":0},"end":{"line":581,"column":9}},"581":{"start":{"line":582,"column":0},"end":{"line":582,"column":43}},"582":{"start":{"line":583,"column":0},"end":{"line":583,"column":37}},"583":{"start":{"line":584,"column":0},"end":{"line":584,"column":9}},"584":{"start":{"line":585,"column":0},"end":{"line":585,"column":39}},"585":{"start":{"line":586,"column":0},"end":{"line":586,"column":65}},"586":{"start":{"line":587,"column":0},"end":{"line":587,"column":41}},"587":{"start":{"line":588,"column":0},"end":{"line":588,"column":54}},"588":{"start":{"line":589,"column":0},"end":{"line":589,"column":9}},"589":{"start":{"line":590,"column":0},"end":{"line":590,"column":33}},"590":{"start":{"line":591,"column":0},"end":{"line":591,"column":51}},"591":{"start":{"line":592,"column":0},"end":{"line":592,"column":9}},"592":{"start":{"line":593,"column":0},"end":{"line":593,"column":6}},"593":{"start":{"line":594,"column":0},"end":{"line":594,"column":0}},"594":{"start":{"line":595,"column":0},"end":{"line":595,"column":20}},"595":{"start":{"line":596,"column":0},"end":{"line":596,"column":45}},"596":{"start":{"line":597,"column":0},"end":{"line":597,"column":41}},"597":{"start":{"line":598,"column":0},"end":{"line":598,"column":49}},"598":{"start":{"line":599,"column":0},"end":{"line":599,"column":7}},"599":{"start":{"line":600,"column":0},"end":{"line":600,"column":20}},"600":{"start":{"line":601,"column":0},"end":{"line":601,"column":6}},"601":{"start":{"line":602,"column":0},"end":{"line":602,"column":0}},"602":{"start":{"line":603,"column":0},"end":{"line":603,"column":22}},"603":{"start":{"line":604,"column":0},"end":{"line":604,"column":48}},"604":{"start":{"line":605,"column":0},"end":{"line":605,"column":6}},"605":{"start":{"line":606,"column":0},"end":{"line":606,"column":0}},"606":{"start":{"line":607,"column":0},"end":{"line":607,"column":20}},"607":{"start":{"line":608,"column":0},"end":{"line":608,"column":46}},"608":{"start":{"line":609,"column":0},"end":{"line":609,"column":6}},"609":{"start":{"line":610,"column":0},"end":{"line":610,"column":0}},"610":{"start":{"line":611,"column":0},"end":{"line":611,"column":20}},"611":{"start":{"line":612,"column":0},"end":{"line":612,"column":45}},"612":{"start":{"line":613,"column":0},"end":{"line":613,"column":6}},"613":{"start":{"line":614,"column":0},"end":{"line":614,"column":0}},"614":{"start":{"line":615,"column":0},"end":{"line":615,"column":23}},"615":{"start":{"line":616,"column":0},"end":{"line":616,"column":26}},"616":{"start":{"line":617,"column":0},"end":{"line":617,"column":44}},"617":{"start":{"line":618,"column":0},"end":{"line":618,"column":45}},"618":{"start":{"line":619,"column":0},"end":{"line":619,"column":42}},"619":{"start":{"line":620,"column":0},"end":{"line":620,"column":67}},"620":{"start":{"line":621,"column":0},"end":{"line":621,"column":43}},"621":{"start":{"line":622,"column":0},"end":{"line":622,"column":37}},"622":{"start":{"line":623,"column":0},"end":{"line":623,"column":27}},"623":{"start":{"line":624,"column":0},"end":{"line":624,"column":11}},"624":{"start":{"line":625,"column":0},"end":{"line":625,"column":9}},"625":{"start":{"line":626,"column":0},"end":{"line":626,"column":7}},"626":{"start":{"line":627,"column":0},"end":{"line":627,"column":20}},"627":{"start":{"line":628,"column":0},"end":{"line":628,"column":49}},"628":{"start":{"line":629,"column":0},"end":{"line":629,"column":63}},"629":{"start":{"line":630,"column":0},"end":{"line":630,"column":7}},"630":{"start":{"line":631,"column":0},"end":{"line":631,"column":22}},"631":{"start":{"line":632,"column":0},"end":{"line":632,"column":6}},"632":{"start":{"line":633,"column":0},"end":{"line":633,"column":0}},"633":{"start":{"line":634,"column":0},"end":{"line":634,"column":29}},"634":{"start":{"line":635,"column":0},"end":{"line":635,"column":44}},"635":{"start":{"line":636,"column":0},"end":{"line":636,"column":17}},"636":{"start":{"line":637,"column":0},"end":{"line":637,"column":49}},"637":{"start":{"line":638,"column":0},"end":{"line":638,"column":37}},"638":{"start":{"line":639,"column":0},"end":{"line":639,"column":8}},"639":{"start":{"line":640,"column":0},"end":{"line":640,"column":29}},"640":{"start":{"line":641,"column":0},"end":{"line":641,"column":35}},"641":{"start":{"line":642,"column":0},"end":{"line":642,"column":20}},"642":{"start":{"line":643,"column":0},"end":{"line":643,"column":34}},"643":{"start":{"line":644,"column":0},"end":{"line":644,"column":8}},"644":{"start":{"line":645,"column":0},"end":{"line":645,"column":5}},"645":{"start":{"line":646,"column":0},"end":{"line":646,"column":4}},"646":{"start":{"line":647,"column":0},"end":{"line":647,"column":0}},"647":{"start":{"line":648,"column":0},"end":{"line":648,"column":40}},"648":{"start":{"line":649,"column":0},"end":{"line":649,"column":19}},"649":{"start":{"line":650,"column":0},"end":{"line":650,"column":42}},"650":{"start":{"line":651,"column":0},"end":{"line":651,"column":17}},"651":{"start":{"line":652,"column":0},"end":{"line":652,"column":24}},"652":{"start":{"line":653,"column":0},"end":{"line":653,"column":39}},"653":{"start":{"line":654,"column":0},"end":{"line":654,"column":7}},"654":{"start":{"line":655,"column":0},"end":{"line":655,"column":18}},"655":{"start":{"line":656,"column":0},"end":{"line":656,"column":20}},"656":{"start":{"line":657,"column":0},"end":{"line":657,"column":24}},"657":{"start":{"line":658,"column":0},"end":{"line":658,"column":8}},"658":{"start":{"line":659,"column":0},"end":{"line":659,"column":6}},"659":{"start":{"line":660,"column":0},"end":{"line":660,"column":23}},"660":{"start":{"line":661,"column":0},"end":{"line":661,"column":29}},"661":{"start":{"line":662,"column":0},"end":{"line":662,"column":6}},"662":{"start":{"line":663,"column":0},"end":{"line":663,"column":35}},"663":{"start":{"line":664,"column":0},"end":{"line":664,"column":51}},"664":{"start":{"line":665,"column":0},"end":{"line":665,"column":6}},"665":{"start":{"line":666,"column":0},"end":{"line":666,"column":14}},"666":{"start":{"line":667,"column":0},"end":{"line":667,"column":30}},"667":{"start":{"line":668,"column":0},"end":{"line":668,"column":4}},"668":{"start":{"line":669,"column":0},"end":{"line":669,"column":0}},"669":{"start":{"line":670,"column":0},"end":{"line":670,"column":47}},"670":{"start":{"line":671,"column":0},"end":{"line":671,"column":48}},"671":{"start":{"line":672,"column":0},"end":{"line":672,"column":40}},"672":{"start":{"line":673,"column":0},"end":{"line":673,"column":35}},"673":{"start":{"line":674,"column":0},"end":{"line":674,"column":5}},"674":{"start":{"line":675,"column":0},"end":{"line":675,"column":3}},"675":{"start":{"line":676,"column":0},"end":{"line":676,"column":0}},"676":{"start":{"line":677,"column":0},"end":{"line":677,"column":15}},"677":{"start":{"line":678,"column":0},"end":{"line":678,"column":1}},"678":{"start":{"line":679,"column":0},"end":{"line":679,"column":0}},"679":{"start":{"line":680,"column":0},"end":{"line":680,"column":3}},"680":{"start":{"line":681,"column":0},"end":{"line":681,"column":68}},"681":{"start":{"line":682,"column":0},"end":{"line":682,"column":62}},"682":{"start":{"line":683,"column":0},"end":{"line":683,"column":3}},"683":{"start":{"line":684,"column":0},"end":{"line":684,"column":55}},"684":{"start":{"line":685,"column":0},"end":{"line":685,"column":27}},"685":{"start":{"line":686,"column":0},"end":{"line":686,"column":1}}},"s":{"0":1,"1":1,"2":1,"3":1,"4":1,"5":1,"6":1,"7":1,"8":1,"9":1,"10":1,"11":1,"12":1,"13":1,"14":1,"15":1,"16":1,"17":1,"18":1,"19":1,"20":1,"21":1,"22":1,"23":1,"24":1,"25":1,"26":1,"27":1,"28":1,"29":1,"30":1,"31":1,"32":1,"33":1,"34":1,"35":1,"36":1,"37":1,"38":1,"39":1,"40":1,"41":1,"42":1,"43":1,"44":1,"45":1,"46":1,"47":1,"48":1,"49":1,"50":1,"51":1,"52":1,"53":1,"54":1,"55":1,"56":1,"57":1,"58":1,"59":1,"60":1,"61":1,"62":1,"63":1,"64":1,"65":1,"66":1,"67":1,"68":1,"69":1,"70":1,"71":1,"72":1,"73":1,"74":1,"75":1,"76":1,"77":1,"78":1,"79":1,"80":1,"81":1,"82":1,"83":1,"84":1,"85":1,"86":1,"87":1,"88":1,"89":1,"90":1,"91":1,"92":1,"93":1,"94":1,"95":1,"96":1,"97":1,"98":1,"99":1,"100":1,"101":1,"102":1,"103":1,"104":1,"105":1,"106":1,"107":1,"108":1,"109":1,"110":1,"111":1,"112":1,"113":1,"114":1,"115":1,"116":1,"117":1,"118":1,"119":1,"120":1,"121":1,"122":1,"123":1,"124":1,"125":1,"126":1,"127":1,"128":1,"129":1,"130":1,"131":1,"132":1,"133":1,"134":1,"135":1,"136":1,"137":1,"138":1,"139":1,"140":1,"141":1,"142":1,"143":1,"144":1,"145":1,"146":1,"147":1,"148":1,"149":1,"150":1,"151":1,"152":1,"153":1,"154":1,"155":1,"156":1,"157":1,"158":1,"159":1,"160":1,"161":1,"162":1,"163":1,"164":1,"165":1,"166":1,"167":1,"168":1,"169":1,"170":1,"171":1,"172":1,"173":1,"174":1,"175":1,"176":1,"177":1,"178":1,"179":1,"180":1,"181":1,"182":1,"183":1,"184":1,"185":1,"186":1,"187":1,"188":1,"189":1,"190":1,"191":2,"192":2,"193":2,"194":0,"195":0,"196":2,"197":2,"198":2,"199":2,"200":2,"201":2,"202":26,"203":26,"204":2,"205":0,"206":0,"207":0,"208":2,"209":2,"210":24,"211":26,"212":2,"213":2,"214":2,"215":2,"216":2,"217":2,"218":2,"219":22,"220":26,"221":2,"222":2,"223":2,"224":2,"225":2,"226":2,"227":2,"228":20,"229":20,"230":20,"231":2,"232":2,"233":2,"234":2,"235":2,"236":2,"237":2,"238":2,"239":0,"240":0,"241":0,"242":0,"243":0,"244":2,"245":2,"246":1,"247":1,"248":1,"249":1,"250":2,"251":2,"252":2,"253":6,"254":0,"255":0,"256":6,"257":6,"258":2,"259":6,"260":4,"261":4,"262":0,"263":0,"264":6,"265":2,"266":2,"267":1,"268":1,"269":1,"270":1,"271":3,"272":3,"273":3,"274":3,"275":3,"276":3,"277":0,"278":0,"279":3,"280":3,"281":3,"282":3,"283":3,"284":3,"285":3,"286":3,"287":1,"288":1,"289":0,"290":0,"291":1,"292":1,"293":1,"294":2,"295":3,"296":3,"297":3,"298":0,"299":0,"300":2,"301":2,"302":2,"303":1,"304":1,"305":9,"306":9,"307":1,"308":1,"309":1,"310":1,"311":1,"312":1,"313":9,"314":1,"315":1,"316":1,"317":1,"318":10,"319":10,"320":10,"321":10,"322":0,"323":0,"324":0,"325":1,"326":1,"327":1,"328":1,"329":3,"330":3,"331":3,"332":3,"333":3,"334":3,"335":3,"336":3,"337":3,"338":3,"339":3,"340":3,"341":3,"342":3,"343":2,"344":3,"345":3,"346":0,"347":3,"348":3,"349":0,"350":0,"351":3,"352":3,"353":3,"354":13,"355":13,"356":13,"357":13,"358":0,"359":0,"360":0,"361":0,"362":0,"363":0,"364":3,"365":3,"366":3,"367":10,"368":10,"369":10,"370":10,"371":10,"372":10,"373":10,"374":10,"375":10,"376":10,"377":10,"378":10,"379":10,"380":10,"381":10,"382":10,"383":10,"384":10,"385":10,"386":9,"387":9,"388":9,"389":10,"390":10,"391":10,"392":10,"393":10,"394":3,"395":3,"396":3,"397":0,"398":0,"399":0,"400":0,"401":0,"402":0,"403":3,"404":3,"405":3,"406":0,"407":0,"408":0,"409":0,"410":0,"411":3,"412":3,"413":3,"414":0,"415":0,"416":0,"417":0,"418":0,"419":0,"420":3,"421":3,"422":3,"423":0,"424":0,"425":0,"426":0,"427":0,"428":0,"429":0,"430":0,"431":0,"432":0,"433":0,"434":0,"435":0,"436":0,"437":0,"438":0,"439":0,"440":0,"441":0,"442":0,"443":0,"444":0,"445":0,"446":0,"447":0,"448":0,"449":0,"450":0,"451":0,"452":0,"453":0,"454":0,"455":0,"456":0,"457":0,"458":0,"459":0,"460":0,"461":0,"462":0,"463":0,"464":0,"465":0,"466":0,"467":0,"468":0,"469":0,"470":0,"471":0,"472":0,"473":0,"474":0,"475":0,"476":0,"477":0,"478":0,"479":0,"480":0,"481":0,"482":0,"483":0,"484":0,"485":0,"486":0,"487":0,"488":0,"489":0,"490":0,"491":0,"492":0,"493":0,"494":0,"495":3,"496":3,"497":3,"498":3,"499":3,"500":3,"501":3,"502":3,"503":3,"504":3,"505":3,"506":3,"507":3,"508":3,"509":3,"510":3,"511":3,"512":3,"513":3,"514":3,"515":3,"516":3,"517":0,"518":0,"519":0,"520":3,"521":2,"522":2,"523":1,"524":1,"525":2,"526":3,"527":0,"528":0,"529":3,"530":3,"531":3,"532":3,"533":1,"534":1,"535":1,"536":1,"537":1,"538":1,"539":1,"540":1,"541":3,"542":3,"543":3,"544":3,"545":3,"546":3,"547":3,"548":3,"549":3,"550":3,"551":0,"552":0,"553":3,"554":1,"555":1,"556":2,"557":2,"558":3,"559":3,"560":3,"561":3,"562":1,"563":1,"564":1,"565":0,"566":0,"567":1,"568":0,"569":0,"570":1,"571":1,"572":1,"573":3,"574":3,"575":3,"576":2,"577":2,"578":2,"579":0,"580":0,"581":2,"582":0,"583":0,"584":2,"585":2,"586":2,"587":0,"588":0,"589":2,"590":2,"591":2,"592":3,"593":3,"594":3,"595":0,"596":0,"597":0,"598":0,"599":0,"600":3,"601":3,"602":3,"603":2,"604":3,"605":3,"606":3,"607":5,"608":3,"609":3,"610":3,"611":0,"612":3,"613":3,"614":3,"615":0,"616":0,"617":0,"618":0,"619":0,"620":0,"621":0,"622":0,"623":0,"624":0,"625":0,"626":0,"627":0,"628":0,"629":0,"630":0,"631":3,"632":3,"633":3,"634":1,"635":1,"636":1,"637":1,"638":1,"639":1,"640":1,"641":1,"642":1,"643":1,"644":1,"645":3,"646":3,"647":3,"648":3,"649":0,"650":0,"651":0,"652":0,"653":0,"654":0,"655":0,"656":0,"657":0,"658":3,"659":3,"660":0,"661":3,"662":3,"663":0,"664":3,"665":3,"666":3,"667":3,"668":3,"669":3,"670":0,"671":0,"672":0,"673":0,"674":0,"675":3,"676":3,"677":3,"678":1,"679":1,"680":1,"681":1,"682":1,"683":0,"684":0,"685":0},"branchMap":{"0":{"type":"branch","line":192,"loc":{"start":{"line":192,"column":0},"end":{"line":246,"column":1}},"locations":[{"start":{"line":192,"column":0},"end":{"line":246,"column":1}}]},"1":{"type":"branch","line":194,"loc":{"start":{"line":194,"column":14},"end":{"line":196,"column":3}},"locations":[{"start":{"line":194,"column":14},"end":{"line":196,"column":3}}]},"2":{"type":"branch","line":202,"loc":{"start":{"line":202,"column":43},"end":{"line":231,"column":3}},"locations":[{"start":{"line":202,"column":43},"end":{"line":231,"column":3}}]},"3":{"type":"branch","line":204,"loc":{"start":{"line":204,"column":20},"end":{"line":204,"column":38}},"locations":[{"start":{"line":204,"column":20},"end":{"line":204,"column":38}}]},"4":{"type":"branch","line":204,"loc":{"start":{"line":204,"column":40},"end":{"line":210,"column":5}},"locations":[{"start":{"line":204,"column":40},"end":{"line":210,"column":5}}]},"5":{"type":"branch","line":205,"loc":{"start":{"line":205,"column":18},"end":{"line":208,"column":7}},"locations":[{"start":{"line":205,"column":18},"end":{"line":208,"column":7}}]},"6":{"type":"branch","line":211,"loc":{"start":{"line":211,"column":-1},"end":{"line":212,"column":22}},"locations":[{"start":{"line":211,"column":-1},"end":{"line":212,"column":22}}]},"7":{"type":"branch","line":212,"loc":{"start":{"line":212,"column":22},"end":{"line":219,"column":5}},"locations":[{"start":{"line":212,"column":22},"end":{"line":219,"column":5}}]},"8":{"type":"branch","line":220,"loc":{"start":{"line":220,"column":-1},"end":{"line":221,"column":22}},"locations":[{"start":{"line":220,"column":-1},"end":{"line":221,"column":22}}]},"9":{"type":"branch","line":221,"loc":{"start":{"line":221,"column":22},"end":{"line":228,"column":5}},"locations":[{"start":{"line":221,"column":22},"end":{"line":228,"column":5}}]},"10":{"type":"branch","line":229,"loc":{"start":{"line":229,"column":-1},"end":{"line":231,"column":3}},"locations":[{"start":{"line":229,"column":-1},"end":{"line":231,"column":3}}]},"11":{"type":"branch","line":239,"loc":{"start":{"line":239,"column":41},"end":{"line":244,"column":3}},"locations":[{"start":{"line":239,"column":41},"end":{"line":244,"column":3}}]},"12":{"type":"branch","line":251,"loc":{"start":{"line":251,"column":0},"end":{"line":267,"column":1}},"locations":[{"start":{"line":251,"column":0},"end":{"line":267,"column":1}}]},"13":{"type":"branch","line":253,"loc":{"start":{"line":253,"column":30},"end":{"line":265,"column":3}},"locations":[{"start":{"line":253,"column":30},"end":{"line":265,"column":3}}]},"14":{"type":"branch","line":254,"loc":{"start":{"line":254,"column":25},"end":{"line":256,"column":5}},"locations":[{"start":{"line":254,"column":25},"end":{"line":256,"column":5}}]},"15":{"type":"branch","line":257,"loc":{"start":{"line":257,"column":39},"end":{"line":257,"column":54}},"locations":[{"start":{"line":257,"column":39},"end":{"line":257,"column":54}}]},"16":{"type":"branch","line":257,"loc":{"start":{"line":257,"column":55},"end":{"line":257,"column":62}},"locations":[{"start":{"line":257,"column":55},"end":{"line":257,"column":62}}]},"17":{"type":"branch","line":258,"loc":{"start":{"line":258,"column":32},"end":{"line":260,"column":5}},"locations":[{"start":{"line":258,"column":32},"end":{"line":260,"column":5}}]},"18":{"type":"branch","line":260,"loc":{"start":{"line":260,"column":5},"end":{"line":264,"column":5}},"locations":[{"start":{"line":260,"column":5},"end":{"line":264,"column":5}}]},"19":{"type":"branch","line":262,"loc":{"start":{"line":262,"column":5},"end":{"line":264,"column":5}},"locations":[{"start":{"line":262,"column":5},"end":{"line":264,"column":5}}]},"20":{"type":"branch","line":272,"loc":{"start":{"line":272,"column":0},"end":{"line":303,"column":1}},"locations":[{"start":{"line":272,"column":0},"end":{"line":303,"column":1}}]},"21":{"type":"branch","line":277,"loc":{"start":{"line":277,"column":27},"end":{"line":279,"column":3}},"locations":[{"start":{"line":277,"column":27},"end":{"line":279,"column":3}}]},"22":{"type":"branch","line":283,"loc":{"start":{"line":283,"column":29},"end":{"line":283,"column":65}},"locations":[{"start":{"line":283,"column":29},"end":{"line":283,"column":65}}]},"23":{"type":"branch","line":283,"loc":{"start":{"line":283,"column":66},"end":{"line":283,"column":107}},"locations":[{"start":{"line":283,"column":66},"end":{"line":283,"column":107}}]},"24":{"type":"branch","line":284,"loc":{"start":{"line":284,"column":38},"end":{"line":284,"column":60}},"locations":[{"start":{"line":284,"column":38},"end":{"line":284,"column":60}}]},"25":{"type":"branch","line":284,"loc":{"start":{"line":284,"column":61},"end":{"line":284,"column":75}},"locations":[{"start":{"line":284,"column":61},"end":{"line":284,"column":75}}]},"26":{"type":"branch","line":284,"loc":{"start":{"line":284,"column":76},"end":{"line":284,"column":82}},"locations":[{"start":{"line":284,"column":76},"end":{"line":284,"column":82}}]},"27":{"type":"branch","line":287,"loc":{"start":{"line":287,"column":25},"end":{"line":294,"column":3}},"locations":[{"start":{"line":287,"column":25},"end":{"line":294,"column":3}}]},"28":{"type":"branch","line":288,"loc":{"start":{"line":288,"column":115},"end":{"line":288,"column":131}},"locations":[{"start":{"line":288,"column":115},"end":{"line":288,"column":131}}]},"29":{"type":"branch","line":289,"loc":{"start":{"line":289,"column":36},"end":{"line":291,"column":5}},"locations":[{"start":{"line":289,"column":36},"end":{"line":291,"column":5}}]},"30":{"type":"branch","line":295,"loc":{"start":{"line":295,"column":-1},"end":{"line":296,"column":24}},"locations":[{"start":{"line":295,"column":-1},"end":{"line":296,"column":24}}]},"31":{"type":"branch","line":296,"loc":{"start":{"line":296,"column":20},"end":{"line":296,"column":63}},"locations":[{"start":{"line":296,"column":20},"end":{"line":296,"column":63}}]},"32":{"type":"branch","line":298,"loc":{"start":{"line":298,"column":29},"end":{"line":300,"column":3}},"locations":[{"start":{"line":298,"column":29},"end":{"line":300,"column":3}}]},"33":{"type":"branch","line":301,"loc":{"start":{"line":301,"column":-1},"end":{"line":303,"column":1}},"locations":[{"start":{"line":301,"column":-1},"end":{"line":303,"column":1}}]},"34":{"type":"branch","line":306,"loc":{"start":{"line":306,"column":0},"end":{"line":314,"column":1}},"locations":[{"start":{"line":306,"column":0},"end":{"line":314,"column":1}}]},"35":{"type":"branch","line":307,"loc":{"start":{"line":307,"column":33},"end":{"line":313,"column":3}},"locations":[{"start":{"line":307,"column":33},"end":{"line":313,"column":3}}]},"36":{"type":"branch","line":319,"loc":{"start":{"line":319,"column":0},"end":{"line":325,"column":1}},"locations":[{"start":{"line":319,"column":0},"end":{"line":325,"column":1}}]},"37":{"type":"branch","line":323,"loc":{"start":{"line":323,"column":-1},"end":{"line":325,"column":1}},"locations":[{"start":{"line":323,"column":-1},"end":{"line":325,"column":1}}]},"38":{"type":"branch","line":330,"loc":{"start":{"line":330,"column":0},"end":{"line":678,"column":1}},"locations":[{"start":{"line":330,"column":0},"end":{"line":678,"column":1}}]},"39":{"type":"branch","line":670,"loc":{"start":{"line":670,"column":46},"end":{"line":675,"column":3}},"locations":[{"start":{"line":670,"column":46},"end":{"line":675,"column":3}}]},"40":{"type":"branch","line":343,"loc":{"start":{"line":343,"column":4},"end":{"line":345,"column":5}},"locations":[{"start":{"line":343,"column":4},"end":{"line":345,"column":5}}]},"41":{"type":"branch","line":344,"loc":{"start":{"line":344,"column":38},"end":{"line":344,"column":47}},"locations":[{"start":{"line":344,"column":38},"end":{"line":344,"column":47}}]},"42":{"type":"branch","line":354,"loc":{"start":{"line":354,"column":20},"end":{"line":365,"column":3}},"locations":[{"start":{"line":354,"column":20},"end":{"line":365,"column":3}}]},"43":{"type":"branch","line":356,"loc":{"start":{"line":356,"column":18},"end":{"line":356,"column":42}},"locations":[{"start":{"line":356,"column":18},"end":{"line":356,"column":42}}]},"44":{"type":"branch","line":359,"loc":{"start":{"line":359,"column":-1},"end":{"line":365,"column":3}},"locations":[{"start":{"line":359,"column":-1},"end":{"line":365,"column":3}}]},"45":{"type":"branch","line":367,"loc":{"start":{"line":367,"column":22},"end":{"line":395,"column":3}},"locations":[{"start":{"line":367,"column":22},"end":{"line":395,"column":3}}]},"46":{"type":"branch","line":383,"loc":{"start":{"line":383,"column":23},"end":{"line":390,"column":5}},"locations":[{"start":{"line":383,"column":23},"end":{"line":390,"column":5}}]},"47":{"type":"branch","line":386,"loc":{"start":{"line":386,"column":19},"end":{"line":389,"column":7}},"locations":[{"start":{"line":386,"column":19},"end":{"line":389,"column":7}}]},"48":{"type":"branch","line":499,"loc":{"start":{"line":499,"column":4},"end":{"line":546,"column":5}},"locations":[{"start":{"line":499,"column":4},"end":{"line":546,"column":5}}]},"49":{"type":"branch","line":500,"loc":{"start":{"line":500,"column":49},"end":{"line":545,"column":7}},"locations":[{"start":{"line":500,"column":49},"end":{"line":545,"column":7}}]},"50":{"type":"branch","line":502,"loc":{"start":{"line":502,"column":30},"end":{"line":502,"column":48}},"locations":[{"start":{"line":502,"column":30},"end":{"line":502,"column":48}}]},"51":{"type":"branch","line":502,"loc":{"start":{"line":502,"column":42},"end":{"line":502,"column":48}},"locations":[{"start":{"line":502,"column":42},"end":{"line":502,"column":48}}]},"52":{"type":"branch","line":502,"loc":{"start":{"line":502,"column":48},"end":{"line":502,"column":66}},"locations":[{"start":{"line":502,"column":48},"end":{"line":502,"column":66}}]},"53":{"type":"branch","line":503,"loc":{"start":{"line":503,"column":46},"end":{"line":503,"column":72}},"locations":[{"start":{"line":503,"column":46},"end":{"line":503,"column":72}}]},"54":{"type":"branch","line":503,"loc":{"start":{"line":503,"column":58},"end":{"line":503,"column":72}},"locations":[{"start":{"line":503,"column":58},"end":{"line":503,"column":72}}]},"55":{"type":"branch","line":503,"loc":{"start":{"line":503,"column":72},"end":{"line":503,"column":85}},"locations":[{"start":{"line":503,"column":72},"end":{"line":503,"column":85}}]},"56":{"type":"branch","line":509,"loc":{"start":{"line":509,"column":27},"end":{"line":509,"column":36}},"locations":[{"start":{"line":509,"column":27},"end":{"line":509,"column":36}}]},"57":{"type":"branch","line":510,"loc":{"start":{"line":510,"column":25},"end":{"line":510,"column":32}},"locations":[{"start":{"line":510,"column":25},"end":{"line":510,"column":32}}]},"58":{"type":"branch","line":511,"loc":{"start":{"line":511,"column":25},"end":{"line":511,"column":32}},"locations":[{"start":{"line":511,"column":25},"end":{"line":511,"column":32}}]},"59":{"type":"branch","line":513,"loc":{"start":{"line":513,"column":25},"end":{"line":513,"column":32}},"locations":[{"start":{"line":513,"column":25},"end":{"line":513,"column":32}}]},"60":{"type":"branch","line":517,"loc":{"start":{"line":517,"column":27},"end":{"line":520,"column":9}},"locations":[{"start":{"line":517,"column":27},"end":{"line":520,"column":9}}]},"61":{"type":"branch","line":521,"loc":{"start":{"line":521,"column":45},"end":{"line":526,"column":9}},"locations":[{"start":{"line":521,"column":45},"end":{"line":526,"column":9}}]},"62":{"type":"branch","line":523,"loc":{"start":{"line":523,"column":44},"end":{"line":525,"column":11}},"locations":[{"start":{"line":523,"column":44},"end":{"line":525,"column":11}}]},"63":{"type":"branch","line":527,"loc":{"start":{"line":527,"column":37},"end":{"line":529,"column":9}},"locations":[{"start":{"line":527,"column":37},"end":{"line":529,"column":9}}]},"64":{"type":"branch","line":533,"loc":{"start":{"line":533,"column":24},"end":{"line":542,"column":9}},"locations":[{"start":{"line":533,"column":24},"end":{"line":542,"column":9}}]},"65":{"type":"branch","line":534,"loc":{"start":{"line":534,"column":53},"end":{"line":541,"column":11}},"locations":[{"start":{"line":534,"column":53},"end":{"line":541,"column":11}}]},"66":{"type":"branch","line":548,"loc":{"start":{"line":548,"column":4},"end":{"line":560,"column":5}},"locations":[{"start":{"line":548,"column":4},"end":{"line":560,"column":5}}]},"67":{"type":"branch","line":549,"loc":{"start":{"line":549,"column":50},"end":{"line":559,"column":7}},"locations":[{"start":{"line":549,"column":50},"end":{"line":559,"column":7}}]},"68":{"type":"branch","line":551,"loc":{"start":{"line":551,"column":21},"end":{"line":553,"column":9}},"locations":[{"start":{"line":551,"column":21},"end":{"line":553,"column":9}}]},"69":{"type":"branch","line":554,"loc":{"start":{"line":554,"column":28},"end":{"line":556,"column":9}},"locations":[{"start":{"line":554,"column":28},"end":{"line":556,"column":9}}]},"70":{"type":"branch","line":557,"loc":{"start":{"line":557,"column":-1},"end":{"line":559,"column":7}},"locations":[{"start":{"line":557,"column":-1},"end":{"line":559,"column":7}}]},"71":{"type":"branch","line":562,"loc":{"start":{"line":562,"column":4},"end":{"line":574,"column":5}},"locations":[{"start":{"line":562,"column":4},"end":{"line":574,"column":5}}]},"72":{"type":"branch","line":563,"loc":{"start":{"line":563,"column":48},"end":{"line":573,"column":7}},"locations":[{"start":{"line":563,"column":48},"end":{"line":573,"column":7}}]},"73":{"type":"branch","line":565,"loc":{"start":{"line":565,"column":21},"end":{"line":567,"column":9}},"locations":[{"start":{"line":565,"column":21},"end":{"line":567,"column":9}}]},"74":{"type":"branch","line":568,"loc":{"start":{"line":568,"column":26},"end":{"line":570,"column":9}},"locations":[{"start":{"line":568,"column":26},"end":{"line":570,"column":9}}]},"75":{"type":"branch","line":576,"loc":{"start":{"line":576,"column":4},"end":{"line":593,"column":5}},"locations":[{"start":{"line":576,"column":4},"end":{"line":593,"column":5}}]},"76":{"type":"branch","line":577,"loc":{"start":{"line":577,"column":53},"end":{"line":592,"column":7}},"locations":[{"start":{"line":577,"column":53},"end":{"line":592,"column":7}}]},"77":{"type":"branch","line":579,"loc":{"start":{"line":579,"column":21},"end":{"line":581,"column":9}},"locations":[{"start":{"line":579,"column":21},"end":{"line":581,"column":9}}]},"78":{"type":"branch","line":582,"loc":{"start":{"line":582,"column":42},"end":{"line":584,"column":9}},"locations":[{"start":{"line":582,"column":42},"end":{"line":584,"column":9}}]},"79":{"type":"branch","line":587,"loc":{"start":{"line":587,"column":40},"end":{"line":589,"column":9}},"locations":[{"start":{"line":587,"column":40},"end":{"line":589,"column":9}}]},"80":{"type":"branch","line":603,"loc":{"start":{"line":603,"column":4},"end":{"line":605,"column":5}},"locations":[{"start":{"line":603,"column":4},"end":{"line":605,"column":5}}]},"81":{"type":"branch","line":604,"loc":{"start":{"line":604,"column":38},"end":{"line":604,"column":47}},"locations":[{"start":{"line":604,"column":38},"end":{"line":604,"column":47}}]},"82":{"type":"branch","line":607,"loc":{"start":{"line":607,"column":4},"end":{"line":609,"column":5}},"locations":[{"start":{"line":607,"column":4},"end":{"line":609,"column":5}}]},"83":{"type":"branch","line":608,"loc":{"start":{"line":608,"column":36},"end":{"line":608,"column":45}},"locations":[{"start":{"line":608,"column":36},"end":{"line":608,"column":45}}]},"84":{"type":"branch","line":634,"loc":{"start":{"line":634,"column":4},"end":{"line":645,"column":5}},"locations":[{"start":{"line":634,"column":4},"end":{"line":645,"column":5}}]},"85":{"type":"branch","line":642,"loc":{"start":{"line":642,"column":13},"end":{"line":644,"column":7}},"locations":[{"start":{"line":642,"column":13},"end":{"line":644,"column":7}}]}},"b":{"0":[2],"1":[0],"2":[26],"3":[2],"4":[2],"5":[0],"6":[24],"7":[2],"8":[22],"9":[2],"10":[20],"11":[0],"12":[2],"13":[6],"14":[0],"15":[2],"16":[4],"17":[2],"18":[4],"19":[0],"20":[3],"21":[0],"22":[1],"23":[2],"24":[1],"25":[1],"26":[2],"27":[1],"28":[0],"29":[0],"30":[2],"31":[0],"32":[0],"33":[2],"34":[9],"35":[1],"36":[10],"37":[0],"38":[3],"39":[0],"40":[2],"41":[0],"42":[13],"43":[0],"44":[0],"45":[10],"46":[10],"47":[9],"48":[3],"49":[3],"50":[2],"51":[0],"52":[2],"53":[1],"54":[0],"55":[1],"56":[0],"57":[0],"58":[0],"59":[0],"60":[0],"61":[2],"62":[1],"63":[0],"64":[1],"65":[1],"66":[3],"67":[3],"68":[0],"69":[1],"70":[2],"71":[1],"72":[1],"73":[0],"74":[0],"75":[2],"76":[2],"77":[0],"78":[0],"79":[0],"80":[2],"81":[0],"82":[5],"83":[0],"84":[1],"85":[1]},"fnMap":{"0":{"name":"parsePath","decl":{"start":{"line":192,"column":0},"end":{"line":246,"column":1}},"loc":{"start":{"line":192,"column":0},"end":{"line":246,"column":1}},"line":192},"1":{"name":"getAtPath","decl":{"start":{"line":251,"column":0},"end":{"line":267,"column":1}},"loc":{"start":{"line":251,"column":0},"end":{"line":267,"column":1}},"line":251},"2":{"name":"setAtPath","decl":{"start":{"line":272,"column":0},"end":{"line":303,"column":1}},"loc":{"start":{"line":272,"column":0},"end":{"line":303,"column":1}},"line":272},"3":{"name":"notifySubscribers","decl":{"start":{"line":306,"column":0},"end":{"line":314,"column":1}},"loc":{"start":{"line":306,"column":0},"end":{"line":314,"column":1}},"line":306},"4":{"name":"composeMiddleware","decl":{"start":{"line":319,"column":0},"end":{"line":325,"column":1}},"loc":{"start":{"line":319,"column":0},"end":{"line":325,"column":1}},"line":319},"5":{"name":"createFormStore","decl":{"start":{"line":330,"column":0},"end":{"line":678,"column":1}},"loc":{"start":{"line":330,"column":0},"end":{"line":678,"column":1}},"line":330},"6":{"name":"getTouched","decl":{"start":{"line":343,"column":4},"end":{"line":345,"column":5}},"loc":{"start":{"line":343,"column":4},"end":{"line":345,"column":5}},"line":343},"7":{"name":"getDirty","decl":{"start":{"line":346,"column":4},"end":{"line":348,"column":5}},"loc":{"start":{"line":346,"column":4},"end":{"line":348,"column":5}},"line":346},"8":{"name":"getError","decl":{"start":{"line":349,"column":4},"end":{"line":351,"column":5}},"loc":{"start":{"line":349,"column":4},"end":{"line":351,"column":5}},"line":349},"9":{"name":"emitEvent","decl":{"start":{"line":354,"column":20},"end":{"line":365,"column":3}},"loc":{"start":{"line":354,"column":20},"end":{"line":365,"column":3}},"line":354},"10":{"name":"runMutation","decl":{"start":{"line":367,"column":22},"end":{"line":395,"column":3}},"loc":{"start":{"line":367,"column":22},"end":{"line":395,"column":3}},"line":367},"11":{"name":"base","decl":{"start":{"line":383,"column":23},"end":{"line":390,"column":5}},"loc":{"start":{"line":383,"column":23},"end":{"line":390,"column":5}},"line":383},"12":{"name":"ensureValidatorEntry","decl":{"start":{"line":397,"column":31},"end":{"line":404,"column":3}},"loc":{"start":{"line":397,"column":31},"end":{"line":404,"column":3}},"line":397},"13":{"name":"addValidatorInternal","decl":{"start":{"line":406,"column":31},"end":{"line":412,"column":3}},"loc":{"start":{"line":406,"column":31},"end":{"line":412,"column":3}},"line":406},"14":{"name":"getValidationBucket","decl":{"start":{"line":414,"column":30},"end":{"line":421,"column":3}},"loc":{"start":{"line":414,"column":30},"end":{"line":421,"column":3}},"line":414},"15":{"name":"performValidation","decl":{"start":{"line":423,"column":28},"end":{"line":496,"column":3}},"loc":{"start":{"line":423,"column":28},"end":{"line":496,"column":3}},"line":423},"16":{"name":"register","decl":{"start":{"line":499,"column":4},"end":{"line":546,"column":5}},"loc":{"start":{"line":499,"column":4},"end":{"line":546,"column":5}},"line":499},"17":{"name":"cleanup","decl":{"start":{"line":533,"column":24},"end":{"line":542,"column":9}},"loc":{"start":{"line":533,"column":24},"end":{"line":542,"column":9}},"line":533},"18":{"name":"markTouched","decl":{"start":{"line":548,"column":4},"end":{"line":560,"column":5}},"loc":{"start":{"line":548,"column":4},"end":{"line":560,"column":5}},"line":548},"19":{"name":"markDirty","decl":{"start":{"line":562,"column":4},"end":{"line":574,"column":5}},"loc":{"start":{"line":562,"column":4},"end":{"line":574,"column":5}},"line":562},"20":{"name":"setControlledValue","decl":{"start":{"line":576,"column":4},"end":{"line":593,"column":5}},"loc":{"start":{"line":576,"column":4},"end":{"line":593,"column":5}},"line":576},"21":{"name":"validate","decl":{"start":{"line":595,"column":4},"end":{"line":601,"column":5}},"loc":{"start":{"line":595,"column":4},"end":{"line":601,"column":5}},"line":595},"22":{"name":"getTouched","decl":{"start":{"line":603,"column":4},"end":{"line":605,"column":5}},"loc":{"start":{"line":603,"column":4},"end":{"line":605,"column":5}},"line":603},"23":{"name":"getDirty","decl":{"start":{"line":607,"column":4},"end":{"line":609,"column":5}},"loc":{"start":{"line":607,"column":4},"end":{"line":609,"column":5}},"line":607},"24":{"name":"getError","decl":{"start":{"line":611,"column":4},"end":{"line":613,"column":5}},"loc":{"start":{"line":611,"column":4},"end":{"line":613,"column":5}},"line":611},"25":{"name":"read","decl":{"start":{"line":615,"column":4},"end":{"line":632,"column":5}},"loc":{"start":{"line":615,"column":4},"end":{"line":632,"column":5}},"line":615},"26":{"name":"subscribe","decl":{"start":{"line":634,"column":4},"end":{"line":645,"column":5}},"loc":{"start":{"line":634,"column":4},"end":{"line":645,"column":5}},"line":634},"27":{"name":"on","decl":{"start":{"line":649,"column":4},"end":{"line":659,"column":5}},"loc":{"start":{"line":649,"column":4},"end":{"line":659,"column":5}},"line":649},"28":{"name":"addMiddleware","decl":{"start":{"line":660,"column":4},"end":{"line":662,"column":5}},"loc":{"start":{"line":660,"column":4},"end":{"line":662,"column":5}},"line":660},"29":{"name":"addValidator","decl":{"start":{"line":663,"column":4},"end":{"line":665,"column":5}},"loc":{"start":{"line":663,"column":4},"end":{"line":665,"column":5}},"line":663},"30":{"name":"useRezendForm","decl":{"start":{"line":684,"column":0},"end":{"line":686,"column":1}},"loc":{"start":{"line":684,"column":0},"end":{"line":686,"column":1}},"line":684}},"f":{"0":2,"1":2,"2":3,"3":9,"4":10,"5":3,"6":2,"7":0,"8":0,"9":13,"10":10,"11":10,"12":0,"13":0,"14":0,"15":0,"16":3,"17":1,"18":3,"19":1,"20":2,"21":0,"22":2,"23":5,"24":0,"25":0,"26":1,"27":0,"28":0,"29":0,"30":0}}
}
