{"/Users/mc2/Projects/rezend-form-2/packages/core/src/index.ts": {"path":"/Users/mc2/Projects/rezend-form-2/packages/core/src/index.ts","all":false,"statementMap":{"0":{"start":{"line":1,"column":0},"end":{"line":1,"column":3}},"1":{"start":{"line":2,"column":0},"end":{"line":2,"column":24}},"2":{"start":{"line":3,"column":0},"end":{"line":3,"column":62}},"3":{"start":{"line":4,"column":0},"end":{"line":4,"column":89}},"4":{"start":{"line":5,"column":0},"end":{"line":5,"column":3}},"5":{"start":{"line":6,"column":0},"end":{"line":6,"column":0}},"6":{"start":{"line":7,"column":0},"end":{"line":7,"column":52}},"7":{"start":{"line":8,"column":0},"end":{"line":8,"column":29}},"8":{"start":{"line":9,"column":0},"end":{"line":9,"column":0}},"9":{"start":{"line":10,"column":0},"end":{"line":10,"column":55}},"10":{"start":{"line":11,"column":0},"end":{"line":11,"column":0}},"11":{"start":{"line":12,"column":0},"end":{"line":12,"column":3}},"12":{"start":{"line":13,"column":0},"end":{"line":13,"column":69}},"13":{"start":{"line":14,"column":0},"end":{"line":14,"column":3}},"14":{"start":{"line":15,"column":0},"end":{"line":15,"column":31}},"15":{"start":{"line":16,"column":0},"end":{"line":16,"column":0}},"16":{"start":{"line":17,"column":0},"end":{"line":17,"column":3}},"17":{"start":{"line":18,"column":0},"end":{"line":18,"column":45}},"18":{"start":{"line":19,"column":0},"end":{"line":19,"column":3}},"19":{"start":{"line":20,"column":0},"end":{"line":20,"column":35}},"20":{"start":{"line":21,"column":0},"end":{"line":21,"column":55}},"21":{"start":{"line":22,"column":0},"end":{"line":22,"column":14}},"22":{"start":{"line":23,"column":0},"end":{"line":23,"column":64}},"23":{"start":{"line":24,"column":0},"end":{"line":24,"column":19}},"24":{"start":{"line":25,"column":0},"end":{"line":25,"column":1}},"25":{"start":{"line":26,"column":0},"end":{"line":26,"column":0}},"26":{"start":{"line":27,"column":0},"end":{"line":27,"column":3}},"27":{"start":{"line":28,"column":0},"end":{"line":28,"column":58}},"28":{"start":{"line":29,"column":0},"end":{"line":29,"column":3}},"29":{"start":{"line":30,"column":0},"end":{"line":30,"column":25}},"30":{"start":{"line":31,"column":0},"end":{"line":31,"column":17}},"31":{"start":{"line":32,"column":0},"end":{"line":32,"column":18}},"32":{"start":{"line":33,"column":0},"end":{"line":33,"column":20}},"33":{"start":{"line":34,"column":0},"end":{"line":34,"column":50}},"34":{"start":{"line":35,"column":0},"end":{"line":35,"column":0}},"35":{"start":{"line":36,"column":0},"end":{"line":36,"column":3}},"36":{"start":{"line":37,"column":0},"end":{"line":37,"column":60}},"37":{"start":{"line":38,"column":0},"end":{"line":38,"column":3}},"38":{"start":{"line":39,"column":0},"end":{"line":39,"column":27}},"39":{"start":{"line":40,"column":0},"end":{"line":40,"column":69}},"40":{"start":{"line":41,"column":0},"end":{"line":41,"column":39}},"41":{"start":{"line":42,"column":0},"end":{"line":42,"column":81}},"42":{"start":{"line":43,"column":0},"end":{"line":43,"column":37}},"43":{"start":{"line":44,"column":0},"end":{"line":44,"column":75}},"44":{"start":{"line":45,"column":0},"end":{"line":45,"column":43}},"45":{"start":{"line":46,"column":0},"end":{"line":46,"column":1}},"46":{"start":{"line":47,"column":0},"end":{"line":47,"column":0}},"47":{"start":{"line":48,"column":0},"end":{"line":48,"column":54}},"48":{"start":{"line":49,"column":0},"end":{"line":49,"column":34}},"49":{"start":{"line":50,"column":0},"end":{"line":50,"column":54}},"50":{"start":{"line":51,"column":0},"end":{"line":51,"column":39}},"51":{"start":{"line":52,"column":0},"end":{"line":52,"column":34}},"52":{"start":{"line":53,"column":0},"end":{"line":53,"column":23}},"53":{"start":{"line":54,"column":0},"end":{"line":54,"column":54}},"54":{"start":{"line":55,"column":0},"end":{"line":55,"column":25}},"55":{"start":{"line":56,"column":0},"end":{"line":56,"column":37}},"56":{"start":{"line":57,"column":0},"end":{"line":57,"column":17}},"57":{"start":{"line":58,"column":0},"end":{"line":58,"column":1}},"58":{"start":{"line":59,"column":0},"end":{"line":59,"column":0}},"59":{"start":{"line":60,"column":0},"end":{"line":60,"column":43}},"60":{"start":{"line":61,"column":0},"end":{"line":61,"column":82}},"61":{"start":{"line":62,"column":0},"end":{"line":62,"column":0}},"62":{"start":{"line":63,"column":0},"end":{"line":63,"column":3}},"63":{"start":{"line":64,"column":0},"end":{"line":64,"column":46}},"64":{"start":{"line":65,"column":0},"end":{"line":65,"column":3}},"65":{"start":{"line":66,"column":0},"end":{"line":66,"column":25}},"66":{"start":{"line":67,"column":0},"end":{"line":67,"column":56}},"67":{"start":{"line":68,"column":0},"end":{"line":68,"column":15}},"68":{"start":{"line":69,"column":0},"end":{"line":69,"column":48}},"69":{"start":{"line":70,"column":0},"end":{"line":70,"column":30}},"70":{"start":{"line":71,"column":0},"end":{"line":71,"column":42}},"71":{"start":{"line":72,"column":0},"end":{"line":72,"column":20}},"72":{"start":{"line":73,"column":0},"end":{"line":73,"column":72}},"73":{"start":{"line":74,"column":0},"end":{"line":74,"column":16}},"74":{"start":{"line":75,"column":0},"end":{"line":75,"column":61}},"75":{"start":{"line":76,"column":0},"end":{"line":76,"column":14}},"76":{"start":{"line":77,"column":0},"end":{"line":77,"column":1}},"77":{"start":{"line":78,"column":0},"end":{"line":78,"column":0}},"78":{"start":{"line":79,"column":0},"end":{"line":79,"column":52}},"79":{"start":{"line":80,"column":0},"end":{"line":80,"column":41}},"80":{"start":{"line":81,"column":0},"end":{"line":81,"column":0}},"81":{"start":{"line":82,"column":0},"end":{"line":82,"column":36}},"82":{"start":{"line":83,"column":0},"end":{"line":83,"column":46}},"83":{"start":{"line":84,"column":0},"end":{"line":84,"column":0}},"84":{"start":{"line":85,"column":0},"end":{"line":85,"column":3}},"85":{"start":{"line":86,"column":0},"end":{"line":86,"column":57}},"86":{"start":{"line":87,"column":0},"end":{"line":87,"column":3}},"87":{"start":{"line":88,"column":0},"end":{"line":88,"column":32}},"88":{"start":{"line":89,"column":0},"end":{"line":89,"column":45}},"89":{"start":{"line":90,"column":0},"end":{"line":90,"column":107}},"90":{"start":{"line":91,"column":0},"end":{"line":91,"column":46}},"91":{"start":{"line":92,"column":0},"end":{"line":92,"column":38}},"92":{"start":{"line":93,"column":0},"end":{"line":93,"column":47}},"93":{"start":{"line":94,"column":0},"end":{"line":94,"column":58}},"94":{"start":{"line":95,"column":0},"end":{"line":95,"column":40}},"95":{"start":{"line":96,"column":0},"end":{"line":96,"column":48}},"96":{"start":{"line":97,"column":0},"end":{"line":97,"column":53}},"97":{"start":{"line":98,"column":0},"end":{"line":98,"column":36}},"98":{"start":{"line":99,"column":0},"end":{"line":99,"column":52}},"99":{"start":{"line":100,"column":0},"end":{"line":100,"column":59}},"100":{"start":{"line":101,"column":0},"end":{"line":101,"column":0}},"101":{"start":{"line":102,"column":0},"end":{"line":102,"column":5}},"102":{"start":{"line":103,"column":0},"end":{"line":103,"column":57}},"103":{"start":{"line":104,"column":0},"end":{"line":104,"column":5}},"104":{"start":{"line":105,"column":0},"end":{"line":105,"column":32}},"105":{"start":{"line":106,"column":0},"end":{"line":106,"column":1}},"106":{"start":{"line":107,"column":0},"end":{"line":107,"column":0}},"107":{"start":{"line":108,"column":0},"end":{"line":108,"column":46}},"108":{"start":{"line":109,"column":0},"end":{"line":109,"column":25}},"109":{"start":{"line":110,"column":0},"end":{"line":110,"column":42}},"110":{"start":{"line":111,"column":0},"end":{"line":111,"column":15}},"111":{"start":{"line":112,"column":0},"end":{"line":112,"column":59}},"112":{"start":{"line":113,"column":0},"end":{"line":113,"column":49}},"113":{"start":{"line":114,"column":0},"end":{"line":114,"column":1}},"114":{"start":{"line":115,"column":0},"end":{"line":115,"column":0}},"115":{"start":{"line":116,"column":0},"end":{"line":116,"column":51}},"116":{"start":{"line":117,"column":0},"end":{"line":117,"column":37}},"117":{"start":{"line":118,"column":0},"end":{"line":118,"column":71}},"118":{"start":{"line":119,"column":0},"end":{"line":119,"column":28}},"119":{"start":{"line":120,"column":0},"end":{"line":120,"column":63}},"120":{"start":{"line":121,"column":0},"end":{"line":121,"column":21}},"121":{"start":{"line":122,"column":0},"end":{"line":122,"column":60}},"122":{"start":{"line":123,"column":0},"end":{"line":123,"column":45}},"123":{"start":{"line":124,"column":0},"end":{"line":124,"column":1}},"124":{"start":{"line":125,"column":0},"end":{"line":125,"column":0}},"125":{"start":{"line":126,"column":0},"end":{"line":126,"column":3}},"126":{"start":{"line":127,"column":0},"end":{"line":127,"column":38}},"127":{"start":{"line":128,"column":0},"end":{"line":128,"column":3}},"128":{"start":{"line":129,"column":0},"end":{"line":129,"column":28}},"129":{"start":{"line":130,"column":0},"end":{"line":130,"column":5}},"130":{"start":{"line":131,"column":0},"end":{"line":131,"column":49}},"131":{"start":{"line":132,"column":0},"end":{"line":132,"column":51}},"132":{"start":{"line":133,"column":0},"end":{"line":133,"column":5}},"133":{"start":{"line":134,"column":0},"end":{"line":134,"column":64}},"134":{"start":{"line":135,"column":0},"end":{"line":135,"column":0}},"135":{"start":{"line":136,"column":0},"end":{"line":136,"column":78}},"136":{"start":{"line":137,"column":0},"end":{"line":137,"column":37}},"137":{"start":{"line":138,"column":0},"end":{"line":138,"column":0}},"138":{"start":{"line":139,"column":0},"end":{"line":139,"column":61}},"139":{"start":{"line":140,"column":0},"end":{"line":140,"column":35}},"140":{"start":{"line":141,"column":0},"end":{"line":141,"column":0}},"141":{"start":{"line":142,"column":0},"end":{"line":142,"column":5}},"142":{"start":{"line":143,"column":0},"end":{"line":143,"column":50}},"143":{"start":{"line":144,"column":0},"end":{"line":144,"column":66}},"144":{"start":{"line":145,"column":0},"end":{"line":145,"column":5}},"145":{"start":{"line":146,"column":0},"end":{"line":146,"column":60}},"146":{"start":{"line":147,"column":0},"end":{"line":147,"column":0}},"147":{"start":{"line":148,"column":0},"end":{"line":148,"column":5}},"148":{"start":{"line":149,"column":0},"end":{"line":149,"column":47}},"149":{"start":{"line":150,"column":0},"end":{"line":150,"column":56}},"150":{"start":{"line":151,"column":0},"end":{"line":151,"column":5}},"151":{"start":{"line":152,"column":0},"end":{"line":152,"column":75}},"152":{"start":{"line":153,"column":0},"end":{"line":153,"column":0}},"153":{"start":{"line":154,"column":0},"end":{"line":154,"column":62}},"154":{"start":{"line":155,"column":0},"end":{"line":155,"column":39}},"155":{"start":{"line":156,"column":0},"end":{"line":156,"column":37}},"156":{"start":{"line":157,"column":0},"end":{"line":157,"column":43}},"157":{"start":{"line":158,"column":0},"end":{"line":158,"column":0}},"158":{"start":{"line":159,"column":0},"end":{"line":159,"column":5}},"159":{"start":{"line":160,"column":0},"end":{"line":160,"column":77}},"160":{"start":{"line":161,"column":0},"end":{"line":161,"column":60}},"161":{"start":{"line":162,"column":0},"end":{"line":162,"column":67}},"162":{"start":{"line":163,"column":0},"end":{"line":163,"column":5}},"163":{"start":{"line":164,"column":0},"end":{"line":164,"column":60}},"164":{"start":{"line":165,"column":0},"end":{"line":165,"column":0}},"165":{"start":{"line":166,"column":0},"end":{"line":166,"column":5}},"166":{"start":{"line":167,"column":0},"end":{"line":167,"column":50}},"167":{"start":{"line":168,"column":0},"end":{"line":168,"column":62}},"168":{"start":{"line":169,"column":0},"end":{"line":169,"column":61}},"169":{"start":{"line":170,"column":0},"end":{"line":170,"column":5}},"170":{"start":{"line":171,"column":0},"end":{"line":171,"column":81}},"171":{"start":{"line":172,"column":0},"end":{"line":172,"column":0}},"172":{"start":{"line":173,"column":0},"end":{"line":173,"column":5}},"173":{"start":{"line":174,"column":0},"end":{"line":174,"column":60}},"174":{"start":{"line":175,"column":0},"end":{"line":175,"column":65}},"175":{"start":{"line":176,"column":0},"end":{"line":176,"column":5}},"176":{"start":{"line":177,"column":0},"end":{"line":177,"column":59}},"177":{"start":{"line":178,"column":0},"end":{"line":178,"column":0}},"178":{"start":{"line":179,"column":0},"end":{"line":179,"column":5}},"179":{"start":{"line":180,"column":0},"end":{"line":180,"column":57}},"180":{"start":{"line":181,"column":0},"end":{"line":181,"column":5}},"181":{"start":{"line":182,"column":0},"end":{"line":182,"column":18}},"182":{"start":{"line":183,"column":0},"end":{"line":183,"column":1}},"183":{"start":{"line":184,"column":0},"end":{"line":184,"column":0}},"184":{"start":{"line":185,"column":0},"end":{"line":185,"column":34}},"185":{"start":{"line":186,"column":0},"end":{"line":186,"column":23}},"186":{"start":{"line":187,"column":0},"end":{"line":187,"column":38}},"187":{"start":{"line":188,"column":0},"end":{"line":188,"column":24}},"188":{"start":{"line":189,"column":0},"end":{"line":189,"column":24}},"189":{"start":{"line":190,"column":0},"end":{"line":190,"column":27}},"190":{"start":{"line":191,"column":0},"end":{"line":191,"column":29}},"191":{"start":{"line":192,"column":0},"end":{"line":192,"column":19}},"192":{"start":{"line":193,"column":0},"end":{"line":193,"column":17}},"193":{"start":{"line":194,"column":0},"end":{"line":194,"column":23}},"194":{"start":{"line":195,"column":0},"end":{"line":195,"column":17}},"195":{"start":{"line":196,"column":0},"end":{"line":196,"column":16}},"196":{"start":{"line":197,"column":0},"end":{"line":197,"column":1}},"197":{"start":{"line":198,"column":0},"end":{"line":198,"column":0}},"198":{"start":{"line":199,"column":0},"end":{"line":199,"column":38}},"199":{"start":{"line":200,"column":0},"end":{"line":200,"column":27}},"200":{"start":{"line":201,"column":0},"end":{"line":201,"column":38}},"201":{"start":{"line":202,"column":0},"end":{"line":202,"column":31}},"202":{"start":{"line":203,"column":0},"end":{"line":203,"column":15}},"203":{"start":{"line":204,"column":0},"end":{"line":204,"column":1}},"204":{"start":{"line":205,"column":0},"end":{"line":205,"column":0}},"205":{"start":{"line":206,"column":0},"end":{"line":206,"column":35}},"206":{"start":{"line":207,"column":0},"end":{"line":207,"column":29}},"207":{"start":{"line":208,"column":0},"end":{"line":208,"column":29}},"208":{"start":{"line":209,"column":0},"end":{"line":209,"column":26}},"209":{"start":{"line":210,"column":0},"end":{"line":210,"column":1}},"210":{"start":{"line":211,"column":0},"end":{"line":211,"column":0}},"211":{"start":{"line":212,"column":0},"end":{"line":212,"column":67}},"212":{"start":{"line":213,"column":0},"end":{"line":213,"column":29}},"213":{"start":{"line":214,"column":0},"end":{"line":214,"column":18}},"214":{"start":{"line":215,"column":0},"end":{"line":215,"column":1}},"215":{"start":{"line":216,"column":0},"end":{"line":216,"column":0}},"216":{"start":{"line":217,"column":0},"end":{"line":217,"column":87}},"217":{"start":{"line":218,"column":0},"end":{"line":218,"column":11}},"218":{"start":{"line":219,"column":0},"end":{"line":219,"column":24}},"219":{"start":{"line":220,"column":0},"end":{"line":220,"column":3}},"220":{"start":{"line":221,"column":0},"end":{"line":221,"column":25}},"221":{"start":{"line":222,"column":0},"end":{"line":222,"column":34}},"222":{"start":{"line":223,"column":0},"end":{"line":223,"column":3}},"223":{"start":{"line":224,"column":0},"end":{"line":224,"column":23}},"224":{"start":{"line":225,"column":0},"end":{"line":225,"column":1}},"225":{"start":{"line":226,"column":0},"end":{"line":226,"column":0}},"226":{"start":{"line":227,"column":0},"end":{"line":227,"column":3}},"227":{"start":{"line":228,"column":0},"end":{"line":228,"column":63}},"228":{"start":{"line":229,"column":0},"end":{"line":229,"column":3}},"229":{"start":{"line":230,"column":0},"end":{"line":230,"column":63}},"230":{"start":{"line":231,"column":0},"end":{"line":231,"column":37}},"231":{"start":{"line":232,"column":0},"end":{"line":232,"column":15}},"232":{"start":{"line":233,"column":0},"end":{"line":233,"column":18}},"233":{"start":{"line":234,"column":0},"end":{"line":234,"column":3}},"234":{"start":{"line":235,"column":0},"end":{"line":235,"column":0}},"235":{"start":{"line":236,"column":0},"end":{"line":236,"column":30}},"236":{"start":{"line":237,"column":0},"end":{"line":237,"column":18}},"237":{"start":{"line":238,"column":0},"end":{"line":238,"column":28}},"238":{"start":{"line":239,"column":0},"end":{"line":239,"column":0}},"239":{"start":{"line":240,"column":0},"end":{"line":240,"column":44}},"240":{"start":{"line":241,"column":0},"end":{"line":241,"column":25}},"241":{"start":{"line":242,"column":0},"end":{"line":242,"column":41}},"242":{"start":{"line":243,"column":0},"end":{"line":243,"column":19}},"243":{"start":{"line":244,"column":0},"end":{"line":244,"column":28}},"244":{"start":{"line":245,"column":0},"end":{"line":245,"column":20}},"245":{"start":{"line":246,"column":0},"end":{"line":246,"column":7}},"246":{"start":{"line":247,"column":0},"end":{"line":247,"column":15}},"247":{"start":{"line":248,"column":0},"end":{"line":248,"column":5}},"248":{"start":{"line":249,"column":0},"end":{"line":249,"column":0}},"249":{"start":{"line":250,"column":0},"end":{"line":250,"column":23}},"250":{"start":{"line":251,"column":0},"end":{"line":251,"column":19}},"251":{"start":{"line":252,"column":0},"end":{"line":252,"column":28}},"252":{"start":{"line":253,"column":0},"end":{"line":253,"column":20}},"253":{"start":{"line":254,"column":0},"end":{"line":254,"column":7}},"254":{"start":{"line":255,"column":0},"end":{"line":255,"column":27}},"255":{"start":{"line":256,"column":0},"end":{"line":256,"column":15}},"256":{"start":{"line":257,"column":0},"end":{"line":257,"column":5}},"257":{"start":{"line":258,"column":0},"end":{"line":258,"column":0}},"258":{"start":{"line":259,"column":0},"end":{"line":259,"column":23}},"259":{"start":{"line":260,"column":0},"end":{"line":260,"column":19}},"260":{"start":{"line":261,"column":0},"end":{"line":261,"column":28}},"261":{"start":{"line":262,"column":0},"end":{"line":262,"column":20}},"262":{"start":{"line":263,"column":0},"end":{"line":263,"column":7}},"263":{"start":{"line":264,"column":0},"end":{"line":264,"column":28}},"264":{"start":{"line":265,"column":0},"end":{"line":265,"column":15}},"265":{"start":{"line":266,"column":0},"end":{"line":266,"column":5}},"266":{"start":{"line":267,"column":0},"end":{"line":267,"column":0}},"267":{"start":{"line":268,"column":0},"end":{"line":268,"column":19}},"268":{"start":{"line":269,"column":0},"end":{"line":269,"column":3}},"269":{"start":{"line":270,"column":0},"end":{"line":270,"column":0}},"270":{"start":{"line":271,"column":0},"end":{"line":271,"column":15}},"271":{"start":{"line":272,"column":0},"end":{"line":272,"column":24}},"272":{"start":{"line":273,"column":0},"end":{"line":273,"column":3}},"273":{"start":{"line":274,"column":0},"end":{"line":274,"column":0}},"274":{"start":{"line":275,"column":0},"end":{"line":275,"column":47}},"275":{"start":{"line":276,"column":0},"end":{"line":276,"column":30}},"276":{"start":{"line":277,"column":0},"end":{"line":277,"column":42}},"277":{"start":{"line":278,"column":0},"end":{"line":278,"column":42}},"278":{"start":{"line":279,"column":0},"end":{"line":279,"column":22}},"279":{"start":{"line":280,"column":0},"end":{"line":280,"column":36}},"280":{"start":{"line":281,"column":0},"end":{"line":281,"column":5}},"281":{"start":{"line":282,"column":0},"end":{"line":282,"column":3}},"282":{"start":{"line":283,"column":0},"end":{"line":283,"column":16}},"283":{"start":{"line":284,"column":0},"end":{"line":284,"column":1}},"284":{"start":{"line":285,"column":0},"end":{"line":285,"column":0}},"285":{"start":{"line":286,"column":0},"end":{"line":286,"column":3}},"286":{"start":{"line":287,"column":0},"end":{"line":287,"column":46}},"287":{"start":{"line":288,"column":0},"end":{"line":288,"column":3}},"288":{"start":{"line":289,"column":0},"end":{"line":289,"column":87}},"289":{"start":{"line":290,"column":0},"end":{"line":290,"column":50}},"290":{"start":{"line":291,"column":0},"end":{"line":291,"column":17}},"291":{"start":{"line":292,"column":0},"end":{"line":292,"column":3}},"292":{"start":{"line":293,"column":0},"end":{"line":293,"column":0}},"293":{"start":{"line":294,"column":0},"end":{"line":294,"column":53}},"294":{"start":{"line":295,"column":0},"end":{"line":295,"column":97}},"295":{"start":{"line":296,"column":0},"end":{"line":296,"column":16}},"296":{"start":{"line":297,"column":0},"end":{"line":297,"column":3}},"297":{"start":{"line":298,"column":0},"end":{"line":298,"column":0}},"298":{"start":{"line":299,"column":0},"end":{"line":299,"column":39}},"299":{"start":{"line":300,"column":0},"end":{"line":300,"column":17}},"300":{"start":{"line":301,"column":0},"end":{"line":301,"column":3}},"301":{"start":{"line":302,"column":0},"end":{"line":302,"column":0}},"302":{"start":{"line":303,"column":0},"end":{"line":303,"column":61}},"303":{"start":{"line":304,"column":0},"end":{"line":304,"column":1}},"304":{"start":{"line":305,"column":0},"end":{"line":305,"column":0}},"305":{"start":{"line":306,"column":0},"end":{"line":306,"column":3}},"306":{"start":{"line":307,"column":0},"end":{"line":307,"column":46}},"307":{"start":{"line":308,"column":0},"end":{"line":308,"column":3}},"308":{"start":{"line":309,"column":0},"end":{"line":309,"column":77}},"309":{"start":{"line":310,"column":0},"end":{"line":310,"column":29}},"310":{"start":{"line":311,"column":0},"end":{"line":311,"column":31}},"311":{"start":{"line":312,"column":0},"end":{"line":312,"column":26}},"312":{"start":{"line":313,"column":0},"end":{"line":313,"column":23}},"313":{"start":{"line":314,"column":0},"end":{"line":314,"column":5}},"314":{"start":{"line":315,"column":0},"end":{"line":315,"column":63}},"315":{"start":{"line":316,"column":0},"end":{"line":316,"column":33}},"316":{"start":{"line":317,"column":0},"end":{"line":317,"column":39}},"317":{"start":{"line":318,"column":0},"end":{"line":318,"column":45}},"318":{"start":{"line":319,"column":0},"end":{"line":319,"column":68}},"319":{"start":{"line":320,"column":0},"end":{"line":320,"column":12}},"320":{"start":{"line":321,"column":0},"end":{"line":321,"column":23}},"321":{"start":{"line":322,"column":0},"end":{"line":322,"column":5}},"322":{"start":{"line":323,"column":0},"end":{"line":323,"column":3}},"323":{"start":{"line":324,"column":0},"end":{"line":324,"column":17}},"324":{"start":{"line":325,"column":0},"end":{"line":325,"column":1}},"325":{"start":{"line":326,"column":0},"end":{"line":326,"column":0}},"326":{"start":{"line":327,"column":0},"end":{"line":327,"column":3}},"327":{"start":{"line":328,"column":0},"end":{"line":328,"column":70}},"328":{"start":{"line":329,"column":0},"end":{"line":329,"column":3}},"329":{"start":{"line":330,"column":0},"end":{"line":330,"column":44}},"330":{"start":{"line":331,"column":0},"end":{"line":331,"column":9}},"331":{"start":{"line":332,"column":0},"end":{"line":332,"column":28}},"332":{"start":{"line":333,"column":0},"end":{"line":333,"column":56}},"333":{"start":{"line":334,"column":0},"end":{"line":334,"column":6}},"334":{"start":{"line":335,"column":0},"end":{"line":335,"column":28}},"335":{"start":{"line":336,"column":0},"end":{"line":336,"column":15}},"336":{"start":{"line":337,"column":0},"end":{"line":337,"column":3}},"337":{"start":{"line":338,"column":0},"end":{"line":338,"column":0}},"338":{"start":{"line":339,"column":0},"end":{"line":339,"column":58}},"339":{"start":{"line":340,"column":0},"end":{"line":340,"column":37}},"340":{"start":{"line":341,"column":0},"end":{"line":341,"column":42}},"341":{"start":{"line":342,"column":0},"end":{"line":342,"column":0}},"342":{"start":{"line":343,"column":0},"end":{"line":343,"column":32}},"343":{"start":{"line":344,"column":0},"end":{"line":344,"column":31}},"344":{"start":{"line":345,"column":0},"end":{"line":345,"column":42}},"345":{"start":{"line":346,"column":0},"end":{"line":346,"column":30}},"346":{"start":{"line":347,"column":0},"end":{"line":347,"column":0}},"347":{"start":{"line":348,"column":0},"end":{"line":348,"column":28}},"348":{"start":{"line":349,"column":0},"end":{"line":349,"column":23}},"349":{"start":{"line":350,"column":0},"end":{"line":350,"column":44}},"350":{"start":{"line":351,"column":0},"end":{"line":351,"column":65}},"351":{"start":{"line":352,"column":0},"end":{"line":352,"column":27}},"352":{"start":{"line":353,"column":0},"end":{"line":353,"column":39}},"353":{"start":{"line":354,"column":0},"end":{"line":354,"column":19}},"354":{"start":{"line":355,"column":0},"end":{"line":355,"column":7}},"355":{"start":{"line":356,"column":0},"end":{"line":356,"column":31}},"356":{"start":{"line":357,"column":0},"end":{"line":357,"column":35}},"357":{"start":{"line":358,"column":0},"end":{"line":358,"column":5}},"358":{"start":{"line":359,"column":0},"end":{"line":359,"column":0}},"359":{"start":{"line":360,"column":0},"end":{"line":360,"column":68}},"360":{"start":{"line":361,"column":0},"end":{"line":361,"column":74}},"361":{"start":{"line":362,"column":0},"end":{"line":362,"column":32}},"362":{"start":{"line":363,"column":0},"end":{"line":363,"column":17}},"363":{"start":{"line":364,"column":0},"end":{"line":364,"column":5}},"364":{"start":{"line":365,"column":0},"end":{"line":365,"column":32}},"365":{"start":{"line":366,"column":0},"end":{"line":366,"column":33}},"366":{"start":{"line":367,"column":0},"end":{"line":367,"column":3}},"367":{"start":{"line":368,"column":0},"end":{"line":368,"column":0}},"368":{"start":{"line":369,"column":0},"end":{"line":369,"column":27}},"369":{"start":{"line":370,"column":0},"end":{"line":370,"column":15}},"370":{"start":{"line":371,"column":0},"end":{"line":371,"column":3}},"371":{"start":{"line":372,"column":0},"end":{"line":372,"column":56}},"372":{"start":{"line":373,"column":0},"end":{"line":373,"column":70}},"373":{"start":{"line":374,"column":0},"end":{"line":374,"column":51}},"374":{"start":{"line":375,"column":0},"end":{"line":375,"column":0}},"375":{"start":{"line":376,"column":0},"end":{"line":376,"column":26}},"376":{"start":{"line":377,"column":0},"end":{"line":377,"column":21}},"377":{"start":{"line":378,"column":0},"end":{"line":378,"column":42}},"378":{"start":{"line":379,"column":0},"end":{"line":379,"column":63}},"379":{"start":{"line":380,"column":0},"end":{"line":380,"column":25}},"380":{"start":{"line":381,"column":0},"end":{"line":381,"column":37}},"381":{"start":{"line":382,"column":0},"end":{"line":382,"column":17}},"382":{"start":{"line":383,"column":0},"end":{"line":383,"column":5}},"383":{"start":{"line":384,"column":0},"end":{"line":384,"column":28}},"384":{"start":{"line":385,"column":0},"end":{"line":385,"column":22}},"385":{"start":{"line":386,"column":0},"end":{"line":386,"column":3}},"386":{"start":{"line":387,"column":0},"end":{"line":387,"column":0}},"387":{"start":{"line":388,"column":0},"end":{"line":388,"column":64}},"388":{"start":{"line":389,"column":0},"end":{"line":389,"column":72}},"389":{"start":{"line":390,"column":0},"end":{"line":390,"column":30}},"390":{"start":{"line":391,"column":0},"end":{"line":391,"column":15}},"391":{"start":{"line":392,"column":0},"end":{"line":392,"column":3}},"392":{"start":{"line":393,"column":0},"end":{"line":393,"column":29}},"393":{"start":{"line":394,"column":0},"end":{"line":394,"column":20}},"394":{"start":{"line":395,"column":0},"end":{"line":395,"column":1}},"395":{"start":{"line":396,"column":0},"end":{"line":396,"column":0}},"396":{"start":{"line":397,"column":0},"end":{"line":397,"column":65}},"397":{"start":{"line":398,"column":0},"end":{"line":398,"column":89}},"398":{"start":{"line":399,"column":0},"end":{"line":399,"column":34}},"399":{"start":{"line":400,"column":0},"end":{"line":400,"column":45}},"400":{"start":{"line":401,"column":0},"end":{"line":401,"column":47}},"401":{"start":{"line":402,"column":0},"end":{"line":402,"column":32}},"402":{"start":{"line":403,"column":0},"end":{"line":403,"column":39}},"403":{"start":{"line":404,"column":0},"end":{"line":404,"column":5}},"404":{"start":{"line":405,"column":0},"end":{"line":405,"column":3}},"405":{"start":{"line":406,"column":0},"end":{"line":406,"column":1}},"406":{"start":{"line":407,"column":0},"end":{"line":407,"column":0}},"407":{"start":{"line":408,"column":0},"end":{"line":408,"column":54}},"408":{"start":{"line":409,"column":0},"end":{"line":409,"column":24}},"409":{"start":{"line":410,"column":0},"end":{"line":410,"column":35}},"410":{"start":{"line":411,"column":0},"end":{"line":411,"column":25}},"411":{"start":{"line":412,"column":0},"end":{"line":412,"column":20}},"412":{"start":{"line":413,"column":0},"end":{"line":413,"column":25}},"413":{"start":{"line":414,"column":0},"end":{"line":414,"column":3}},"414":{"start":{"line":415,"column":0},"end":{"line":415,"column":40}},"415":{"start":{"line":416,"column":0},"end":{"line":416,"column":35}},"416":{"start":{"line":417,"column":0},"end":{"line":417,"column":47}},"417":{"start":{"line":418,"column":0},"end":{"line":418,"column":63}},"418":{"start":{"line":419,"column":0},"end":{"line":419,"column":5}},"419":{"start":{"line":420,"column":0},"end":{"line":420,"column":3}},"420":{"start":{"line":421,"column":0},"end":{"line":421,"column":1}},"421":{"start":{"line":422,"column":0},"end":{"line":422,"column":0}},"422":{"start":{"line":423,"column":0},"end":{"line":423,"column":3}},"423":{"start":{"line":424,"column":0},"end":{"line":424,"column":70}},"424":{"start":{"line":425,"column":0},"end":{"line":425,"column":3}},"425":{"start":{"line":426,"column":0},"end":{"line":426,"column":74}},"426":{"start":{"line":427,"column":0},"end":{"line":427,"column":24}},"427":{"start":{"line":428,"column":0},"end":{"line":428,"column":19}},"428":{"start":{"line":429,"column":0},"end":{"line":429,"column":3}},"429":{"start":{"line":430,"column":0},"end":{"line":430,"column":0}},"430":{"start":{"line":431,"column":0},"end":{"line":431,"column":55}},"431":{"start":{"line":432,"column":0},"end":{"line":432,"column":1}},"432":{"start":{"line":433,"column":0},"end":{"line":433,"column":0}},"433":{"start":{"line":434,"column":0},"end":{"line":434,"column":49}},"434":{"start":{"line":435,"column":0},"end":{"line":435,"column":0}},"435":{"start":{"line":436,"column":0},"end":{"line":436,"column":29}},"436":{"start":{"line":437,"column":0},"end":{"line":437,"column":19}},"437":{"start":{"line":438,"column":0},"end":{"line":438,"column":11}},"438":{"start":{"line":439,"column":0},"end":{"line":439,"column":23}},"439":{"start":{"line":440,"column":0},"end":{"line":440,"column":1}},"440":{"start":{"line":441,"column":0},"end":{"line":441,"column":0}},"441":{"start":{"line":442,"column":0},"end":{"line":442,"column":3}},"442":{"start":{"line":443,"column":0},"end":{"line":443,"column":62}},"443":{"start":{"line":444,"column":0},"end":{"line":444,"column":3}},"444":{"start":{"line":445,"column":0},"end":{"line":445,"column":78}},"445":{"start":{"line":446,"column":0},"end":{"line":446,"column":51}},"446":{"start":{"line":447,"column":0},"end":{"line":447,"column":63}},"447":{"start":{"line":448,"column":0},"end":{"line":448,"column":75}},"448":{"start":{"line":449,"column":0},"end":{"line":449,"column":55}},"449":{"start":{"line":450,"column":0},"end":{"line":450,"column":48}},"450":{"start":{"line":451,"column":0},"end":{"line":451,"column":70}},"451":{"start":{"line":452,"column":0},"end":{"line":452,"column":47}},"452":{"start":{"line":453,"column":0},"end":{"line":453,"column":82}},"453":{"start":{"line":454,"column":0},"end":{"line":454,"column":0}},"454":{"start":{"line":455,"column":0},"end":{"line":455,"column":38}},"455":{"start":{"line":456,"column":0},"end":{"line":456,"column":32}},"456":{"start":{"line":457,"column":0},"end":{"line":457,"column":51}},"457":{"start":{"line":458,"column":0},"end":{"line":458,"column":68}},"458":{"start":{"line":459,"column":0},"end":{"line":459,"column":0}},"459":{"start":{"line":460,"column":0},"end":{"line":460,"column":16}},"460":{"start":{"line":461,"column":0},"end":{"line":461,"column":0}},"461":{"start":{"line":462,"column":0},"end":{"line":462,"column":30}},"462":{"start":{"line":463,"column":0},"end":{"line":463,"column":33}},"463":{"start":{"line":464,"column":0},"end":{"line":464,"column":48}},"464":{"start":{"line":465,"column":0},"end":{"line":465,"column":6}},"465":{"start":{"line":466,"column":0},"end":{"line":466,"column":31}},"466":{"start":{"line":467,"column":0},"end":{"line":467,"column":46}},"467":{"start":{"line":468,"column":0},"end":{"line":468,"column":6}},"468":{"start":{"line":469,"column":0},"end":{"line":469,"column":31}},"469":{"start":{"line":470,"column":0},"end":{"line":470,"column":45}},"470":{"start":{"line":471,"column":0},"end":{"line":471,"column":5}},"471":{"start":{"line":472,"column":0},"end":{"line":472,"column":4}},"472":{"start":{"line":473,"column":0},"end":{"line":473,"column":0}},"473":{"start":{"line":474,"column":0},"end":{"line":474,"column":36}},"474":{"start":{"line":475,"column":0},"end":{"line":475,"column":28}},"475":{"start":{"line":476,"column":0},"end":{"line":476,"column":38}},"476":{"start":{"line":477,"column":0},"end":{"line":477,"column":93}},"477":{"start":{"line":478,"column":0},"end":{"line":478,"column":89}},"478":{"start":{"line":479,"column":0},"end":{"line":479,"column":55}},"479":{"start":{"line":480,"column":0},"end":{"line":480,"column":86}},"480":{"start":{"line":481,"column":0},"end":{"line":481,"column":51}},"481":{"start":{"line":482,"column":0},"end":{"line":482,"column":53}},"482":{"start":{"line":483,"column":0},"end":{"line":483,"column":38}},"483":{"start":{"line":484,"column":0},"end":{"line":484,"column":45}},"484":{"start":{"line":485,"column":0},"end":{"line":485,"column":11}},"485":{"start":{"line":486,"column":0},"end":{"line":486,"column":9}},"486":{"start":{"line":487,"column":0},"end":{"line":487,"column":7}},"487":{"start":{"line":488,"column":0},"end":{"line":488,"column":5}},"488":{"start":{"line":489,"column":0},"end":{"line":489,"column":0}},"489":{"start":{"line":490,"column":0},"end":{"line":490,"column":35}},"490":{"start":{"line":491,"column":0},"end":{"line":491,"column":35}},"491":{"start":{"line":492,"column":0},"end":{"line":492,"column":39}},"492":{"start":{"line":493,"column":0},"end":{"line":493,"column":18}},"493":{"start":{"line":494,"column":0},"end":{"line":494,"column":69}},"494":{"start":{"line":495,"column":0},"end":{"line":495,"column":7}},"495":{"start":{"line":496,"column":0},"end":{"line":496,"column":5}},"496":{"start":{"line":497,"column":0},"end":{"line":497,"column":36}},"497":{"start":{"line":498,"column":0},"end":{"line":498,"column":4}},"498":{"start":{"line":499,"column":0},"end":{"line":499,"column":0}},"499":{"start":{"line":500,"column":0},"end":{"line":500,"column":100}},"500":{"start":{"line":501,"column":0},"end":{"line":501,"column":47}},"501":{"start":{"line":502,"column":0},"end":{"line":502,"column":45}},"502":{"start":{"line":503,"column":0},"end":{"line":503,"column":13}},"503":{"start":{"line":504,"column":0},"end":{"line":504,"column":5}},"504":{"start":{"line":505,"column":0},"end":{"line":505,"column":39}},"505":{"start":{"line":506,"column":0},"end":{"line":506,"column":40}},"506":{"start":{"line":507,"column":0},"end":{"line":507,"column":42}},"507":{"start":{"line":508,"column":0},"end":{"line":508,"column":37}},"508":{"start":{"line":509,"column":0},"end":{"line":509,"column":7}},"509":{"start":{"line":510,"column":0},"end":{"line":510,"column":5}},"510":{"start":{"line":511,"column":0},"end":{"line":511,"column":4}},"511":{"start":{"line":512,"column":0},"end":{"line":512,"column":0}},"512":{"start":{"line":513,"column":0},"end":{"line":513,"column":26}},"513":{"start":{"line":514,"column":0},"end":{"line":514,"column":17}},"514":{"start":{"line":515,"column":0},"end":{"line":515,"column":32}},"515":{"start":{"line":516,"column":0},"end":{"line":516,"column":21}},"516":{"start":{"line":517,"column":0},"end":{"line":517,"column":34}},"517":{"start":{"line":518,"column":0},"end":{"line":518,"column":11}},"518":{"start":{"line":519,"column":0},"end":{"line":519,"column":29}},"519":{"start":{"line":520,"column":0},"end":{"line":520,"column":11}},"520":{"start":{"line":521,"column":0},"end":{"line":521,"column":11}},"521":{"start":{"line":522,"column":0},"end":{"line":522,"column":14}},"522":{"start":{"line":523,"column":0},"end":{"line":523,"column":21}},"523":{"start":{"line":524,"column":0},"end":{"line":524,"column":21}},"524":{"start":{"line":525,"column":0},"end":{"line":525,"column":6}},"525":{"start":{"line":526,"column":0},"end":{"line":526,"column":0}},"526":{"start":{"line":527,"column":0},"end":{"line":527,"column":69}},"527":{"start":{"line":528,"column":0},"end":{"line":528,"column":0}},"528":{"start":{"line":529,"column":0},"end":{"line":529,"column":30}},"529":{"start":{"line":530,"column":0},"end":{"line":530,"column":29}},"530":{"start":{"line":531,"column":0},"end":{"line":531,"column":40}},"531":{"start":{"line":532,"column":0},"end":{"line":532,"column":85}},"532":{"start":{"line":533,"column":0},"end":{"line":533,"column":30}},"533":{"start":{"line":534,"column":0},"end":{"line":534,"column":0}},"534":{"start":{"line":535,"column":0},"end":{"line":535,"column":20}},"535":{"start":{"line":536,"column":0},"end":{"line":536,"column":33}},"536":{"start":{"line":537,"column":0},"end":{"line":537,"column":19}},"537":{"start":{"line":538,"column":0},"end":{"line":538,"column":40}},"538":{"start":{"line":539,"column":0},"end":{"line":539,"column":9}},"539":{"start":{"line":540,"column":0},"end":{"line":540,"column":52}},"540":{"start":{"line":541,"column":0},"end":{"line":541,"column":55}},"541":{"start":{"line":542,"column":0},"end":{"line":542,"column":9}},"542":{"start":{"line":543,"column":0},"end":{"line":543,"column":39}},"543":{"start":{"line":544,"column":0},"end":{"line":544,"column":41}},"544":{"start":{"line":545,"column":0},"end":{"line":545,"column":45}},"545":{"start":{"line":546,"column":0},"end":{"line":546,"column":9}},"546":{"start":{"line":547,"column":0},"end":{"line":547,"column":75}},"547":{"start":{"line":548,"column":0},"end":{"line":548,"column":7}},"548":{"start":{"line":549,"column":0},"end":{"line":549,"column":6}},"549":{"start":{"line":550,"column":0},"end":{"line":550,"column":0}},"550":{"start":{"line":551,"column":0},"end":{"line":551,"column":58}},"551":{"start":{"line":552,"column":0},"end":{"line":552,"column":20}},"552":{"start":{"line":553,"column":0},"end":{"line":553,"column":32}},"553":{"start":{"line":554,"column":0},"end":{"line":554,"column":4}},"554":{"start":{"line":555,"column":0},"end":{"line":555,"column":0}},"555":{"start":{"line":556,"column":0},"end":{"line":556,"column":53}},"556":{"start":{"line":557,"column":0},"end":{"line":557,"column":41}},"557":{"start":{"line":558,"column":0},"end":{"line":558,"column":16}},"558":{"start":{"line":559,"column":0},"end":{"line":559,"column":23}},"559":{"start":{"line":560,"column":0},"end":{"line":560,"column":38}},"560":{"start":{"line":561,"column":0},"end":{"line":561,"column":5}},"561":{"start":{"line":562,"column":0},"end":{"line":562,"column":16}},"562":{"start":{"line":563,"column":0},"end":{"line":563,"column":4}},"563":{"start":{"line":564,"column":0},"end":{"line":564,"column":0}},"564":{"start":{"line":565,"column":0},"end":{"line":565,"column":75}},"565":{"start":{"line":566,"column":0},"end":{"line":566,"column":44}},"566":{"start":{"line":567,"column":0},"end":{"line":567,"column":24}},"567":{"start":{"line":568,"column":0},"end":{"line":568,"column":18}},"568":{"start":{"line":569,"column":0},"end":{"line":569,"column":30}},"569":{"start":{"line":570,"column":0},"end":{"line":570,"column":6}},"570":{"start":{"line":571,"column":0},"end":{"line":571,"column":4}},"571":{"start":{"line":572,"column":0},"end":{"line":572,"column":0}},"572":{"start":{"line":573,"column":0},"end":{"line":573,"column":59}},"573":{"start":{"line":574,"column":0},"end":{"line":574,"column":46}},"574":{"start":{"line":575,"column":0},"end":{"line":575,"column":19}},"575":{"start":{"line":576,"column":0},"end":{"line":576,"column":31}},"576":{"start":{"line":577,"column":0},"end":{"line":577,"column":43}},"577":{"start":{"line":578,"column":0},"end":{"line":578,"column":5}},"578":{"start":{"line":579,"column":0},"end":{"line":579,"column":19}},"579":{"start":{"line":580,"column":0},"end":{"line":580,"column":4}},"580":{"start":{"line":581,"column":0},"end":{"line":581,"column":0}},"581":{"start":{"line":582,"column":0},"end":{"line":582,"column":97}},"582":{"start":{"line":583,"column":0},"end":{"line":583,"column":15}},"583":{"start":{"line":584,"column":0},"end":{"line":584,"column":51}},"584":{"start":{"line":585,"column":0},"end":{"line":585,"column":38}},"585":{"start":{"line":586,"column":0},"end":{"line":586,"column":60}},"586":{"start":{"line":587,"column":0},"end":{"line":587,"column":46}},"587":{"start":{"line":588,"column":0},"end":{"line":588,"column":30}},"588":{"start":{"line":589,"column":0},"end":{"line":589,"column":9}},"589":{"start":{"line":590,"column":0},"end":{"line":590,"column":62}},"590":{"start":{"line":591,"column":0},"end":{"line":591,"column":28}},"591":{"start":{"line":592,"column":0},"end":{"line":592,"column":7}},"592":{"start":{"line":593,"column":0},"end":{"line":593,"column":47}},"593":{"start":{"line":594,"column":0},"end":{"line":594,"column":101}},"594":{"start":{"line":595,"column":0},"end":{"line":595,"column":43}},"595":{"start":{"line":596,"column":0},"end":{"line":596,"column":24}},"596":{"start":{"line":597,"column":0},"end":{"line":597,"column":44}},"597":{"start":{"line":598,"column":0},"end":{"line":598,"column":55}},"598":{"start":{"line":599,"column":0},"end":{"line":599,"column":26}},"599":{"start":{"line":600,"column":0},"end":{"line":600,"column":36}},"600":{"start":{"line":601,"column":0},"end":{"line":601,"column":38}},"601":{"start":{"line":602,"column":0},"end":{"line":602,"column":56}},"602":{"start":{"line":603,"column":0},"end":{"line":603,"column":40}},"603":{"start":{"line":604,"column":0},"end":{"line":604,"column":24}},"604":{"start":{"line":605,"column":0},"end":{"line":605,"column":34}},"605":{"start":{"line":606,"column":0},"end":{"line":606,"column":46}},"606":{"start":{"line":607,"column":0},"end":{"line":607,"column":27}},"607":{"start":{"line":608,"column":0},"end":{"line":608,"column":15}},"608":{"start":{"line":609,"column":0},"end":{"line":609,"column":25}},"609":{"start":{"line":610,"column":0},"end":{"line":610,"column":14}},"610":{"start":{"line":611,"column":0},"end":{"line":611,"column":12}},"611":{"start":{"line":612,"column":0},"end":{"line":612,"column":19}},"612":{"start":{"line":613,"column":0},"end":{"line":613,"column":9}},"613":{"start":{"line":614,"column":0},"end":{"line":614,"column":35}},"614":{"start":{"line":615,"column":0},"end":{"line":615,"column":25}},"615":{"start":{"line":616,"column":0},"end":{"line":616,"column":47}},"616":{"start":{"line":617,"column":0},"end":{"line":617,"column":9}},"617":{"start":{"line":618,"column":0},"end":{"line":618,"column":7}},"618":{"start":{"line":619,"column":0},"end":{"line":619,"column":0}},"619":{"start":{"line":620,"column":0},"end":{"line":620,"column":32}},"620":{"start":{"line":621,"column":0},"end":{"line":621,"column":56}},"621":{"start":{"line":622,"column":0},"end":{"line":622,"column":42}},"622":{"start":{"line":623,"column":0},"end":{"line":623,"column":32}},"623":{"start":{"line":624,"column":0},"end":{"line":624,"column":11}},"624":{"start":{"line":625,"column":0},"end":{"line":625,"column":59}},"625":{"start":{"line":626,"column":0},"end":{"line":626,"column":86}},"626":{"start":{"line":627,"column":0},"end":{"line":627,"column":77}},"627":{"start":{"line":628,"column":0},"end":{"line":628,"column":51}},"628":{"start":{"line":629,"column":0},"end":{"line":629,"column":63}},"629":{"start":{"line":630,"column":0},"end":{"line":630,"column":29}},"630":{"start":{"line":631,"column":0},"end":{"line":631,"column":11}},"631":{"start":{"line":632,"column":0},"end":{"line":632,"column":7}},"632":{"start":{"line":633,"column":0},"end":{"line":633,"column":0}},"633":{"start":{"line":634,"column":0},"end":{"line":634,"column":63}},"634":{"start":{"line":635,"column":0},"end":{"line":635,"column":61}},"635":{"start":{"line":636,"column":0},"end":{"line":636,"column":53}},"636":{"start":{"line":637,"column":0},"end":{"line":637,"column":19}},"637":{"start":{"line":638,"column":0},"end":{"line":638,"column":5}},"638":{"start":{"line":639,"column":0},"end":{"line":639,"column":0}},"639":{"start":{"line":640,"column":0},"end":{"line":640,"column":49}},"640":{"start":{"line":641,"column":0},"end":{"line":641,"column":64}},"641":{"start":{"line":642,"column":0},"end":{"line":642,"column":56}},"642":{"start":{"line":643,"column":0},"end":{"line":643,"column":54}},"643":{"start":{"line":644,"column":0},"end":{"line":644,"column":58}},"644":{"start":{"line":645,"column":0},"end":{"line":645,"column":60}},"645":{"start":{"line":646,"column":0},"end":{"line":646,"column":25}},"646":{"start":{"line":647,"column":0},"end":{"line":647,"column":64}},"647":{"start":{"line":648,"column":0},"end":{"line":648,"column":9}},"648":{"start":{"line":649,"column":0},"end":{"line":649,"column":22}},"649":{"start":{"line":650,"column":0},"end":{"line":650,"column":9}},"650":{"start":{"line":651,"column":0},"end":{"line":651,"column":5}},"651":{"start":{"line":652,"column":0},"end":{"line":652,"column":0}},"652":{"start":{"line":653,"column":0},"end":{"line":653,"column":77}},"653":{"start":{"line":654,"column":0},"end":{"line":654,"column":49}},"654":{"start":{"line":655,"column":0},"end":{"line":655,"column":25}},"655":{"start":{"line":656,"column":0},"end":{"line":656,"column":64}},"656":{"start":{"line":657,"column":0},"end":{"line":657,"column":88}},"657":{"start":{"line":658,"column":0},"end":{"line":658,"column":22}},"658":{"start":{"line":659,"column":0},"end":{"line":659,"column":4}},"659":{"start":{"line":660,"column":0},"end":{"line":660,"column":0}},"660":{"start":{"line":661,"column":0},"end":{"line":661,"column":28}},"661":{"start":{"line":662,"column":0},"end":{"line":662,"column":31}},"662":{"start":{"line":663,"column":0},"end":{"line":663,"column":56}},"663":{"start":{"line":664,"column":0},"end":{"line":664,"column":42}},"664":{"start":{"line":665,"column":0},"end":{"line":665,"column":67}},"665":{"start":{"line":666,"column":0},"end":{"line":666,"column":77}},"666":{"start":{"line":667,"column":0},"end":{"line":667,"column":32}},"667":{"start":{"line":668,"column":0},"end":{"line":668,"column":0}},"668":{"start":{"line":669,"column":0},"end":{"line":669,"column":23}},"669":{"start":{"line":670,"column":0},"end":{"line":670,"column":28}},"670":{"start":{"line":671,"column":0},"end":{"line":671,"column":16}},"671":{"start":{"line":672,"column":0},"end":{"line":672,"column":20}},"672":{"start":{"line":673,"column":0},"end":{"line":673,"column":17}},"673":{"start":{"line":674,"column":0},"end":{"line":674,"column":43}},"674":{"start":{"line":675,"column":0},"end":{"line":675,"column":46}},"675":{"start":{"line":676,"column":0},"end":{"line":676,"column":48}},"676":{"start":{"line":677,"column":0},"end":{"line":677,"column":27}},"677":{"start":{"line":678,"column":0},"end":{"line":678,"column":25}},"678":{"start":{"line":679,"column":0},"end":{"line":679,"column":24}},"679":{"start":{"line":680,"column":0},"end":{"line":680,"column":20}},"680":{"start":{"line":681,"column":0},"end":{"line":681,"column":12}},"681":{"start":{"line":682,"column":0},"end":{"line":682,"column":9}},"682":{"start":{"line":683,"column":0},"end":{"line":683,"column":0}},"683":{"start":{"line":684,"column":0},"end":{"line":684,"column":27}},"684":{"start":{"line":685,"column":0},"end":{"line":685,"column":0}},"685":{"start":{"line":686,"column":0},"end":{"line":686,"column":28}},"686":{"start":{"line":687,"column":0},"end":{"line":687,"column":43}},"687":{"start":{"line":688,"column":0},"end":{"line":688,"column":52}},"688":{"start":{"line":689,"column":0},"end":{"line":689,"column":9}},"689":{"start":{"line":690,"column":0},"end":{"line":690,"column":0}},"690":{"start":{"line":691,"column":0},"end":{"line":691,"column":95}},"691":{"start":{"line":692,"column":0},"end":{"line":692,"column":49}},"692":{"start":{"line":693,"column":0},"end":{"line":693,"column":45}},"693":{"start":{"line":694,"column":0},"end":{"line":694,"column":54}},"694":{"start":{"line":695,"column":0},"end":{"line":695,"column":11}},"695":{"start":{"line":696,"column":0},"end":{"line":696,"column":54}},"696":{"start":{"line":697,"column":0},"end":{"line":697,"column":31}},"697":{"start":{"line":698,"column":0},"end":{"line":698,"column":9}},"698":{"start":{"line":699,"column":0},"end":{"line":699,"column":0}},"699":{"start":{"line":700,"column":0},"end":{"line":700,"column":83}},"700":{"start":{"line":701,"column":0},"end":{"line":701,"column":55}},"701":{"start":{"line":702,"column":0},"end":{"line":702,"column":9}},"702":{"start":{"line":703,"column":0},"end":{"line":703,"column":0}},"703":{"start":{"line":704,"column":0},"end":{"line":704,"column":87}},"704":{"start":{"line":705,"column":0},"end":{"line":705,"column":57}},"705":{"start":{"line":706,"column":0},"end":{"line":706,"column":9}},"706":{"start":{"line":707,"column":0},"end":{"line":707,"column":0}},"707":{"start":{"line":708,"column":0},"end":{"line":708,"column":38}},"708":{"start":{"line":709,"column":0},"end":{"line":709,"column":34}},"709":{"start":{"line":710,"column":0},"end":{"line":710,"column":9}},"710":{"start":{"line":711,"column":0},"end":{"line":711,"column":0}},"711":{"start":{"line":712,"column":0},"end":{"line":712,"column":33}},"712":{"start":{"line":713,"column":0},"end":{"line":713,"column":55}},"713":{"start":{"line":714,"column":0},"end":{"line":714,"column":0}},"714":{"start":{"line":715,"column":0},"end":{"line":715,"column":29}},"715":{"start":{"line":716,"column":0},"end":{"line":716,"column":60}},"716":{"start":{"line":717,"column":0},"end":{"line":717,"column":48}},"717":{"start":{"line":718,"column":0},"end":{"line":718,"column":41}},"718":{"start":{"line":719,"column":0},"end":{"line":719,"column":26}},"719":{"start":{"line":720,"column":0},"end":{"line":720,"column":48}},"720":{"start":{"line":721,"column":0},"end":{"line":721,"column":80}},"721":{"start":{"line":722,"column":0},"end":{"line":722,"column":13}},"722":{"start":{"line":723,"column":0},"end":{"line":723,"column":56}},"723":{"start":{"line":724,"column":0},"end":{"line":724,"column":13}},"724":{"start":{"line":725,"column":0},"end":{"line":725,"column":0}},"725":{"start":{"line":726,"column":0},"end":{"line":726,"column":49}},"726":{"start":{"line":727,"column":0},"end":{"line":727,"column":9}},"727":{"start":{"line":728,"column":0},"end":{"line":728,"column":6}},"728":{"start":{"line":729,"column":0},"end":{"line":729,"column":0}},"729":{"start":{"line":730,"column":0},"end":{"line":730,"column":23}},"730":{"start":{"line":731,"column":0},"end":{"line":731,"column":57}},"731":{"start":{"line":732,"column":0},"end":{"line":732,"column":40}},"732":{"start":{"line":733,"column":0},"end":{"line":733,"column":22}},"733":{"start":{"line":734,"column":0},"end":{"line":734,"column":54}},"734":{"start":{"line":735,"column":0},"end":{"line":735,"column":9}},"735":{"start":{"line":736,"column":0},"end":{"line":736,"column":29}},"736":{"start":{"line":737,"column":0},"end":{"line":737,"column":54}},"737":{"start":{"line":738,"column":0},"end":{"line":738,"column":9}},"738":{"start":{"line":739,"column":0},"end":{"line":739,"column":30}},"739":{"start":{"line":740,"column":0},"end":{"line":740,"column":51}},"740":{"start":{"line":741,"column":0},"end":{"line":741,"column":9}},"741":{"start":{"line":742,"column":0},"end":{"line":742,"column":6}},"742":{"start":{"line":743,"column":0},"end":{"line":743,"column":0}},"743":{"start":{"line":744,"column":0},"end":{"line":744,"column":21}},"744":{"start":{"line":745,"column":0},"end":{"line":745,"column":55}},"745":{"start":{"line":746,"column":0},"end":{"line":746,"column":40}},"746":{"start":{"line":747,"column":0},"end":{"line":747,"column":22}},"747":{"start":{"line":748,"column":0},"end":{"line":748,"column":54}},"748":{"start":{"line":749,"column":0},"end":{"line":749,"column":9}},"749":{"start":{"line":750,"column":0},"end":{"line":750,"column":27}},"750":{"start":{"line":751,"column":0},"end":{"line":751,"column":54}},"751":{"start":{"line":752,"column":0},"end":{"line":752,"column":9}},"752":{"start":{"line":753,"column":0},"end":{"line":753,"column":28}},"753":{"start":{"line":754,"column":0},"end":{"line":754,"column":51}},"754":{"start":{"line":755,"column":0},"end":{"line":755,"column":9}},"755":{"start":{"line":756,"column":0},"end":{"line":756,"column":6}},"756":{"start":{"line":757,"column":0},"end":{"line":757,"column":0}},"757":{"start":{"line":758,"column":0},"end":{"line":758,"column":37}},"758":{"start":{"line":759,"column":0},"end":{"line":759,"column":60}},"759":{"start":{"line":760,"column":0},"end":{"line":760,"column":40}},"760":{"start":{"line":761,"column":0},"end":{"line":761,"column":22}},"761":{"start":{"line":762,"column":0},"end":{"line":762,"column":54}},"762":{"start":{"line":763,"column":0},"end":{"line":763,"column":9}},"763":{"start":{"line":764,"column":0},"end":{"line":764,"column":43}},"764":{"start":{"line":765,"column":0},"end":{"line":765,"column":37}},"765":{"start":{"line":766,"column":0},"end":{"line":766,"column":9}},"766":{"start":{"line":767,"column":0},"end":{"line":767,"column":53}},"767":{"start":{"line":768,"column":0},"end":{"line":768,"column":62}},"768":{"start":{"line":769,"column":0},"end":{"line":769,"column":65}},"769":{"start":{"line":770,"column":0},"end":{"line":770,"column":56}},"770":{"start":{"line":771,"column":0},"end":{"line":771,"column":0}},"771":{"start":{"line":772,"column":0},"end":{"line":772,"column":45}},"772":{"start":{"line":773,"column":0},"end":{"line":773,"column":54}},"773":{"start":{"line":774,"column":0},"end":{"line":774,"column":9}},"774":{"start":{"line":775,"column":0},"end":{"line":775,"column":0}},"775":{"start":{"line":776,"column":0},"end":{"line":776,"column":27}},"776":{"start":{"line":777,"column":0},"end":{"line":777,"column":41}},"777":{"start":{"line":778,"column":0},"end":{"line":778,"column":9}},"778":{"start":{"line":779,"column":0},"end":{"line":779,"column":27}},"779":{"start":{"line":780,"column":0},"end":{"line":780,"column":35}},"780":{"start":{"line":781,"column":0},"end":{"line":781,"column":9}},"781":{"start":{"line":782,"column":0},"end":{"line":782,"column":70}},"782":{"start":{"line":783,"column":0},"end":{"line":783,"column":9}},"783":{"start":{"line":784,"column":0},"end":{"line":784,"column":6}},"784":{"start":{"line":785,"column":0},"end":{"line":785,"column":0}},"785":{"start":{"line":786,"column":0},"end":{"line":786,"column":20}},"786":{"start":{"line":787,"column":0},"end":{"line":787,"column":45}},"787":{"start":{"line":788,"column":0},"end":{"line":788,"column":41}},"788":{"start":{"line":789,"column":0},"end":{"line":789,"column":49}},"789":{"start":{"line":790,"column":0},"end":{"line":790,"column":7}},"790":{"start":{"line":791,"column":0},"end":{"line":791,"column":20}},"791":{"start":{"line":792,"column":0},"end":{"line":792,"column":6}},"792":{"start":{"line":793,"column":0},"end":{"line":793,"column":0}},"793":{"start":{"line":794,"column":0},"end":{"line":794,"column":22}},"794":{"start":{"line":795,"column":0},"end":{"line":795,"column":48}},"795":{"start":{"line":796,"column":0},"end":{"line":796,"column":6}},"796":{"start":{"line":797,"column":0},"end":{"line":797,"column":0}},"797":{"start":{"line":798,"column":0},"end":{"line":798,"column":20}},"798":{"start":{"line":799,"column":0},"end":{"line":799,"column":46}},"799":{"start":{"line":800,"column":0},"end":{"line":800,"column":6}},"800":{"start":{"line":801,"column":0},"end":{"line":801,"column":0}},"801":{"start":{"line":802,"column":0},"end":{"line":802,"column":20}},"802":{"start":{"line":803,"column":0},"end":{"line":803,"column":45}},"803":{"start":{"line":804,"column":0},"end":{"line":804,"column":6}},"804":{"start":{"line":805,"column":0},"end":{"line":805,"column":0}},"805":{"start":{"line":806,"column":0},"end":{"line":806,"column":23}},"806":{"start":{"line":807,"column":0},"end":{"line":807,"column":31}},"807":{"start":{"line":808,"column":0},"end":{"line":808,"column":31}},"808":{"start":{"line":809,"column":0},"end":{"line":809,"column":73}},"809":{"start":{"line":810,"column":0},"end":{"line":810,"column":44}},"810":{"start":{"line":811,"column":0},"end":{"line":811,"column":45}},"811":{"start":{"line":812,"column":0},"end":{"line":812,"column":42}},"812":{"start":{"line":813,"column":0},"end":{"line":813,"column":67}},"813":{"start":{"line":814,"column":0},"end":{"line":814,"column":60}},"814":{"start":{"line":815,"column":0},"end":{"line":815,"column":45}},"815":{"start":{"line":816,"column":0},"end":{"line":816,"column":32}},"816":{"start":{"line":817,"column":0},"end":{"line":817,"column":46}},"817":{"start":{"line":818,"column":0},"end":{"line":818,"column":11}},"818":{"start":{"line":819,"column":0},"end":{"line":819,"column":43}},"819":{"start":{"line":820,"column":0},"end":{"line":820,"column":37}},"820":{"start":{"line":821,"column":0},"end":{"line":821,"column":32}},"821":{"start":{"line":822,"column":0},"end":{"line":822,"column":11}},"822":{"start":{"line":823,"column":0},"end":{"line":823,"column":9}},"823":{"start":{"line":824,"column":0},"end":{"line":824,"column":7}},"824":{"start":{"line":825,"column":0},"end":{"line":825,"column":41}},"825":{"start":{"line":826,"column":0},"end":{"line":826,"column":33}},"826":{"start":{"line":827,"column":0},"end":{"line":827,"column":63}},"827":{"start":{"line":828,"column":0},"end":{"line":828,"column":7}},"828":{"start":{"line":829,"column":0},"end":{"line":829,"column":35}},"829":{"start":{"line":830,"column":0},"end":{"line":830,"column":42}},"830":{"start":{"line":831,"column":0},"end":{"line":831,"column":68}},"831":{"start":{"line":832,"column":0},"end":{"line":832,"column":88}},"832":{"start":{"line":833,"column":0},"end":{"line":833,"column":46}},"833":{"start":{"line":834,"column":0},"end":{"line":834,"column":9}},"834":{"start":{"line":835,"column":0},"end":{"line":835,"column":7}},"835":{"start":{"line":836,"column":0},"end":{"line":836,"column":22}},"836":{"start":{"line":837,"column":0},"end":{"line":837,"column":6}},"837":{"start":{"line":838,"column":0},"end":{"line":838,"column":0}},"838":{"start":{"line":839,"column":0},"end":{"line":839,"column":29}},"839":{"start":{"line":840,"column":0},"end":{"line":840,"column":44}},"840":{"start":{"line":841,"column":0},"end":{"line":841,"column":17}},"841":{"start":{"line":842,"column":0},"end":{"line":842,"column":49}},"842":{"start":{"line":843,"column":0},"end":{"line":843,"column":37}},"843":{"start":{"line":844,"column":0},"end":{"line":844,"column":8}},"844":{"start":{"line":845,"column":0},"end":{"line":845,"column":29}},"845":{"start":{"line":846,"column":0},"end":{"line":846,"column":35}},"846":{"start":{"line":847,"column":0},"end":{"line":847,"column":20}},"847":{"start":{"line":848,"column":0},"end":{"line":848,"column":34}},"848":{"start":{"line":849,"column":0},"end":{"line":849,"column":8}},"849":{"start":{"line":850,"column":0},"end":{"line":850,"column":6}},"850":{"start":{"line":851,"column":0},"end":{"line":851,"column":0}},"851":{"start":{"line":852,"column":0},"end":{"line":852,"column":24}},"852":{"start":{"line":853,"column":0},"end":{"line":853,"column":40}},"853":{"start":{"line":854,"column":0},"end":{"line":854,"column":36}},"854":{"start":{"line":855,"column":0},"end":{"line":855,"column":20}},"855":{"start":{"line":856,"column":0},"end":{"line":856,"column":8}},"856":{"start":{"line":857,"column":0},"end":{"line":857,"column":26}},"857":{"start":{"line":858,"column":0},"end":{"line":858,"column":20}},"858":{"start":{"line":859,"column":0},"end":{"line":859,"column":31}},"859":{"start":{"line":860,"column":0},"end":{"line":860,"column":8}},"860":{"start":{"line":861,"column":0},"end":{"line":861,"column":6}},"861":{"start":{"line":862,"column":0},"end":{"line":862,"column":0}},"862":{"start":{"line":863,"column":0},"end":{"line":863,"column":15}},"863":{"start":{"line":864,"column":0},"end":{"line":864,"column":30}},"864":{"start":{"line":865,"column":0},"end":{"line":865,"column":41}},"865":{"start":{"line":866,"column":0},"end":{"line":866,"column":45}},"866":{"start":{"line":867,"column":0},"end":{"line":867,"column":23}},"867":{"start":{"line":868,"column":0},"end":{"line":868,"column":19}},"868":{"start":{"line":869,"column":0},"end":{"line":869,"column":9}},"869":{"start":{"line":870,"column":0},"end":{"line":870,"column":13}},"870":{"start":{"line":871,"column":0},"end":{"line":871,"column":20}},"871":{"start":{"line":872,"column":0},"end":{"line":872,"column":25}},"872":{"start":{"line":873,"column":0},"end":{"line":873,"column":28}},"873":{"start":{"line":874,"column":0},"end":{"line":874,"column":31}},"874":{"start":{"line":875,"column":0},"end":{"line":875,"column":11}},"875":{"start":{"line":876,"column":0},"end":{"line":876,"column":9}},"876":{"start":{"line":877,"column":0},"end":{"line":877,"column":7}},"877":{"start":{"line":878,"column":0},"end":{"line":878,"column":29}},"878":{"start":{"line":879,"column":0},"end":{"line":879,"column":23}},"879":{"start":{"line":880,"column":0},"end":{"line":880,"column":26}},"880":{"start":{"line":881,"column":0},"end":{"line":881,"column":30}},"881":{"start":{"line":882,"column":0},"end":{"line":882,"column":21}},"882":{"start":{"line":883,"column":0},"end":{"line":883,"column":32}},"883":{"start":{"line":884,"column":0},"end":{"line":884,"column":23}},"884":{"start":{"line":885,"column":0},"end":{"line":885,"column":25}},"885":{"start":{"line":886,"column":0},"end":{"line":886,"column":7}},"886":{"start":{"line":887,"column":0},"end":{"line":887,"column":5}},"887":{"start":{"line":888,"column":0},"end":{"line":888,"column":4}},"888":{"start":{"line":889,"column":0},"end":{"line":889,"column":0}},"889":{"start":{"line":890,"column":0},"end":{"line":890,"column":40}},"890":{"start":{"line":891,"column":0},"end":{"line":891,"column":19}},"891":{"start":{"line":892,"column":0},"end":{"line":892,"column":42}},"892":{"start":{"line":893,"column":0},"end":{"line":893,"column":17}},"893":{"start":{"line":894,"column":0},"end":{"line":894,"column":24}},"894":{"start":{"line":895,"column":0},"end":{"line":895,"column":39}},"895":{"start":{"line":896,"column":0},"end":{"line":896,"column":7}},"896":{"start":{"line":897,"column":0},"end":{"line":897,"column":18}},"897":{"start":{"line":898,"column":0},"end":{"line":898,"column":20}},"898":{"start":{"line":899,"column":0},"end":{"line":899,"column":24}},"899":{"start":{"line":900,"column":0},"end":{"line":900,"column":8}},"900":{"start":{"line":901,"column":0},"end":{"line":901,"column":6}},"901":{"start":{"line":902,"column":0},"end":{"line":902,"column":23}},"902":{"start":{"line":903,"column":0},"end":{"line":903,"column":29}},"903":{"start":{"line":904,"column":0},"end":{"line":904,"column":6}},"904":{"start":{"line":905,"column":0},"end":{"line":905,"column":35}},"905":{"start":{"line":906,"column":0},"end":{"line":906,"column":51}},"906":{"start":{"line":907,"column":0},"end":{"line":907,"column":6}},"907":{"start":{"line":908,"column":0},"end":{"line":908,"column":14}},"908":{"start":{"line":909,"column":0},"end":{"line":909,"column":31}},"909":{"start":{"line":910,"column":0},"end":{"line":910,"column":23}},"910":{"start":{"line":911,"column":0},"end":{"line":911,"column":26}},"911":{"start":{"line":912,"column":0},"end":{"line":912,"column":4}},"912":{"start":{"line":913,"column":0},"end":{"line":913,"column":0}},"913":{"start":{"line":914,"column":0},"end":{"line":914,"column":47}},"914":{"start":{"line":915,"column":0},"end":{"line":915,"column":48}},"915":{"start":{"line":916,"column":0},"end":{"line":916,"column":40}},"916":{"start":{"line":917,"column":0},"end":{"line":917,"column":35}},"917":{"start":{"line":918,"column":0},"end":{"line":918,"column":5}},"918":{"start":{"line":919,"column":0},"end":{"line":919,"column":3}},"919":{"start":{"line":920,"column":0},"end":{"line":920,"column":0}},"920":{"start":{"line":921,"column":0},"end":{"line":921,"column":15}},"921":{"start":{"line":922,"column":0},"end":{"line":922,"column":1}},"922":{"start":{"line":923,"column":0},"end":{"line":923,"column":0}},"923":{"start":{"line":924,"column":0},"end":{"line":924,"column":3}},"924":{"start":{"line":925,"column":0},"end":{"line":925,"column":68}},"925":{"start":{"line":926,"column":0},"end":{"line":926,"column":62}},"926":{"start":{"line":927,"column":0},"end":{"line":927,"column":3}},"927":{"start":{"line":928,"column":0},"end":{"line":928,"column":55}},"928":{"start":{"line":929,"column":0},"end":{"line":929,"column":27}},"929":{"start":{"line":930,"column":0},"end":{"line":930,"column":1}}},"s":{"0":1,"1":1,"2":1,"3":1,"4":1,"5":1,"6":1,"7":1,"8":1,"9":1,"10":1,"11":1,"12":1,"13":1,"14":1,"15":1,"16":1,"17":1,"18":1,"19":1,"20":1,"21":1,"22":1,"23":1,"24":1,"25":1,"26":1,"27":1,"28":1,"29":1,"30":1,"31":1,"32":1,"33":1,"34":1,"35":1,"36":1,"37":1,"38":1,"39":1,"40":1,"41":1,"42":1,"43":1,"44":1,"45":1,"46":1,"47":1,"48":1,"49":1,"50":1,"51":1,"52":1,"53":1,"54":1,"55":1,"56":1,"57":1,"58":1,"59":1,"60":1,"61":1,"62":1,"63":1,"64":1,"65":1,"66":1,"67":1,"68":1,"69":1,"70":1,"71":1,"72":1,"73":1,"74":1,"75":1,"76":1,"77":1,"78":1,"79":1,"80":1,"81":1,"82":1,"83":1,"84":1,"85":1,"86":1,"87":1,"88":1,"89":1,"90":1,"91":1,"92":1,"93":1,"94":1,"95":1,"96":1,"97":1,"98":1,"99":1,"100":1,"101":1,"102":1,"103":1,"104":1,"105":1,"106":1,"107":1,"108":1,"109":1,"110":1,"111":1,"112":1,"113":1,"114":1,"115":1,"116":1,"117":1,"118":1,"119":1,"120":1,"121":1,"122":1,"123":1,"124":1,"125":1,"126":1,"127":1,"128":1,"129":1,"130":1,"131":1,"132":1,"133":1,"134":1,"135":1,"136":1,"137":1,"138":1,"139":1,"140":1,"141":1,"142":1,"143":1,"144":1,"145":1,"146":1,"147":1,"148":1,"149":1,"150":1,"151":1,"152":1,"153":1,"154":1,"155":1,"156":1,"157":1,"158":1,"159":1,"160":1,"161":1,"162":1,"163":1,"164":1,"165":1,"166":1,"167":1,"168":1,"169":1,"170":1,"171":1,"172":1,"173":1,"174":1,"175":1,"176":1,"177":1,"178":1,"179":1,"180":1,"181":1,"182":1,"183":1,"184":1,"185":1,"186":1,"187":1,"188":1,"189":1,"190":1,"191":1,"192":1,"193":1,"194":1,"195":1,"196":1,"197":1,"198":1,"199":1,"200":1,"201":1,"202":1,"203":1,"204":1,"205":1,"206":1,"207":1,"208":1,"209":1,"210":1,"211":1,"212":1,"213":1,"214":1,"215":1,"216":3,"217":3,"218":2,"219":2,"220":1,"221":1,"222":1,"223":0,"224":0,"225":1,"226":1,"227":1,"228":1,"229":15,"230":15,"231":15,"232":10,"233":10,"234":5,"235":5,"236":5,"237":5,"238":5,"239":15,"240":51,"241":51,"242":4,"243":2,"244":2,"245":2,"246":4,"247":4,"248":47,"249":51,"250":2,"251":2,"252":2,"253":2,"254":2,"255":2,"256":2,"257":45,"258":51,"259":2,"260":2,"261":2,"262":2,"263":2,"264":2,"265":2,"266":43,"267":43,"268":43,"269":5,"270":5,"271":5,"272":5,"273":5,"274":5,"275":5,"276":15,"277":0,"278":0,"279":0,"280":0,"281":0,"282":5,"283":5,"284":1,"285":1,"286":1,"287":1,"288":12,"289":12,"290":2,"291":2,"292":10,"293":10,"294":12,"295":2,"296":2,"297":8,"298":12,"299":1,"300":1,"301":7,"302":7,"303":7,"304":1,"305":1,"306":1,"307":1,"308":3,"309":3,"310":3,"311":8,"312":1,"313":1,"314":8,"315":8,"316":2,"317":8,"318":5,"319":5,"320":0,"321":0,"322":8,"323":2,"324":2,"325":1,"326":1,"327":1,"328":1,"329":13,"330":13,"331":13,"332":13,"333":13,"334":13,"335":1,"336":1,"337":12,"338":12,"339":12,"340":12,"341":12,"342":13,"343":2,"344":2,"345":2,"346":2,"347":2,"348":0,"349":0,"350":0,"351":0,"352":0,"353":0,"354":0,"355":0,"356":0,"357":0,"358":2,"359":2,"360":2,"361":2,"362":1,"363":1,"364":1,"365":1,"366":1,"367":10,"368":13,"369":0,"370":0,"371":10,"372":10,"373":13,"374":13,"375":13,"376":6,"377":6,"378":6,"379":6,"380":6,"381":3,"382":3,"383":3,"384":3,"385":3,"386":4,"387":13,"388":13,"389":13,"390":2,"391":2,"392":2,"393":2,"394":2,"395":1,"396":1,"397":5,"398":5,"399":0,"400":0,"401":0,"402":0,"403":0,"404":0,"405":5,"406":1,"407":1,"408":11,"409":11,"410":11,"411":11,"412":11,"413":11,"414":11,"415":11,"416":4,"417":4,"418":4,"419":4,"420":11,"421":1,"422":1,"423":1,"424":1,"425":28,"426":28,"427":27,"428":27,"429":1,"430":1,"431":1,"432":1,"433":1,"434":1,"435":1,"436":1,"437":1,"438":1,"439":1,"440":1,"441":1,"442":1,"443":1,"444":14,"445":14,"446":14,"447":14,"448":14,"449":14,"450":14,"451":14,"452":14,"453":14,"454":14,"455":14,"456":14,"457":14,"458":14,"459":14,"460":14,"461":14,"462":14,"463":2,"464":14,"465":14,"466":1,"467":14,"468":14,"469":0,"470":0,"471":14,"472":14,"473":14,"474":13,"475":13,"476":1,"477":1,"478":1,"479":1,"480":1,"481":1,"482":1,"483":1,"484":1,"485":1,"486":1,"487":13,"488":13,"489":13,"490":13,"491":11,"492":11,"493":11,"494":11,"495":11,"496":13,"497":14,"498":14,"499":14,"500":52,"501":52,"502":51,"503":51,"504":1,"505":1,"506":1,"507":1,"508":1,"509":1,"510":14,"511":14,"512":14,"513":28,"514":28,"515":28,"516":28,"517":28,"518":28,"519":28,"520":28,"521":28,"522":28,"523":28,"524":28,"525":28,"526":28,"527":28,"528":28,"529":28,"530":28,"531":28,"532":28,"533":28,"534":28,"535":26,"536":26,"537":26,"538":26,"539":26,"540":8,"541":8,"542":26,"543":13,"544":13,"545":13,"546":26,"547":26,"548":28,"549":28,"550":28,"551":28,"552":28,"553":14,"554":14,"555":14,"556":4,"557":4,"558":4,"559":4,"560":4,"561":4,"562":14,"563":14,"564":14,"565":4,"566":4,"567":4,"568":1,"569":4,"570":14,"571":14,"572":14,"573":4,"574":4,"575":4,"576":4,"577":4,"578":4,"579":14,"580":14,"581":14,"582":6,"583":5,"584":5,"585":5,"586":1,"587":1,"588":1,"589":1,"590":1,"591":1,"592":4,"593":5,"594":5,"595":5,"596":5,"597":5,"598":5,"599":5,"600":5,"601":4,"602":4,"603":2,"604":2,"605":2,"606":0,"607":0,"608":2,"609":2,"610":2,"611":2,"612":2,"613":4,"614":1,"615":1,"616":1,"617":4,"618":4,"619":5,"620":2,"621":2,"622":0,"623":0,"624":2,"625":2,"626":2,"627":2,"628":2,"629":2,"630":2,"631":2,"632":2,"633":2,"634":5,"635":5,"636":5,"637":5,"638":1,"639":1,"640":1,"641":1,"642":1,"643":1,"644":1,"645":1,"646":1,"647":1,"648":1,"649":1,"650":1,"651":0,"652":0,"653":6,"654":6,"655":0,"656":0,"657":0,"658":14,"659":14,"660":14,"661":14,"662":15,"663":15,"664":15,"665":15,"666":15,"667":15,"668":15,"669":1,"670":15,"671":14,"672":14,"673":14,"674":14,"675":14,"676":14,"677":14,"678":14,"679":14,"680":14,"681":14,"682":15,"683":15,"684":15,"685":15,"686":0,"687":0,"688":0,"689":15,"690":15,"691":9,"692":9,"693":5,"694":5,"695":9,"696":9,"697":9,"698":15,"699":15,"700":0,"701":0,"702":15,"703":15,"704":6,"705":6,"706":15,"707":15,"708":0,"709":0,"710":15,"711":15,"712":15,"713":15,"714":15,"715":3,"716":3,"717":3,"718":3,"719":2,"720":2,"721":2,"722":1,"723":15,"724":15,"725":15,"726":15,"727":14,"728":14,"729":14,"730":3,"731":3,"732":3,"733":0,"734":0,"735":3,"736":1,"737":1,"738":2,"739":2,"740":3,"741":14,"742":14,"743":14,"744":1,"745":1,"746":1,"747":0,"748":0,"749":1,"750":0,"751":0,"752":1,"753":1,"754":1,"755":14,"756":14,"757":14,"758":6,"759":6,"760":6,"761":0,"762":0,"763":6,"764":0,"765":0,"766":6,"767":6,"768":6,"769":6,"770":6,"771":6,"772":0,"773":0,"774":6,"775":6,"776":6,"777":6,"778":6,"779":5,"780":5,"781":6,"782":6,"783":14,"784":14,"785":14,"786":4,"787":4,"788":3,"789":3,"790":4,"791":14,"792":14,"793":14,"794":2,"795":14,"796":14,"797":14,"798":7,"799":14,"800":14,"801":14,"802":2,"803":14,"804":14,"805":14,"806":3,"807":3,"808":3,"809":3,"810":3,"811":3,"812":3,"813":3,"814":3,"815":3,"816":3,"817":3,"818":3,"819":2,"820":2,"821":2,"822":3,"823":3,"824":3,"825":3,"826":3,"827":3,"828":3,"829":3,"830":3,"831":3,"832":3,"833":3,"834":3,"835":3,"836":14,"837":14,"838":14,"839":2,"840":2,"841":2,"842":2,"843":2,"844":2,"845":2,"846":2,"847":2,"848":2,"849":14,"850":14,"851":14,"852":2,"853":2,"854":2,"855":2,"856":2,"857":2,"858":1,"859":2,"860":14,"861":14,"862":14,"863":3,"864":3,"865":4,"866":4,"867":0,"868":0,"869":4,"870":4,"871":4,"872":1,"873":1,"874":1,"875":1,"876":4,"877":3,"878":3,"879":3,"880":3,"881":3,"882":3,"883":3,"884":1,"885":1,"886":3,"887":14,"888":14,"889":14,"890":14,"891":1,"892":1,"893":1,"894":1,"895":1,"896":1,"897":1,"898":0,"899":1,"900":14,"901":14,"902":0,"903":14,"904":14,"905":4,"906":14,"907":14,"908":14,"909":14,"910":14,"911":14,"912":14,"913":14,"914":7,"915":7,"916":4,"917":4,"918":7,"919":14,"920":14,"921":14,"922":1,"923":1,"924":1,"925":1,"926":1,"927":0,"928":0,"929":0},"branchMap":{"0":{"type":"branch","line":217,"loc":{"start":{"line":217,"column":0},"end":{"line":225,"column":1}},"locations":[{"start":{"line":217,"column":0},"end":{"line":225,"column":1}}]},"1":{"type":"branch","line":218,"loc":{"start":{"line":218,"column":10},"end":{"line":220,"column":3}},"locations":[{"start":{"line":218,"column":10},"end":{"line":220,"column":3}}]},"2":{"type":"branch","line":221,"loc":{"start":{"line":221,"column":-1},"end":{"line":223,"column":3}},"locations":[{"start":{"line":221,"column":-1},"end":{"line":223,"column":3}}]},"3":{"type":"branch","line":224,"loc":{"start":{"line":224,"column":-1},"end":{"line":225,"column":1}},"locations":[{"start":{"line":224,"column":-1},"end":{"line":225,"column":1}}]},"4":{"type":"branch","line":230,"loc":{"start":{"line":230,"column":0},"end":{"line":284,"column":1}},"locations":[{"start":{"line":230,"column":0},"end":{"line":284,"column":1}}]},"5":{"type":"branch","line":232,"loc":{"start":{"line":232,"column":14},"end":{"line":234,"column":3}},"locations":[{"start":{"line":232,"column":14},"end":{"line":234,"column":3}}]},"6":{"type":"branch","line":235,"loc":{"start":{"line":235,"column":-1},"end":{"line":240,"column":43}},"locations":[{"start":{"line":235,"column":-1},"end":{"line":240,"column":43}}]},"7":{"type":"branch","line":240,"loc":{"start":{"line":240,"column":43},"end":{"line":269,"column":3}},"locations":[{"start":{"line":240,"column":43},"end":{"line":269,"column":3}}]},"8":{"type":"branch","line":242,"loc":{"start":{"line":242,"column":20},"end":{"line":242,"column":38}},"locations":[{"start":{"line":242,"column":20},"end":{"line":242,"column":38}}]},"9":{"type":"branch","line":242,"loc":{"start":{"line":242,"column":40},"end":{"line":248,"column":5}},"locations":[{"start":{"line":242,"column":40},"end":{"line":248,"column":5}}]},"10":{"type":"branch","line":243,"loc":{"start":{"line":243,"column":18},"end":{"line":246,"column":7}},"locations":[{"start":{"line":243,"column":18},"end":{"line":246,"column":7}}]},"11":{"type":"branch","line":249,"loc":{"start":{"line":249,"column":-1},"end":{"line":250,"column":22}},"locations":[{"start":{"line":249,"column":-1},"end":{"line":250,"column":22}}]},"12":{"type":"branch","line":250,"loc":{"start":{"line":250,"column":22},"end":{"line":257,"column":5}},"locations":[{"start":{"line":250,"column":22},"end":{"line":257,"column":5}}]},"13":{"type":"branch","line":258,"loc":{"start":{"line":258,"column":-1},"end":{"line":259,"column":22}},"locations":[{"start":{"line":258,"column":-1},"end":{"line":259,"column":22}}]},"14":{"type":"branch","line":259,"loc":{"start":{"line":259,"column":22},"end":{"line":266,"column":5}},"locations":[{"start":{"line":259,"column":22},"end":{"line":266,"column":5}}]},"15":{"type":"branch","line":267,"loc":{"start":{"line":267,"column":-1},"end":{"line":269,"column":3}},"locations":[{"start":{"line":267,"column":-1},"end":{"line":269,"column":3}}]},"16":{"type":"branch","line":270,"loc":{"start":{"line":270,"column":-1},"end":{"line":277,"column":41}},"locations":[{"start":{"line":270,"column":-1},"end":{"line":277,"column":41}}]},"17":{"type":"branch","line":277,"loc":{"start":{"line":277,"column":41},"end":{"line":282,"column":3}},"locations":[{"start":{"line":277,"column":41},"end":{"line":282,"column":3}}]},"18":{"type":"branch","line":283,"loc":{"start":{"line":283,"column":-1},"end":{"line":284,"column":1}},"locations":[{"start":{"line":283,"column":-1},"end":{"line":284,"column":1}}]},"19":{"type":"branch","line":289,"loc":{"start":{"line":289,"column":0},"end":{"line":304,"column":1}},"locations":[{"start":{"line":289,"column":0},"end":{"line":304,"column":1}}]},"20":{"type":"branch","line":290,"loc":{"start":{"line":290,"column":26},"end":{"line":290,"column":47}},"locations":[{"start":{"line":290,"column":26},"end":{"line":290,"column":47}}]},"21":{"type":"branch","line":290,"loc":{"start":{"line":290,"column":49},"end":{"line":292,"column":3}},"locations":[{"start":{"line":290,"column":49},"end":{"line":292,"column":3}}]},"22":{"type":"branch","line":293,"loc":{"start":{"line":293,"column":-1},"end":{"line":295,"column":30}},"locations":[{"start":{"line":293,"column":-1},"end":{"line":295,"column":30}}]},"23":{"type":"branch","line":295,"loc":{"start":{"line":295,"column":26},"end":{"line":295,"column":48}},"locations":[{"start":{"line":295,"column":26},"end":{"line":295,"column":48}}]},"24":{"type":"branch","line":295,"loc":{"start":{"line":295,"column":48},"end":{"line":295,"column":68}},"locations":[{"start":{"line":295,"column":48},"end":{"line":295,"column":68}}]},"25":{"type":"branch","line":295,"loc":{"start":{"line":295,"column":68},"end":{"line":295,"column":94}},"locations":[{"start":{"line":295,"column":68},"end":{"line":295,"column":94}}]},"26":{"type":"branch","line":295,"loc":{"start":{"line":295,"column":96},"end":{"line":297,"column":3}},"locations":[{"start":{"line":295,"column":96},"end":{"line":297,"column":3}}]},"27":{"type":"branch","line":298,"loc":{"start":{"line":298,"column":-1},"end":{"line":299,"column":38}},"locations":[{"start":{"line":298,"column":-1},"end":{"line":299,"column":38}}]},"28":{"type":"branch","line":299,"loc":{"start":{"line":299,"column":38},"end":{"line":301,"column":3}},"locations":[{"start":{"line":299,"column":38},"end":{"line":301,"column":3}}]},"29":{"type":"branch","line":302,"loc":{"start":{"line":302,"column":-1},"end":{"line":304,"column":1}},"locations":[{"start":{"line":302,"column":-1},"end":{"line":304,"column":1}}]},"30":{"type":"branch","line":303,"loc":{"start":{"line":303,"column":23},"end":{"line":303,"column":59}},"locations":[{"start":{"line":303,"column":23},"end":{"line":303,"column":59}}]},"31":{"type":"branch","line":303,"loc":{"start":{"line":303,"column":42},"end":{"line":303,"column":59}},"locations":[{"start":{"line":303,"column":42},"end":{"line":303,"column":59}}]},"32":{"type":"branch","line":309,"loc":{"start":{"line":309,"column":0},"end":{"line":325,"column":1}},"locations":[{"start":{"line":309,"column":0},"end":{"line":325,"column":1}}]},"33":{"type":"branch","line":311,"loc":{"start":{"line":311,"column":30},"end":{"line":323,"column":3}},"locations":[{"start":{"line":311,"column":30},"end":{"line":323,"column":3}}]},"34":{"type":"branch","line":312,"loc":{"start":{"line":312,"column":25},"end":{"line":314,"column":5}},"locations":[{"start":{"line":312,"column":25},"end":{"line":314,"column":5}}]},"35":{"type":"branch","line":315,"loc":{"start":{"line":315,"column":-1},"end":{"line":315,"column":39}},"locations":[{"start":{"line":315,"column":-1},"end":{"line":315,"column":39}}]},"36":{"type":"branch","line":315,"loc":{"start":{"line":315,"column":39},"end":{"line":315,"column":54}},"locations":[{"start":{"line":315,"column":39},"end":{"line":315,"column":54}}]},"37":{"typ
[...]
rt":{"line":662,"column":4},"end":{"line":728,"column":5}}]},"134":{"type":"branch","line":663,"loc":{"start":{"line":663,"column":49},"end":{"line":727,"column":7}},"locations":[{"start":{"line":663,"column":49},"end":{"line":727,"column":7}}]},"135":{"type":"branch","line":665,"loc":{"start":{"line":665,"column":30},"end":{"line":665,"column":48}},"locations":[{"start":{"line":665,"column":30},"end":{"line":665,"column":48}}]},"136":{"type":"branch","line":665,"loc":{"start":{"line":665,"column":42},"end":{"line":665,"column":48}},"locations":[{"start":{"line":665,"column":42},"end":{"line":665,"column":48}}]},"137":{"type":"branch","line":665,"loc":{"start":{"line":665,"column":48},"end":{"line":665,"column":66}},"locations":[{"start":{"line":665,"column":48},"end":{"line":665,"column":66}}]},"138":{"type":"branch","line":666,"loc":{"start":{"line":666,"column":50},"end":{"line":666,"column":76}},"locations":[{"start":{"line":666,"column":50},"end":{"line":666,"column":76}}]},"139":{"type":"branch","line":666,"loc":{"start":{"line":666,"column":62},"end":{"line":666,"column":76}},"locations":[{"start":{"line":666,"column":62},"end":{"line":666,"column":76}}]},"140":{"type":"branch","line":669,"loc":{"start":{"line":669,"column":22},"end":{"line":671,"column":9}},"locations":[{"start":{"line":669,"column":22},"end":{"line":671,"column":9}}]},"141":{"type":"branch","line":671,"loc":{"start":{"line":671,"column":9},"end":{"line":682,"column":9}},"locations":[{"start":{"line":671,"column":9},"end":{"line":682,"column":9}}]},"142":{"type":"branch","line":686,"loc":{"start":{"line":686,"column":27},"end":{"line":689,"column":9}},"locations":[{"start":{"line":686,"column":27},"end":{"line":689,"column":9}}]},"143":{"type":"branch","line":691,"loc":{"start":{"line":691,"column":42},"end":{"line":691,"column":92}},"locations":[{"start":{"line":691,"column":42},"end":{"line":691,"column":92}}]},"144":{"type":"branch","line":691,"loc":{"start":{"line":691,"column":78},"end":{"line":691,"column":91}},"locations":[{"start":{"line":691,"column":78},"end":{"line":691,"column":91}}]},"145":{"type":"branch","line":691,"loc":{"start":{"line":691,"column":94},"end":{"line":698,"column":9}},"locations":[{"start":{"line":691,"column":94},"end":{"line":698,"column":9}}]},"146":{"type":"branch","line":693,"loc":{"start":{"line":693,"column":44},"end":{"line":695,"column":11}},"locations":[{"start":{"line":693,"column":44},"end":{"line":695,"column":11}}]},"147":{"type":"branch","line":700,"loc":{"start":{"line":700,"column":40},"end":{"line":700,"column":80}},"locations":[{"start":{"line":700,"column":40},"end":{"line":700,"column":80}}]},"148":{"type":"branch","line":700,"loc":{"start":{"line":700,"column":82},"end":{"line":702,"column":9}},"locations":[{"start":{"line":700,"column":82},"end":{"line":702,"column":9}}]},"149":{"type":"branch","line":704,"loc":{"start":{"line":704,"column":42},"end":{"line":704,"column":84}},"locations":[{"start":{"line":704,"column":42},"end":{"line":704,"column":84}}]},"150":{"type":"branch","line":704,"loc":{"start":{"line":704,"column":86},"end":{"line":706,"column":9}},"locations":[{"start":{"line":704,"column":86},"end":{"line":706,"column":9}}]},"151":{"type":"branch","line":708,"loc":{"start":{"line":708,"column":37},"end":{"line":710,"column":9}},"locations":[{"start":{"line":708,"column":37},"end":{"line":710,"column":9}}]},"152":{"type":"branch","line":715,"loc":{"start":{"line":715,"column":24},"end":{"line":724,"column":12}},"locations":[{"start":{"line":715,"column":24},"end":{"line":724,"column":12}}]},"153":{"type":"branch","line":716,"loc":{"start":{"line":716,"column":53},"end":{"line":724,"column":11}},"locations":[{"start":{"line":716,"column":53},"end":{"line":724,"column":11}}]},"154":{"type":"branch","line":719,"loc":{"start":{"line":719,"column":25},"end":{"line":722,"column":13}},"locations":[{"start":{"line":719,"column":25},"end":{"line":722,"column":13}}]},"155":{"type":"branch","line":723,"loc":{"start":{"line":723,"column":-1},"end":{"line":724,"column":11}},"locations":[{"start":{"line":723,"column":-1},"end":{"line":724,"column":11}}]},"156":{"type":"branch","line":730,"loc":{"start":{"line":730,"column":4},"end":{"line":742,"column":5}},"locations":[{"start":{"line":730,"column":4},"end":{"line":742,"column":5}}]},"157":{"type":"branch","line":731,"loc":{"start":{"line":731,"column":50},"end":{"line":741,"column":7}},"locations":[{"start":{"line":731,"column":50},"end":{"line":741,"column":7}}]},"158":{"type":"branch","line":733,"loc":{"start":{"line":733,"column":21},"end":{"line":735,"column":9}},"locations":[{"start":{"line":733,"column":21},"end":{"line":735,"column":9}}]},"159":{"type":"branch","line":736,"loc":{"start":{"line":736,"column":28},"end":{"line":738,"column":9}},"locations":[{"start":{"line":736,"column":28},"end":{"line":738,"column":9}}]},"160":{"type":"branch","line":739,"loc":{"start":{"line":739,"column":-1},"end":{"line":741,"column":7}},"locations":[{"start":{"line":739,"column":-1},"end":{"line":741,"column":7}}]},"161":{"type":"branch","line":744,"loc":{"start":{"line":744,"column":4},"end":{"line":756,"column":5}},"locations":[{"start":{"line":744,"column":4},"end":{"line":756,"column":5}}]},"162":{"type":"branch","line":745,"loc":{"start":{"line":745,"column":48},"end":{"line":755,"column":7}},"locations":[{"start":{"line":745,"column":48},"end":{"line":755,"column":7}}]},"163":{"type":"branch","line":747,"loc":{"start":{"line":747,"column":21},"end":{"line":749,"column":9}},"locations":[{"start":{"line":747,"column":21},"end":{"line":749,"column":9}}]},"164":{"type":"branch","line":750,"loc":{"start":{"line":750,"column":26},"end":{"line":752,"column":9}},"locations":[{"start":{"line":750,"column":26},"end":{"line":752,"column":9}}]},"165":{"type":"branch","line":758,"loc":{"start":{"line":758,"column":4},"end":{"line":784,"column":5}},"locations":[{"start":{"line":758,"column":4},"end":{"line":784,"column":5}}]},"166":{"type":"branch","line":759,"loc":{"start":{"line":759,"column":53},"end":{"line":783,"column":7}},"locations":[{"start":{"line":759,"column":53},"end":{"line":783,"column":7}}]},"167":{"type":"branch","line":761,"loc":{"start":{"line":761,"column":21},"end":{"line":763,"column":9}},"locations":[{"start":{"line":761,"column":21},"end":{"line":763,"column":9}}]},"168":{"type":"branch","line":764,"loc":{"start":{"line":764,"column":42},"end":{"line":766,"column":9}},"locations":[{"start":{"line":764,"column":42},"end":{"line":766,"column":9}}]},"169":{"type":"branch","line":772,"loc":{"start":{"line":772,"column":25},"end":{"line":772,"column":42}},"locations":[{"start":{"line":772,"column":25},"end":{"line":772,"column":42}}]},"170":{"type":"branch","line":772,"loc":{"start":{"line":772,"column":44},"end":{"line":774,"column":9}},"locations":[{"start":{"line":772,"column":44},"end":{"line":774,"column":9}}]},"171":{"type":"branch","line":779,"loc":{"start":{"line":779,"column":26},"end":{"line":781,"column":9}},"locations":[{"start":{"line":779,"column":26},"end":{"line":781,"column":9}}]},"172":{"type":"branch","line":786,"loc":{"start":{"line":786,"column":4},"end":{"line":792,"column":5}},"locations":[{"start":{"line":786,"column":4},"end":{"line":792,"column":5}}]},"173":{"type":"branch","line":788,"loc":{"start":{"line":788,"column":40},"end":{"line":790,"column":7}},"locations":[{"start":{"line":788,"column":40},"end":{"line":790,"column":7}}]},"174":{"type":"branch","line":794,"loc":{"start":{"line":794,"column":4},"end":{"line":796,"column":5}},"locations":[{"start":{"line":794,"column":4},"end":{"line":796,"column":5}}]},"175":{"type":"branch","line":795,"loc":{"start":{"line":795,"column":38},"end":{"line":795,"column":47}},"locations":[{"start":{"line":795,"column":38},"end":{"line":795,"column":47}}]},"176":{"type":"branch","line":798,"loc":{"start":{"line":798,"column":4},"end":{"line":800,"column":5}},"locations":[{"start":{"line":798,"column":4},"end":{"line":800,"column":5}}]},"177":{"type":"branch","line":799,"loc":{"start":{"line":799,"column":36},"end":{"line":799,"column":45}},"locations":[{"start":{"line":799,"column":36},"end":{"line":799,"column":45}}]},"178":{"type":"branch","line":802,"loc":{"start":{"line":802,"column":4},"end":{"line":804,"column":5}},"locations":[{"start":{"line":802,"column":4},"end":{"line":804,"column":5}}]},"179":{"type":"branch","line":803,"loc":{"start":{"line":803,"column":36},"end":{"line":803,"column":44}},"locations":[{"start":{"line":803,"column":36},"end":{"line":803,"column":44}}]},"180":{"type":"branch","line":806,"loc":{"start":{"line":806,"column":4},"end":{"line":837,"column":5}},"locations":[{"start":{"line":806,"column":4},"end":{"line":837,"column":5}}]},"181":{"type":"branch","line":819,"loc":{"start":{"line":819,"column":42},"end":{"line":822,"column":11}},"locations":[{"start":{"line":819,"column":42},"end":{"line":822,"column":11}}]},"182":{"type":"branch","line":825,"loc":{"start":{"line":825,"column":22},"end":{"line":825,"column":38}},"locations":[{"start":{"line":825,"column":22},"end":{"line":825,"column":38}}]},"183":{"type":"branch","line":839,"loc":{"start":{"line":839,"column":4},"end":{"line":850,"column":5}},"locations":[{"start":{"line":839,"column":4},"end":{"line":850,"column":5}}]},"184":{"type":"branch","line":847,"loc":{"start":{"line":847,"column":13},"end":{"line":849,"column":7}},"locations":[{"start":{"line":847,"column":13},"end":{"line":849,"column":7}}]},"185":{"type":"branch","line":852,"loc":{"start":{"line":852,"column":4},"end":{"line":861,"column":5}},"locations":[{"start":{"line":852,"column":4},"end":{"line":861,"column":5}}]},"186":{"type":"branch","line":858,"loc":{"start":{"line":858,"column":13},"end":{"line":860,"column":7}},"locations":[{"start":{"line":858,"column":13},"end":{"line":860,"column":7}}]},"187":{"type":"branch","line":863,"loc":{"start":{"line":863,"column":4},"end":{"line":887,"column":5}},"locations":[{"start":{"line":863,"column":4},"end":{"line":887,"column":5}}]},"188":{"type":"branch","line":865,"loc":{"start":{"line":865,"column":40},"end":{"line":877,"column":7}},"locations":[{"start":{"line":865,"column":40},"end":{"line":877,"column":7}}]},"189":{"type":"branch","line":867,"loc":{"start":{"line":867,"column":22},"end":{"line":869,"column":9}},"locations":[{"start":{"line":867,"column":22},"end":{"line":869,"column":9}}]},"190":{"type":"branch","line":872,"loc":{"start":{"line":872,"column":10},"end":{"line":876,"column":9}},"locations":[{"start":{"line":872,"column":10},"end":{"line":876,"column":9}}]},"191":{"type":"branch","line":884,"loc":{"start":{"line":884,"column":22},"end":{"line":886,"column":7}},"locations":[{"start":{"line":884,"column":22},"end":{"line":886,"column":7}}]},"192":{"type":"branch","line":891,"loc":{"start":{"line":891,"column":4},"end":{"line":901,"column":5}},"locations":[{"start":{"line":891,"column":4},"end":{"line":901,"column":5}}]},"193":{"type":"branch","line":905,"loc":{"start":{"line":905,"column":4},"end":{"line":907,"column":5}},"locations":[{"start":{"line":905,"column":4},"end":{"line":907,"column":5}}]}},"b":{"0":[3],"1":[2],"2":[1],"3":[0],"4":[15],"5":[10],"6":[5],"7":[51],"8":[4],"9":[4],"10":[2],"11":[47],"12":[2],"13":[45],"14":[2],"15":[43],"16":[5],"17":[0],"18":[5],"19":[12],"20":[11],"21":[2],"22":[10],"23":[3],"24":[3],"25":[3],"26":[2],"27":[8],"28":[1],"29":[7],"30":[11],"31":[9],"32":[3],"33":[8],"34":[1],"35":[7],"36":[2],"37":[5],"38":[2],"39":[5],"40":[0],"41":[2],"42":[13],"43":[1],"44":[12],"45":[2],"46":[2],"47":[0],"48":[0],"49":[1],"50":[10],"51":[0],"52":[10],"53":[9],"54":[1],"55":[6],"56":[1],"57":[5],"58":[3],"59":[4],"60":[1],"61":[0],"62":[0],"63":[2],"64":[5],"65":[0],"66":[11],"67":[4],"68":[28],"69":[27],"70":[1],"71":[1],"72":[14],"73":[13],"74":[8],"75":[7],"76":[4],"77":[2],"78":[0],"79":[1],"80":[0],"81":[13],"82":[1],"83":[11],"84":[1],"85":[52],"86":[1],"87":[51],"88":[1],"89":[28],"90":[28],"91":[8],"92":[20],"93":[26],"94":[8],"95":[13],"96":[4],"97":[4],"98":[1],"99":[4],"100":[6],"101":[5],"102":[4],"103":[1],"104":[4],"105":[1],"106":[3],"107":[4],"108":[2],"109":[1],"110":[1],"111":[0],"112":[2],"113":[1],"114":[1],"115":[0],"116":[1],"117":[0],"118":[0],"119":[2],"120":[0],"121":[2],"122":[0],"123":[1],"124":[1],"125":[1],"126":[0],"127":[2],"128":[2],"129":[1],"130":[1],"131":[0],"132":[2],"133":[15],"134":[15],"135":[10],"136":[0],"137":[10],"138":[6],"139":[0],"140":[1],"141":[14],"142":[0],"143":[9],"144":[0],"145":[9],"146":[5],"147":[5],"148":[0],"149":[10],"150":[6],"151":[0],"152":[3],"153":[3],"154":[2],"155":[1],"156":[3],"157":[3],"158":[0],"159":[1],"160":[2],"161":[1],"162":[1],"163":[0],"164":[0],"165":[6],"166":[6],"167":[0],"168":[0],"169":[0],"170":[0],"171":[5],"172":[4],"173":[3],"174":[2],"175":[0],"176":[7],"177":[0],"178":[2],"179":[1],"180":[3],"181":[2],"182":[1],"183":[2],"184":[2],"185":[2],"186":[1],"187":[3],"188":[4],"189":[0],"190":[1],"191":[1],"192":[1],"193":[4]},"fnMap":{"0":{"name":"buildValidationResult","decl":{"start":{"line":217,"column":0},"end":{"line":225,"column":1}},"loc":{"start":{"line":217,"column":0},"end":{"line":225,"column":1}},"line":217},"1":{"name":"parsePath","decl":{"start":{"line":230,"column":0},"end":{"line":284,"column":1}},"loc":{"start":{"line":230,"column":0},"end":{"line":284,"column":1}},"line":230},"2":{"name":"isMatch","decl":{"start":{"line":289,"column":0},"end":{"line":304,"column":1}},"loc":{"start":{"line":289,"column":0},"end":{"line":304,"column":1}},"line":289},"3":{"name":"getAtPath","decl":{"start":{"line":309,"column":0},"end":{"line":325,"column":1}},"loc":{"start":{"line":309,"column":0},"end":{"line":325,"column":1}},"line":309},"4":{"name":"setAtPath","decl":{"start":{"line":330,"column":0},"end":{"line":395,"column":1}},"loc":{"start":{"line":330,"column":0},"end":{"line":395,"column":1}},"line":330},"5":{"name":"notifySubscribers","decl":{"start":{"line":398,"column":0},"end":{"line":406,"column":1}},"loc":{"start":{"line":398,"column":0},"end":{"line":406,"column":1}},"line":398},"6":{"name":"notifyWatchers","decl":{"start":{"line":409,"column":0},"end":{"line":421,"column":1}},"loc":{"start":{"line":409,"column":0},"end":{"line":421,"column":1}},"line":409},"7":{"name":"composeMiddleware","decl":{"start":{"line":426,"column":0},"end":{"line":432,"column":1}},"loc":{"start":{"line":426,"column":0},"end":{"line":432,"column":1}},"line":426},"8":{"name":"createFormStore","decl":{"start":{"line":445,"column":0},"end":{"line":922,"column":1}},"loc":{"start":{"line":445,"column":0},"end":{"line":922,"column":1}},"line":445},"9":{"name":"getTouched","decl":{"start":{"line":463,"column":4},"end":{"line":465,"column":5}},"loc":{"start":{"line":463,"column":4},"end":{"line":465,"column":5}},"line":463},"10":{"name":"getDirty","decl":{"start":{"line":466,"column":4},"end":{"line":468,"column":5}},"loc":{"start":{"line":466,"column":4},"end":{"line":468,"column":5}},"line":466},"11":{"name":"getError","decl":{"start":{"line":469,"column":4},"end":{"line":471,"column":5}},"loc":{"start":{"line":469,"column":4},"end":{"line":471,"column":5}},"line":469},"12":{"name":"flushNotifications","decl":{"start":{"line":474,"column":29},"end":{"line":498,"column":3}},"loc":{"start":{"line":474,"column":29},"end":{"line":498,"column":3}},"line":474},"13":{"name":"emitEvent","decl":{"start":{"line":500,"column":20},"end":{"line":511,"column":3}},"loc":{"start":{"line":500,"column":20},"end":{"line":511,"column":3}},"line":500},"14":{"name":"runMutation","decl":{"start":{"line":513,"column":22},"end":{"line":554,"column":3}},"loc":{"start":{"line":513,"column":22},"end":{"line":554,"column":3}},"line":513},"15":{"name":"base","decl":{"start":{"line":529,"column":23},"end":{"line":549,"column":5}},"loc":{"start":{"line":529,"column":23},"end":{"line":549,"column":5}},"line":529},"16":{"name":"ensureValidatorEntry","decl":{"start":{"line":556,"column":31},"end":{"line":563,"column":3}},"loc":{"start":{"line":556,"column":31},"end":{"line":563,"column":3}},"line":556},"17":{"name":"addValidatorInternal","decl":{"start":{"line":565,"column":31},"end":{"line":571,"column":3}},"loc":{"start":{"line":565,"column":31},"end":{"line":571,"column":3}},"line":565},"18":{"name":"getValidationBucket","decl":{"start":{"line":573,"column":30},"end":{"line":580,"column":3}},"loc":{"start":{"line":573,"column":30},"end":{"line":580,"column":3}},"line":573},"19":{"name":"performValidation","decl":{"start":{"line":582,"column":28},"end":{"line":659,"column":3}},"loc":{"start":{"line":582,"column":28},"end":{"line":659,"column":3}},"line":582},"20":{"name":"register","decl":{"start":{"line":662,"column":4},"end":{"line":728,"column":5}},"loc":{"start":{"line":662,"column":4},"end":{"line":728,"column":5}},"line":662},"21":{"name":"cleanup","decl":{"start":{"line":715,"column":24},"end":{"line":724,"column":12}},"loc":{"start":{"line":715,"column":24},"end":{"line":724,"column":12}},"line":715},"22":{"name":"markTouched","decl":{"start":{"line":730,"column":4},"end":{"line":742,"column":5}},"loc":{"start":{"line":730,"column":4},"end":{"line":742,"column":5}},"line":730},"23":{"name":"markDirty","decl":{"start":{"line":744,"column":4},"end":{"line":756,"column":5}},"loc":{"start":{"line":744,"column":4},"end":{"line":756,"column":5}},"line":744},"24":{"name":"setControlledValue","decl":{"start":{"line":758,"column":4},"end":{"line":784,"column":5}},"loc":{"start":{"line":758,"column":4},"end":{"line":784,"column":5}},"line":758},"25":{"name":"validate","decl":{"start":{"line":786,"column":4},"end":{"line":792,"column":5}},"loc":{"start":{"line":786,"column":4},"end":{"line":792,"column":5}},"line":786},"26":{"name":"getTouched","decl":{"start":{"line":794,"column":4},"end":{"line":796,"column":5}},"loc":{"start":{"line":794,"column":4},"end":{"line":796,"column":5}},"line":794},"27":{"name":"getDirty","decl":{"start":{"line":798,"column":4},"end":{"line":800,"column":5}},"loc":{"start":{"line":798,"column":4},"end":{"line":800,"column":5}},"line":798},"28":{"name":"getError","decl":{"start":{"line":802,"column":4},"end":{"line":804,"column":5}},"loc":{"start":{"line":802,"column":4},"end":{"line":804,"column":5}},"line":802},"29":{"name":"read","decl":{"start":{"line":806,"column":4},"end":{"line":837,"column":5}},"loc":{"start":{"line":806,"column":4},"end":{"line":837,"column":5}},"line":806},"30":{"name":"subscribe","decl":{"start":{"line":839,"column":4},"end":{"line":850,"column":5}},"loc":{"start":{"line":839,"column":4},"end":{"line":850,"column":5}},"line":839},"31":{"name":"watch","decl":{"start":{"line":852,"column":4},"end":{"line":861,"column":5}},"loc":{"start":{"line":852,"column":4},"end":{"line":861,"column":5}},"line":852},"32":{"name":"destroy","decl":{"start":{"line":863,"column":4},"end":{"line":887,"column":5}},"loc":{"start":{"line":863,"column":4},"end":{"line":887,"column":5}},"line":863},"33":{"name":"on","decl":{"start":{"line":891,"column":4},"end":{"line":901,"column":5}},"loc":{"start":{"line":891,"column":4},"end":{"line":901,"column":5}},"line":891},"34":{"name":"addMiddleware","decl":{"start":{"line":902,"column":4},"end":{"line":904,"column":5}},"loc":{"start":{"line":902,"column":4},"end":{"line":904,"column":5}},"line":902},"35":{"name":"addValidator","decl":{"start":{"line":905,"column":4},"end":{"line":907,"column":5}},"loc":{"start":{"line":905,"column":4},"end":{"line":907,"column":5}},"line":905},"36":{"name":"useRezendForm","decl":{"start":{"line":928,"column":0},"end":{"line":930,"column":1}},"loc":{"start":{"line":928,"column":0},"end":{"line":930,"column":1}},"line":928}},"f":{"0":3,"1":15,"2":12,"3":3,"4":13,"5":5,"6":11,"7":28,"8":14,"9":2,"10":1,"11":0,"12":13,"13":52,"14":28,"15":28,"16":4,"17":4,"18":4,"19":6,"20":15,"21":3,"22":3,"23":1,"24":6,"25":4,"26":2,"27":7,"28":2,"29":3,"30":2,"31":2,"32":3,"33":1,"34":0,"35":4,"36":0}}
}
