TN:
SF:packages/core/src/index.ts
FN:217,buildValidationResult
FN:230,parsePath
FN:289,isMatch
FN:309,getAtPath
FN:330,setAtPath
FN:398,notifySubscribers
FN:409,notifyWatchers
FN:426,composeMiddleware
FN:445,createFormStore
FN:463,getTouched
FN:466,getDirty
FN:469,getError
FN:474,flushNotifications
FN:500,emitEvent
FN:513,runMutation
FN:529,base
FN:556,ensureValidatorEntry
FN:565,addValidatorInternal
FN:573,getValidationBucket
FN:582,performValidation
FN:662,register
FN:715,cleanup
FN:730,markTouched
FN:744,markDirty
FN:758,setControlledValue
FN:786,validate
FN:794,getTouched
FN:798,getDirty
FN:802,getError
FN:806,read
FN:839,subscribe
FN:852,watch
FN:863,destroy
FN:891,on
FN:902,addMiddleware
FN:905,addValidator
FN:928,useRezendForm
FNF:37
FNH:34
FNDA:3,buildValidationResult
FNDA:15,parsePath
FNDA:12,isMatch
FNDA:3,getAtPath
FNDA:13,setAtPath
FNDA:5,notifySubscribers
FNDA:11,notifyWatchers
FNDA:28,composeMiddleware
FNDA:14,createFormStore
FNDA:2,getTouched
FNDA:1,getDirty
FNDA:0,getError
FNDA:13,flushNotifications
FNDA:52,emitEvent
FNDA:28,runMutation
FNDA:28,base
FNDA:4,ensureValidatorEntry
FNDA:4,addValidatorInternal
FNDA:4,getValidationBucket
FNDA:6,performValidation
FNDA:15,register
FNDA:3,cleanup
FNDA:3,markTouched
FNDA:1,markDirty
FNDA:6,setControlledValue
FNDA:4,validate
FNDA:2,getTouched
FNDA:7,getDirty
FNDA:2,getError
FNDA:3,read
FNDA:2,subscribe
FNDA:2,watch
FNDA:3,destroy
FNDA:1,on
FNDA:0,addMiddleware
FNDA:4,addValidator
FNDA:0,useRezendForm
DA:1,1
DA:2,1
DA:3,1
DA:4,1
DA:5,1
DA:6,1
DA:7,1
DA:8,1
DA:9,1
DA:10,1
DA:11,1
DA:12,1
DA:13,1
DA:14,1
DA:15,1
DA:16,1
DA:17,1
DA:18,1
DA:19,1
DA:20,1
DA:21,1
DA:22,1
DA:23,1
DA:24,1
DA:25,1
DA:26,1
DA:27,1
DA:28,1
DA:29,1
DA:30,1
DA:31,1
DA:32,1
DA:33,1
DA:34,1
DA:35,1
DA:36,1
DA:37,1
DA:38,1
DA:39,1
DA:40,1
DA:41,1
DA:42,1
DA:43,1
DA:44,1
DA:45,1
DA:46,1
DA:47,1
DA:48,1
DA:49,1
DA:50,1
DA:51,1
DA:52,1
DA:53,1
DA:54,1
DA:55,1
DA:56,1
DA:57,1
DA:58,1
DA:59,1
DA:60,1
DA:61,1
DA:62,1
DA:63,1
DA:64,1
DA:65,1
DA:66,1
DA:67,1
DA:68,1
DA:69,1
DA:70,1
DA:71,1
DA:72,1
DA:73,1
DA:74,1
DA:75,1
DA:76,1
DA:77,1
DA:78,1
DA:79,1
DA:80,1
DA:81,1
DA:82,1
DA:83,1
DA:84,1
DA:85,1
DA:86,1
DA:87,1
DA:88,1
DA:89,1
DA:90,1
DA:91,1
DA:92,1
DA:93,1
DA:94,1
DA:95,1
DA:96,1
DA:97,1
DA:98,1
DA:99,1
DA:100,1
DA:101,1
DA:102,1
DA:103,1
DA:104,1
DA:105,1
DA:106,1
DA:107,1
DA:108,1
DA:109,1
DA:110,1
DA:111,1
DA:112,1
DA:113,1
DA:114,1
DA:115,1
DA:116,1
DA:117,1
DA:118,1
DA:119,1
DA:120,1
DA:121,1
DA:122,1
DA:123,1
DA:124,1
DA:125,1
DA:126,1
DA:127,1
DA:128,1
DA:129,1
DA:130,1
DA:131,1
DA:132,1
DA:133,1
DA:134,1
DA:135,1
DA:136,1
DA:137,1
DA:138,1
DA:139,1
DA:140,1
DA:141,1
DA:142,1
DA:143,1
DA:144,1
DA:145,1
DA:146,1
DA:147,1
DA:148,1
DA:149,1
DA:150,1
DA:151,1
DA:152,1
DA:153,1
DA:154,1
DA:155,1
DA:156,1
DA:157,1
DA:158,1
DA:159,1
DA:160,1
DA:161,1
DA:162,1
DA:163,1
DA:164,1
DA:165,1
DA:166,1
DA:167,1
DA:168,1
DA:169,1
DA:170,1
DA:171,1
DA:172,1
DA:173,1
DA:174,1
DA:175,1
DA:176,1
DA:177,1
DA:178,1
DA:179,1
DA:180,1
DA:181,1
DA:182,1
DA:183,1
DA:184,1
DA:185,1
DA:186,1
DA:187,1
DA:188,1
DA:189,1
DA:190,1
DA:191,1
DA:192,1
DA:193,1
DA:194,1
DA:195,1
DA:196,1
DA:197,1
DA:198,1
DA:199,1
DA:200,1
DA:201,1
DA:202,1
DA:203,1
DA:204,1
DA:205,1
DA:206,1
DA:207,1
DA:208,1
DA:209,1
DA:210,1
DA:211,1
DA:212,1
DA:213,1
DA:214,1
DA:215,1
DA:216,1
DA:217,3
DA:218,3
DA:219,2
DA:220,2
DA:221,1
DA:222,1
DA:223,1
DA:224,0
DA:225,0
DA:226,1
DA:227,1
DA:228,1
DA:229,1
DA:230,15
DA:231,15
DA:232,15
DA:233,10
DA:234,10
DA:235,5
DA:236,5
DA:237,5
DA:238,5
DA:239,5
DA:240,15
DA:241,51
DA:242,51
DA:243,4
DA:244,2
DA:245,2
DA:246,2
DA:247,4
DA:248,4
DA:249,47
DA:250,51
DA:251,2
DA:252,2
DA:253,2
DA:254,2
DA:255,2
DA:256,2
DA:257,2
DA:258,45
DA:259,51
DA:260,2
DA:261,2
DA:262,2
DA:263,2
DA:264,2
DA:265,2
DA:266,2
DA:267,43
DA:268,43
DA:269,43
DA:270,5
DA:271,5
DA:272,5
DA:273,5
DA:274,5
DA:275,5
DA:276,5
DA:277,15
DA:278,0
DA:279,0
DA:280,0
DA:281,0
DA:282,0
DA:283,5
DA:284,5
DA:285,1
DA:286,1
DA:287,1
DA:288,1
DA:289,12
DA:290,12
DA:291,2
DA:292,2
DA:293,10
DA:294,10
DA:295,12
DA:296,2
DA:297,2
DA:298,8
DA:299,12
DA:300,1
DA:301,1
DA:302,7
DA:303,7
DA:304,7
DA:305,1
DA:306,1
DA:307,1
DA:308,1
DA:309,3
DA:310,3
DA:311,3
DA:312,8
DA:313,1
DA:314,1
DA:315,8
DA:316,8
DA:317,2
DA:318,8
DA:319,5
DA:320,5
DA:321,0
DA:322,0
DA:323,8
DA:324,2
DA:325,2
DA:326,1
DA:327,1
DA:328,1
DA:329,1
DA:330,13
DA:331,13
DA:332,13
DA:333,13
DA:334,13
DA:335,13
DA:336,1
DA:337,1
DA:338,12
DA:339,12
DA:340,12
DA:341,12
DA:342,12
DA:343,13
DA:344,2
DA:345,2
DA:346,2
DA:347,2
DA:348,2
DA:349,0
DA:350,0
DA:351,0
DA:352,0
DA:353,0
DA:354,0
DA:355,0
DA:356,0
DA:357,0
DA:358,0
DA:359,2
DA:360,2
DA:361,2
DA:362,2
DA:363,1
DA:364,1
DA:365,1
DA:366,1
DA:367,1
DA:368,10
DA:369,13
DA:370,0
DA:371,0
DA:372,10
DA:373,10
DA:374,13
DA:375,13
DA:376,13
DA:377,6
DA:378,6
DA:379,6
DA:380,6
DA:381,6
DA:382,3
DA:383,3
DA:384,3
DA:385,3
DA:386,3
DA:387,4
DA:388,13
DA:389,13
DA:390,13
DA:391,2
DA:392,2
DA:393,2
DA:394,2
DA:395,2
DA:396,1
DA:397,1
DA:398,5
DA:399,5
DA:400,0
DA:401,0
DA:402,0
DA:403,0
DA:404,0
DA:405,0
DA:406,5
DA:407,1
DA:408,1
DA:409,11
DA:410,11
DA:411,11
DA:412,11
DA:413,11
DA:414,11
DA:415,11
DA:416,11
DA:417,4
DA:418,4
DA:419,4
DA:420,4
DA:421,11
DA:422,1
DA:423,1
DA:424,1
DA:425,1
DA:426,28
DA:427,28
DA:428,27
DA:429,27
DA:430,1
DA:431,1
DA:432,1
DA:433,1
DA:434,1
DA:435,1
DA:436,1
DA:437,1
DA:438,1
DA:439,1
DA:440,1
DA:441,1
DA:442,1
DA:443,1
DA:444,1
DA:445,14
DA:446,14
DA:447,14
DA:448,14
DA:449,14
DA:450,14
DA:451,14
DA:452,14
DA:453,14
DA:454,14
DA:455,14
DA:456,14
DA:457,14
DA:458,14
DA:459,14
DA:460,14
DA:461,14
DA:462,14
DA:463,14
DA:464,2
DA:465,14
DA:466,14
DA:467,1
DA:468,14
DA:469,14
DA:470,0
DA:471,0
DA:472,14
DA:473,14
DA:474,14
DA:475,13
DA:476,13
DA:477,1
DA:478,1
DA:479,1
DA:480,1
DA:481,1
DA:482,1
DA:483,1
DA:484,1
DA:485,1
DA:486,1
DA:487,1
DA:488,13
DA:489,13
DA:490,13
DA:491,13
DA:492,11
DA:493,11
DA:494,11
DA:495,11
DA:496,11
DA:497,13
DA:498,14
DA:499,14
DA:500,14
DA:501,52
DA:502,52
DA:503,51
DA:504,51
DA:505,1
DA:506,1
DA:507,1
DA:508,1
DA:509,1
DA:510,1
DA:511,14
DA:512,14
DA:513,14
DA:514,28
DA:515,28
DA:516,28
DA:517,28
DA:518,28
DA:519,28
DA:520,28
DA:521,28
DA:522,28
DA:523,28
DA:524,28
DA:525,28
DA:526,28
DA:527,28
DA:528,28
DA:529,28
DA:530,28
DA:531,28
DA:532,28
DA:533,28
DA:534,28
DA:535,28
DA:536,26
DA:537,26
DA:538,26
DA:539,26
DA:540,26
DA:541,8
DA:542,8
DA:543,26
DA:544,13
DA:545,13
DA:546,13
DA:547,26
DA:548,26
DA:549,28
DA:550,28
DA:551,28
DA:552,28
DA:553,28
DA:554,14
DA:555,14
DA:556,14
DA:557,4
DA:558,4
DA:559,4
DA:560,4
DA:561,4
DA:562,4
DA:563,14
DA:564,14
DA:565,14
DA:566,4
DA:567,4
DA:568,4
DA:569,1
DA:570,4
DA:571,14
DA:572,14
DA:573,14
DA:574,4
DA:575,4
DA:576,4
DA:577,4
DA:578,4
DA:579,4
DA:580,14
DA:581,14
DA:582,14
DA:583,6
DA:584,5
DA:585,5
DA:586,5
DA:587,1
DA:588,1
DA:589,1
DA:590,1
DA:591,1
DA:592,1
DA:593,4
DA:594,5
DA:595,5
DA:596,5
DA:597,5
DA:598,5
DA:599,5
DA:600,5
DA:601,5
DA:602,4
DA:603,4
DA:604,2
DA:605,2
DA:606,2
DA:607,0
DA:608,0
DA:609,2
DA:610,2
DA:611,2
DA:612,2
DA:613,2
DA:614,4
DA:615,1
DA:616,1
DA:617,1
DA:618,4
DA:619,4
DA:620,5
DA:621,2
DA:622,2
DA:623,0
DA:624,0
DA:625,2
DA:626,2
DA:627,2
DA:628,2
DA:629,2
DA:630,2
DA:631,2
DA:632,2
DA:633,2
DA:634,2
DA:635,5
DA:636,5
DA:637,5
DA:638,5
DA:639,1
DA:640,1
DA:641,1
DA:642,1
DA:643,1
DA:644,1
DA:645,1
DA:646,1
DA:647,1
DA:648,1
DA:649,1
DA:650,1
DA:651,1
DA:652,0
DA:653,0
DA:654,6
DA:655,6
DA:656,0
DA:657,0
DA:658,0
DA:659,14
DA:660,14
DA:661,14
DA:662,14
DA:663,15
DA:664,15
DA:665,15
DA:666,15
DA:667,15
DA:668,15
DA:669,15
DA:670,1
DA:671,15
DA:672,14
DA:673,14
DA:674,14
DA:675,14
DA:676,14
DA:677,14
DA:678,14
DA:679,14
DA:680,14
DA:681,14
DA:682,14
DA:683,15
DA:684,15
DA:685,15
DA:686,15
DA:687,0
DA:688,0
DA:689,0
DA:690,15
DA:691,15
DA:692,9
DA:693,9
DA:694,5
DA:695,5
DA:696,9
DA:697,9
DA:698,9
DA:699,15
DA:700,15
DA:701,0
DA:702,0
DA:703,15
DA:704,15
DA:705,6
DA:706,6
DA:707,15
DA:708,15
DA:709,0
DA:710,0
DA:711,15
DA:712,15
DA:713,15
DA:714,15
DA:715,15
DA:716,3
DA:717,3
DA:718,3
DA:719,3
DA:720,2
DA:721,2
DA:722,2
DA:723,1
DA:724,15
DA:725,15
DA:726,15
DA:727,15
DA:728,14
DA:729,14
DA:730,14
DA:731,3
DA:732,3
DA:733,3
DA:734,0
DA:735,0
DA:736,3
DA:737,1
DA:738,1
DA:739,2
DA:740,2
DA:741,3
DA:742,14
DA:743,14
DA:744,14
DA:745,1
DA:746,1
DA:747,1
DA:748,0
DA:749,0
DA:750,1
DA:751,0
DA:752,0
DA:753,1
DA:754,1
DA:755,1
DA:756,14
DA:757,14
DA:758,14
DA:759,6
DA:760,6
DA:761,6
DA:762,0
DA:763,0
DA:764,6
DA:765,0
DA:766,0
DA:767,6
DA:768,6
DA:769,6
DA:770,6
DA:771,6
DA:772,6
DA:773,0
DA:774,0
DA:775,6
DA:776,6
DA:777,6
DA:778,6
DA:779,6
DA:780,5
DA:781,5
DA:782,6
DA:783,6
DA:784,14
DA:785,14
DA:786,14
DA:787,4
DA:788,4
DA:789,3
DA:790,3
DA:791,4
DA:792,14
DA:793,14
DA:794,14
DA:795,2
DA:796,14
DA:797,14
DA:798,14
DA:799,7
DA:800,14
DA:801,14
DA:802,14
DA:803,2
DA:804,14
DA:805,14
DA:806,14
DA:807,3
DA:808,3
DA:809,3
DA:810,3
DA:811,3
DA:812,3
DA:813,3
DA:814,3
DA:815,3
DA:816,3
DA:817,3
DA:818,3
DA:819,3
DA:820,2
DA:821,2
DA:822,2
DA:823,3
DA:824,3
DA:825,3
DA:826,3
DA:827,3
DA:828,3
DA:829,3
DA:830,3
DA:831,3
DA:832,3
DA:833,3
DA:834,3
DA:835,3
DA:836,3
DA:837,14
DA:838,14
DA:839,14
DA:840,2
DA:841,2
DA:842,2
DA:843,2
DA:844,2
DA:845,2
DA:846,2
DA:847,2
DA:848,2
DA:849,2
DA:850,14
DA:851,14
DA:852,14
DA:853,2
DA:854,2
DA:855,2
DA:856,2
DA:857,2
DA:858,2
DA:859,1
DA:860,2
DA:861,14
DA:862,14
DA:863,14
DA:864,3
DA:865,3
DA:866,4
DA:867,4
DA:868,0
DA:869,0
DA:870,4
DA:871,4
DA:872,4
DA:873,1
DA:874,1
DA:875,1
DA:876,1
DA:877,4
DA:878,3
DA:879,3
DA:880,3
DA:881,3
DA:882,3
DA:883,3
DA:884,3
DA:885,1
DA:886,1
DA:887,3
DA:888,14
DA:889,14
DA:890,14
DA:891,14
DA:892,1
DA:893,1
DA:894,1
DA:895,1
DA:896,1
DA:897,1
DA:898,1
DA:899,0
DA:900,1
DA:901,14
DA:902,14
DA:903,0
DA:904,14
DA:905,14
DA:906,4
DA:907,14
DA:908,14
DA:909,14
DA:910,14
DA:911,14
DA:912,14
DA:913,14
DA:914,14
DA:915,7
DA:916,7
DA:917,4
DA:918,4
DA:919,7
DA:920,14
DA:921,14
DA:922,14
DA:923,1
DA:924,1
DA:925,1
DA:926,1
DA:927,1
DA:928,0
DA:929,0
DA:930,0
LF:930
LH:866
BRDA:217,0,0,3
BRDA:218,1,0,2
BRDA:221,2,0,1
BRDA:224,3,0,0
BRDA:230,4,0,15
BRDA:232,5,0,10
BRDA:235,6,0,5
BRDA:240,7,0,51
BRDA:242,8,0,4
BRDA:242,9,0,4
BRDA:243,10,0,2
BRDA:249,11,0,47
BRDA:250,12,0,2
BRDA:258,13,0,45
BRDA:259,14,0,2
BRDA:267,15,0,43
BRDA:270,16,0,5
BRDA:277,17,0,0
BRDA:283,18,0,5
BRDA:289,19,0,12
BRDA:290,20,0,11
BRDA:290,21,0,2
BRDA:293,22,0,10
BRDA:295,23,0,3
BRDA:295,24,0,3
BRDA:295,25,0,3
BRDA:295,26,0,2
BRDA:298,27,0,8
BRDA:299,28,0,1
BRDA:302,29,0,7
BRDA:303,30,0,11
BRDA:303,31,0,9
BRDA:309,32,0,3
BRDA:311,33,0,8
BRDA:312,34,0,1
BRDA:315,35,0,7
BRDA:315,36,0,2
BRDA:315,37,0,5
BRDA:316,38,0,2
BRDA:318,39,0,5
BRDA:320,40,0,0
BRDA:324,41,0,2
BRDA:330,42,0,13
BRDA:335,43,0,1
BRDA:338,44,0,12
BRDA:343,45,0,2
BRDA:343,46,0,2
BRDA:348,47,0,0
BRDA:360,48,0,0
BRDA:362,49,0,1
BRDA:368,50,0,10
BRDA:369,51,0,0
BRDA:372,52,0,10
BRDA:374,53,0,9
BRDA:374,54,0,1
BRDA:376,55,0,6
BRDA:379,56,0,1
BRDA:380,57,0,5
BRDA:381,58,0,3
BRDA:387,59,0,4
BRDA:388,60,0,1
BRDA:388,61,0,0
BRDA:388,62,0,0
BRDA:390,63,0,2
BRDA:398,64,0,5
BRDA:399,65,0,0
BRDA:409,66,0,11
BRDA:416,67,0,4
BRDA:426,68,0,28
BRDA:427,69,0,27
BRDA:430,70,0,1
BRDA:431,71,0,1
BRDA:445,72,0,14
BRDA:451,73,0,13
BRDA:914,74,0,8
BRDA:914,75,0,7
BRDA:916,76,0,4
BRDA:463,77,0,2
BRDA:464,78,0,0
BRDA:466,79,0,1
BRDA:467,80,0,0
BRDA:474,81,0,13
BRDA:476,82,0,1
BRDA:491,83,0,11
BRDA:480,84,0,1
BRDA:500,85,0,52
BRDA:502,86,0,1
BRDA:502,87,0,51
BRDA:505,88,0,1
BRDA:513,89,0,28
BRDA:529,90,0,28
BRDA:532,91,0,8
BRDA:532,92,0,20
BRDA:535,93,0,26
BRDA:540,94,0,8
BRDA:543,95,0,13
BRDA:556,96,0,4
BRDA:565,97,0,4
BRDA:568,98,0,1
BRDA:573,99,0,4
BRDA:582,100,0,6
BRDA:583,101,0,5
BRDA:586,102,0,4
BRDA:586,103,0,1
BRDA:593,104,0,4
BRDA:594,105,0,1
BRDA:594,106,0,3
BRDA:601,107,0,4
BRDA:603,108,0,2
BRDA:614,109,0,1
BRDA:614,110,0,1
BRDA:616,111,0,0
BRDA:620,112,0,2
BRDA:635,113,0,1
BRDA:635,114,0,1
BRDA:635,115,0,0
BRDA:639,116,0,1
BRDA:652,117,0,0
BRDA:655,118,0,0
BRDA:605,119,0,2
BRDA:606,120,0,0
BRDA:621,121,0,2
BRDA:622,122,0,0
BRDA:626,123,0,1
BRDA:627,124,0,1
BRDA:627,125,0,1
BRDA:627,126,0,0
BRDA:625,127,0,2
BRDA:641,128,0,2
BRDA:642,129,0,1
BRDA:643,130,0,1
BRDA:645,131,0,0
BRDA:644,132,0,2
BRDA:662,133,0,15
BRDA:663,134,0,15
BRDA:665,135,0,10
BRDA:665,136,0,0
BRDA:665,137,0,10
BRDA:666,138,0,6
BRDA:666,139,0,0
BRDA:669,140,0,1
BRDA:671,141,0,14
BRDA:686,142,0,0
BRDA:691,143,0,9
BRDA:691,144,0,0
BRDA:691,145,0,9
BRDA:693,146,0,5
BRDA:700,147,0,5
BRDA:700,148,0,0
BRDA:704,149,0,10
BRDA:704,150,0,6
BRDA:708,151,0,0
BRDA:715,152,0,3
BRDA:716,153,0,3
BRDA:719,154,0,2
BRDA:723,155,0,1
BRDA:730,156,0,3
BRDA:731,157,0,3
BRDA:733,158,0,0
BRDA:736,159,0,1
BRDA:739,160,0,2
BRDA:744,161,0,1
BRDA:745,162,0,1
BRDA:747,163,0,0
BRDA:750,164,0,0
BRDA:758,165,0,6
BRDA:759,166,0,6
BRDA:761,167,0,0
BRDA:764,168,0,0
BRDA:772,169,0,0
BRDA:772,170,0,0
BRDA:779,171,0,5
BRDA:786,172,0,4
BRDA:788,173,0,3
BRDA:794,174,0,2
BRDA:795,175,0,0
BRDA:798,176,0,7
BRDA:799,177,0,0
BRDA:802,178,0,2
BRDA:803,179,0,1
BRDA:806,180,0,3
BRDA:819,181,0,2
BRDA:825,182,0,1
BRDA:839,183,0,2
BRDA:847,184,0,2
BRDA:852,185,0,2
BRDA:858,186,0,1
BRDA:863,187,0,3
BRDA:865,188,0,4
BRDA:867,189,0,0
BRDA:872,190,0,1
BRDA:884,191,0,1
BRDA:891,192,0,1
BRDA:905,193,0,4
BRF:194
BRH:159
end_of_record
