TN:
SF:packages/core/src/index.ts
FN:192,parsePath
FN:251,getAtPath
FN:272,setAtPath
FN:306,notifySubscribers
FN:319,composeMiddleware
FN:330,createFormStore
FN:343,getTouched
FN:346,getDirty
FN:349,getError
FN:354,emitEvent
FN:367,runMutation
FN:383,base
FN:397,ensureValidatorEntry
FN:406,addValidatorInternal
FN:414,getValidationBucket
FN:423,performValidation
FN:499,register
FN:533,cleanup
FN:548,markTouched
FN:562,markDirty
FN:576,setControlledValue
FN:595,validate
FN:603,getTouched
FN:607,getDirty
FN:611,getError
FN:615,read
FN:634,subscribe
FN:649,on
FN:660,addMiddleware
FN:663,addValidator
FN:684,useRezendForm
FNF:31
FNH:18
FNDA:2,parsePath
FNDA:2,getAtPath
FNDA:3,setAtPath
FNDA:9,notifySubscribers
FNDA:10,composeMiddleware
FNDA:3,createFormStore
FNDA:2,getTouched
FNDA:0,getDirty
FNDA:0,getError
FNDA:13,emitEvent
FNDA:10,runMutation
FNDA:10,base
FNDA:0,ensureValidatorEntry
FNDA:0,addValidatorInternal
FNDA:0,getValidationBucket
FNDA:0,performValidation
FNDA:3,register
FNDA:1,cleanup
FNDA:3,markTouched
FNDA:1,markDirty
FNDA:2,setControlledValue
FNDA:0,validate
FNDA:2,getTouched
FNDA:5,getDirty
FNDA:0,getError
FNDA:0,read
FNDA:1,subscribe
FNDA:0,on
FNDA:0,addMiddleware
FNDA:0,addValidator
FNDA:0,useRezendForm
DA:1,1
DA:2,1
DA:3,1
DA:4,1
DA:5,1
DA:6,1
DA:7,1
DA:8,1
DA:9,1
DA:10,1
DA:11,1
DA:12,1
DA:13,1
DA:14,1
DA:15,1
DA:16,1
DA:17,1
DA:18,1
DA:19,1
DA:20,1
DA:21,1
DA:22,1
DA:23,1
DA:24,1
DA:25,1
DA:26,1
DA:27,1
DA:28,1
DA:29,1
DA:30,1
DA:31,1
DA:32,1
DA:33,1
DA:34,1
DA:35,1
DA:36,1
DA:37,1
DA:38,1
DA:39,1
DA:40,1
DA:41,1
DA:42,1
DA:43,1
DA:44,1
DA:45,1
DA:46,1
DA:47,1
DA:48,1
DA:49,1
DA:50,1
DA:51,1
DA:52,1
DA:53,1
DA:54,1
DA:55,1
DA:56,1
DA:57,1
DA:58,1
DA:59,1
DA:60,1
DA:61,1
DA:62,1
DA:63,1
DA:64,1
DA:65,1
DA:66,1
DA:67,1
DA:68,1
DA:69,1
DA:70,1
DA:71,1
DA:72,1
DA:73,1
DA:74,1
DA:75,1
DA:76,1
DA:77,1
DA:78,1
DA:79,1
DA:80,1
DA:81,1
DA:82,1
DA:83,1
DA:84,1
DA:85,1
DA:86,1
DA:87,1
DA:88,1
DA:89,1
DA:90,1
DA:91,1
DA:92,1
DA:93,1
DA:94,1
DA:95,1
DA:96,1
DA:97,1
DA:98,1
DA:99,1
DA:100,1
DA:101,1
DA:102,1
DA:103,1
DA:104,1
DA:105,1
DA:106,1
DA:107,1
DA:108,1
DA:109,1
DA:110,1
DA:111,1
DA:112,1
DA:113,1
DA:114,1
DA:115,1
DA:116,1
DA:117,1
DA:118,1
DA:119,1
DA:120,1
DA:121,1
DA:122,1
DA:123,1
DA:124,1
DA:125,1
DA:126,1
DA:127,1
DA:128,1
DA:129,1
DA:130,1
DA:131,1
DA:132,1
DA:133,1
DA:134,1
DA:135,1
DA:136,1
DA:137,1
DA:138,1
DA:139,1
DA:140,1
DA:141,1
DA:142,1
DA:143,1
DA:144,1
DA:145,1
DA:146,1
DA:147,1
DA:148,1
DA:149,1
DA:150,1
DA:151,1
DA:152,1
DA:153,1
DA:154,1
DA:155,1
DA:156,1
DA:157,1
DA:158,1
DA:159,1
DA:160,1
DA:161,1
DA:162,1
DA:163,1
DA:164,1
DA:165,1
DA:166,1
DA:167,1
DA:168,1
DA:169,1
DA:170,1
DA:171,1
DA:172,1
DA:173,1
DA:174,1
DA:175,1
DA:176,1
DA:177,1
DA:178,1
DA:179,1
DA:180,1
DA:181,1
DA:182,1
DA:183,1
DA:184,1
DA:185,1
DA:186,1
DA:187,1
DA:188,1
DA:189,1
DA:190,1
DA:191,1
DA:192,2
DA:193,2
DA:194,2
DA:195,0
DA:196,0
DA:197,2
DA:198,2
DA:199,2
DA:200,2
DA:201,2
DA:202,2
DA:203,26
DA:204,26
DA:205,2
DA:206,0
DA:207,0
DA:208,0
DA:209,2
DA:210,2
DA:211,24
DA:212,26
DA:213,2
DA:214,2
DA:215,2
DA:216,2
DA:217,2
DA:218,2
DA:219,2
DA:220,22
DA:221,26
DA:222,2
DA:223,2
DA:224,2
DA:225,2
DA:226,2
DA:227,2
DA:228,2
DA:229,20
DA:230,20
DA:231,20
DA:232,2
DA:233,2
DA:234,2
DA:235,2
DA:236,2
DA:237,2
DA:238,2
DA:239,2
DA:240,0
DA:241,0
DA:242,0
DA:243,0
DA:244,0
DA:245,2
DA:246,2
DA:247,1
DA:248,1
DA:249,1
DA:250,1
DA:251,2
DA:252,2
DA:253,2
DA:254,6
DA:255,0
DA:256,0
DA:257,6
DA:258,6
DA:259,2
DA:260,6
DA:261,4
DA:262,4
DA:263,0
DA:264,0
DA:265,6
DA:266,2
DA:267,2
DA:268,1
DA:269,1
DA:270,1
DA:271,1
DA:272,3
DA:273,3
DA:274,3
DA:275,3
DA:276,3
DA:277,3
DA:278,0
DA:279,0
DA:280,3
DA:281,3
DA:282,3
DA:283,3
DA:284,3
DA:285,3
DA:286,3
DA:287,3
DA:288,1
DA:289,1
DA:290,0
DA:291,0
DA:292,1
DA:293,1
DA:294,1
DA:295,2
DA:296,3
DA:297,3
DA:298,3
DA:299,0
DA:300,0
DA:301,2
DA:302,2
DA:303,2
DA:304,1
DA:305,1
DA:306,9
DA:307,9
DA:308,1
DA:309,1
DA:310,1
DA:311,1
DA:312,1
DA:313,1
DA:314,9
DA:315,1
DA:316,1
DA:317,1
DA:318,1
DA:319,10
DA:320,10
DA:321,10
DA:322,10
DA:323,0
DA:324,0
DA:325,0
DA:326,1
DA:327,1
DA:328,1
DA:329,1
DA:330,3
DA:331,3
DA:332,3
DA:333,3
DA:334,3
DA:335,3
DA:336,3
DA:337,3
DA:338,3
DA:339,3
DA:340,3
DA:341,3
DA:342,3
DA:343,3
DA:344,2
DA:345,3
DA:346,3
DA:347,0
DA:348,3
DA:349,3
DA:350,0
DA:351,0
DA:352,3
DA:353,3
DA:354,3
DA:355,13
DA:356,13
DA:357,13
DA:358,13
DA:359,0
DA:360,0
DA:361,0
DA:362,0
DA:363,0
DA:364,0
DA:365,3
DA:366,3
DA:367,3
DA:368,10
DA:369,10
DA:370,10
DA:371,10
DA:372,10
DA:373,10
DA:374,10
DA:375,10
DA:376,10
DA:377,10
DA:378,10
DA:379,10
DA:380,10
DA:381,10
DA:382,10
DA:383,10
DA:384,10
DA:385,10
DA:386,10
DA:387,9
DA:388,9
DA:389,9
DA:390,10
DA:391,10
DA:392,10
DA:393,10
DA:394,10
DA:395,3
DA:396,3
DA:397,3
DA:398,0
DA:399,0
DA:400,0
DA:401,0
DA:402,0
DA:403,0
DA:404,3
DA:405,3
DA:406,3
DA:407,0
DA:408,0
DA:409,0
DA:410,0
DA:411,0
DA:412,3
DA:413,3
DA:414,3
DA:415,0
DA:416,0
DA:417,0
DA:418,0
DA:419,0
DA:420,0
DA:421,3
DA:422,3
DA:423,3
DA:424,0
DA:425,0
DA:426,0
DA:427,0
DA:428,0
DA:429,0
DA:430,0
DA:431,0
DA:432,0
DA:433,0
DA:434,0
DA:435,0
DA:436,0
DA:437,0
DA:438,0
DA:439,0
DA:440,0
DA:441,0
DA:442,0
DA:443,0
DA:444,0
DA:445,0
DA:446,0
DA:447,0
DA:448,0
DA:449,0
DA:450,0
DA:451,0
DA:452,0
DA:453,0
DA:454,0
DA:455,0
DA:456,0
DA:457,0
DA:458,0
DA:459,0
DA:460,0
DA:461,0
DA:462,0
DA:463,0
DA:464,0
DA:465,0
DA:466,0
DA:467,0
DA:468,0
DA:469,0
DA:470,0
DA:471,0
DA:472,0
DA:473,0
DA:474,0
DA:475,0
DA:476,0
DA:477,0
DA:478,0
DA:479,0
DA:480,0
DA:481,0
DA:482,0
DA:483,0
DA:484,0
DA:485,0
DA:486,0
DA:487,0
DA:488,0
DA:489,0
DA:490,0
DA:491,0
DA:492,0
DA:493,0
DA:494,0
DA:495,0
DA:496,3
DA:497,3
DA:498,3
DA:499,3
DA:500,3
DA:501,3
DA:502,3
DA:503,3
DA:504,3
DA:505,3
DA:506,3
DA:507,3
DA:508,3
DA:509,3
DA:510,3
DA:511,3
DA:512,3
DA:513,3
DA:514,3
DA:515,3
DA:516,3
DA:517,3
DA:518,0
DA:519,0
DA:520,0
DA:521,3
DA:522,2
DA:523,2
DA:524,1
DA:525,1
DA:526,2
DA:527,3
DA:528,0
DA:529,0
DA:530,3
DA:531,3
DA:532,3
DA:533,3
DA:534,1
DA:535,1
DA:536,1
DA:537,1
DA:538,1
DA:539,1
DA:540,1
DA:541,1
DA:542,3
DA:543,3
DA:544,3
DA:545,3
DA:546,3
DA:547,3
DA:548,3
DA:549,3
DA:550,3
DA:551,3
DA:552,0
DA:553,0
DA:554,3
DA:555,1
DA:556,1
DA:557,2
DA:558,2
DA:559,3
DA:560,3
DA:561,3
DA:562,3
DA:563,1
DA:564,1
DA:565,1
DA:566,0
DA:567,0
DA:568,1
DA:569,0
DA:570,0
DA:571,1
DA:572,1
DA:573,1
DA:574,3
DA:575,3
DA:576,3
DA:577,2
DA:578,2
DA:579,2
DA:580,0
DA:581,0
DA:582,2
DA:583,0
DA:584,0
DA:585,2
DA:586,2
DA:587,2
DA:588,0
DA:589,0
DA:590,2
DA:591,2
DA:592,2
DA:593,3
DA:594,3
DA:595,3
DA:596,0
DA:597,0
DA:598,0
DA:599,0
DA:600,0
DA:601,3
DA:602,3
DA:603,3
DA:604,2
DA:605,3
DA:606,3
DA:607,3
DA:608,5
DA:609,3
DA:610,3
DA:611,3
DA:612,0
DA:613,3
DA:614,3
DA:615,3
DA:616,0
DA:617,0
DA:618,0
DA:619,0
DA:620,0
DA:621,0
DA:622,0
DA:623,0
DA:624,0
DA:625,0
DA:626,0
DA:627,0
DA:628,0
DA:629,0
DA:630,0
DA:631,0
DA:632,3
DA:633,3
DA:634,3
DA:635,1
DA:636,1
DA:637,1
DA:638,1
DA:639,1
DA:640,1
DA:641,1
DA:642,1
DA:643,1
DA:644,1
DA:645,1
DA:646,3
DA:647,3
DA:648,3
DA:649,3
DA:650,0
DA:651,0
DA:652,0
DA:653,0
DA:654,0
DA:655,0
DA:656,0
DA:657,0
DA:658,0
DA:659,3
DA:660,3
DA:661,0
DA:662,3
DA:663,3
DA:664,0
DA:665,3
DA:666,3
DA:667,3
DA:668,3
DA:669,3
DA:670,3
DA:671,0
DA:672,0
DA:673,0
DA:674,0
DA:675,0
DA:676,3
DA:677,3
DA:678,3
DA:679,1
DA:680,1
DA:681,1
DA:682,1
DA:683,1
DA:684,0
DA:685,0
DA:686,0
LF:686
LH:507
BRDA:192,0,0,2
BRDA:194,1,0,0
BRDA:202,2,0,26
BRDA:204,3,0,2
BRDA:204,4,0,2
BRDA:205,5,0,0
BRDA:211,6,0,24
BRDA:212,7,0,2
BRDA:220,8,0,22
BRDA:221,9,0,2
BRDA:229,10,0,20
BRDA:239,11,0,0
BRDA:251,12,0,2
BRDA:253,13,0,6
BRDA:254,14,0,0
BRDA:257,15,0,2
BRDA:257,16,0,4
BRDA:258,17,0,2
BRDA:260,18,0,4
BRDA:262,19,0,0
BRDA:272,20,0,3
BRDA:277,21,0,0
BRDA:283,22,0,1
BRDA:283,23,0,2
BRDA:284,24,0,1
BRDA:284,25,0,1
BRDA:284,26,0,2
BRDA:287,27,0,1
BRDA:288,28,0,0
BRDA:289,29,0,0
BRDA:295,30,0,2
BRDA:296,31,0,0
BRDA:298,32,0,0
BRDA:301,33,0,2
BRDA:306,34,0,9
BRDA:307,35,0,1
BRDA:319,36,0,10
BRDA:323,37,0,0
BRDA:330,38,0,3
BRDA:670,39,0,0
BRDA:343,40,0,2
BRDA:344,41,0,0
BRDA:354,42,0,13
BRDA:356,43,0,0
BRDA:359,44,0,0
BRDA:367,45,0,10
BRDA:383,46,0,10
BRDA:386,47,0,9
BRDA:499,48,0,3
BRDA:500,49,0,3
BRDA:502,50,0,2
BRDA:502,51,0,0
BRDA:502,52,0,2
BRDA:503,53,0,1
BRDA:503,54,0,0
BRDA:503,55,0,1
BRDA:509,56,0,0
BRDA:510,57,0,0
BRDA:511,58,0,0
BRDA:513,59,0,0
BRDA:517,60,0,0
BRDA:521,61,0,2
BRDA:523,62,0,1
BRDA:527,63,0,0
BRDA:533,64,0,1
BRDA:534,65,0,1
BRDA:548,66,0,3
BRDA:549,67,0,3
BRDA:551,68,0,0
BRDA:554,69,0,1
BRDA:557,70,0,2
BRDA:562,71,0,1
BRDA:563,72,0,1
BRDA:565,73,0,0
BRDA:568,74,0,0
BRDA:576,75,0,2
BRDA:577,76,0,2
BRDA:579,77,0,0
BRDA:582,78,0,0
BRDA:587,79,0,0
BRDA:603,80,0,2
BRDA:604,81,0,0
BRDA:607,82,0,5
BRDA:608,83,0,0
BRDA:634,84,0,1
BRDA:642,85,0,1
BRF:86
BRH:55
end_of_record
